<?xml version="1.0" encoding="UTF-8"?>
<robot generator="Robot 5.0.1 (Python 3.10.6 on win32)" generated="20220823 11:40:57.872" rpa="false" schemaversion="3">
<suite id="s1" name="Suites">
<suite id="s1-s1" name="ImplicitWaitTest" source="C:\Users\Saurabh\PycharmProjects\Automation\TestCases\ImplicitWaitTest.robot">
<test id="s1-s1-t1" name="RegTest" line="7">
<kw name="Open Browser" library="SeleniumLibrary">
<arg>http://demowebshop.tricentis.com/register</arg>
<arg>Firefox</arg>
<doc>Opens a new browser instance to the optional ``url``.</doc>
<msg timestamp="20220823 11:40:58.154" level="INFO">Opening browser 'Firefox' to base url 'http://demowebshop.tricentis.com/register'.</msg>
<msg timestamp="20220823 11:40:58.156" level="INFO">Firefox driver log is always forced to to: C:\Users\Saurabh\PycharmProjects\Automation\pabot_results\9\geckodriver-1.log</msg>
<status status="PASS" starttime="20220823 11:40:58.154" endtime="20220823 11:41:06.029"/>
</kw>
<kw name="Maximize Browser Window" library="SeleniumLibrary">
<doc>Maximizes current browser window.</doc>
<status status="PASS" starttime="20220823 11:41:06.031" endtime="20220823 11:41:06.310"/>
</kw>
<kw name="Get Selenium Implicit Wait" library="SeleniumLibrary">
<var>${ImplicitTime}</var>
<doc>Gets the implicit wait value used by Selenium.</doc>
<msg timestamp="20220823 11:41:06.314" level="INFO">${ImplicitTime} = 0 seconds</msg>
<status status="PASS" starttime="20220823 11:41:06.312" endtime="20220823 11:41:06.314"/>
</kw>
<kw name="Log To Console" library="BuiltIn">
<arg>${ImplicitTime}</arg>
<doc>Logs the given message to the console.</doc>
<status status="PASS" starttime="20220823 11:41:06.317" endtime="20220823 11:41:06.318"/>
</kw>
<kw name="Set Selenium Implicit Wait" library="SeleniumLibrary">
<arg>10</arg>
<doc>Sets the implicit wait value used by Selenium.</doc>
<status status="PASS" starttime="20220823 11:41:06.318" endtime="20220823 11:41:06.323"/>
</kw>
<kw name="Get Selenium Implicit Wait" library="SeleniumLibrary">
<var>${ImplicitTime}</var>
<doc>Gets the implicit wait value used by Selenium.</doc>
<msg timestamp="20220823 11:41:06.325" level="INFO">${ImplicitTime} = 10 seconds</msg>
<status status="PASS" starttime="20220823 11:41:06.324" endtime="20220823 11:41:06.325"/>
</kw>
<kw name="Log To Console" library="BuiltIn">
<arg>${ImplicitTime}</arg>
<doc>Logs the given message to the console.</doc>
<status status="PASS" starttime="20220823 11:41:06.325" endtime="20220823 11:41:06.327"/>
</kw>
<kw name="Select Radio Button" library="SeleniumLibrary">
<arg>Gender</arg>
<arg>M</arg>
<doc>Sets the radio button group ``group_name`` to ``value``.</doc>
<msg timestamp="20220823 11:41:06.329" level="INFO">Selecting 'M' from radio button 'Gender'.</msg>
<status status="PASS" starttime="20220823 11:41:06.328" endtime="20220823 11:41:06.612"/>
</kw>
<kw name="Input Text" library="SeleniumLibrary">
<arg>name:FirstName1</arg>
<arg>David</arg>
<doc>Types the given ``text`` into the text field identified by ``locator``.</doc>
<msg timestamp="20220823 11:41:06.613" level="INFO">Typing text 'David' into text field 'name:FirstName1'.</msg>
<msg timestamp="20220823 11:41:16.692" level="INFO" html="true">&lt;/td&gt;&lt;/tr&gt;&lt;tr&gt;&lt;td colspan="3"&gt;&lt;a href="selenium-screenshot-1.png"&gt;&lt;img src="selenium-screenshot-1.png" width="800px"&gt;&lt;/a&gt;</msg>
<msg timestamp="20220823 11:41:16.693" level="FAIL">Element with locator 'name:FirstName1' not found.</msg>
<status status="FAIL" starttime="20220823 11:41:06.612" endtime="20220823 11:41:16.693"/>
</kw>
<kw name="Input Text" library="SeleniumLibrary">
<arg>name:LastName</arg>
<arg>John</arg>
<doc>Types the given ``text`` into the text field identified by ``locator``.</doc>
<status status="NOT RUN" starttime="20220823 11:41:16.693" endtime="20220823 11:41:16.693"/>
</kw>
<kw name="Input Text" library="SeleniumLibrary">
<arg>name:Email</arg>
<arg>anhc@gmail.com</arg>
<doc>Types the given ``text`` into the text field identified by ``locator``.</doc>
<status status="NOT RUN" starttime="20220823 11:41:16.693" endtime="20220823 11:41:16.693"/>
</kw>
<kw name="Input Text" library="SeleniumLibrary">
<arg>name:Password</arg>
<arg>davidjohn</arg>
<doc>Types the given ``text`` into the text field identified by ``locator``.</doc>
<status status="NOT RUN" starttime="20220823 11:41:16.693" endtime="20220823 11:41:16.693"/>
</kw>
<kw name="Input Text" library="SeleniumLibrary">
<arg>name:ConfirmPassword</arg>
<arg>davidjohn</arg>
<doc>Types the given ``text`` into the text field identified by ``locator``.</doc>
<status status="NOT RUN" starttime="20220823 11:41:16.693" endtime="20220823 11:41:16.693"/>
</kw>
<status status="FAIL" starttime="20220823 11:40:58.153" endtime="20220823 11:41:16.693">Element with locator 'name:FirstName1' not found.</status>
</test>
<status status="FAIL" starttime="20220823 11:40:57.901" endtime="20220823 11:41:16.693"/>
</suite>
<status status="FAIL" starttime="20220823 11:40:57.883" endtime="20220823 11:41:16.693"/>
</suite>
<statistics>
<total>
<stat pass="0" fail="1" skip="0">All Tests</stat>
</total>
<tag>
</tag>
<suite>
<stat pass="0" fail="1" skip="0" id="s1" name="Suites">Suites</stat>
<stat pass="0" fail="1" skip="0" id="s1-s1" name="ImplicitWaitTest">Suites.ImplicitWaitTest</stat>
</suite>
</statistics>
<errors>
</errors>
</robot>
