<?xml version="1.0" encoding="UTF-8"?>
<robot generator="Robot 5.0.1 (Python 3.10.6 on win32)" generated="20220823 11:41:26.781" rpa="false" schemaversion="3">
<suite id="s1" name="Suites">
<suite id="s1-s1" name="NavigationKeyword" source="C:\Users\Saurabh\PycharmProjects\Automation\TestCases\NavigationKeyword.robot">
<test id="s1-s1-t1" name="NavigationalTest" line="7">
<kw name="Open Browser" library="SeleniumLibrary">
<arg>https://www.google.co.in/</arg>
<arg>chrome</arg>
<doc>Opens a new browser instance to the optional ``url``.</doc>
<msg timestamp="20220823 11:41:27.649" level="INFO">Opening browser 'chrome' to base url 'https://www.google.co.in/'.</msg>
<status status="PASS" starttime="20220823 11:41:27.649" endtime="20220823 11:41:33.823"/>
</kw>
<kw name="Get Location" library="SeleniumLibrary">
<var>${loc1}</var>
<doc>Returns the current browser window URL.</doc>
<msg timestamp="20220823 11:41:33.832" level="INFO">${loc1} = https://www.google.co.in/</msg>
<status status="PASS" starttime="20220823 11:41:33.824" endtime="20220823 11:41:33.832"/>
</kw>
<kw name="Log To Console" library="BuiltIn">
<arg>${loc1}</arg>
<doc>Logs the given message to the console.</doc>
<status status="PASS" starttime="20220823 11:41:33.832" endtime="20220823 11:41:33.833"/>
</kw>
<kw name="Go To" library="SeleniumLibrary">
<arg>https://www.bing.com/</arg>
<doc>Navigates the current browser window to the provided ``url``.</doc>
<msg timestamp="20220823 11:41:33.834" level="INFO">Opening url 'https://www.bing.com/'</msg>
<status status="PASS" starttime="20220823 11:41:33.834" endtime="20220823 11:41:34.271"/>
</kw>
<kw name="Get Location" library="SeleniumLibrary">
<var>${loc2}</var>
<doc>Returns the current browser window URL.</doc>
<msg timestamp="20220823 11:41:34.289" level="INFO">${loc2} = https://www.bing.com/</msg>
<status status="PASS" starttime="20220823 11:41:34.271" endtime="20220823 11:41:34.289"/>
</kw>
<kw name="Log To Console" library="BuiltIn">
<arg>${loc2}</arg>
<doc>Logs the given message to the console.</doc>
<status status="PASS" starttime="20220823 11:41:34.289" endtime="20220823 11:41:34.289"/>
</kw>
<kw name="Sleep" library="BuiltIn">
<arg>3</arg>
<doc>Pauses the test executed for the given time.</doc>
<msg timestamp="20220823 11:41:37.304" level="INFO">Slept 3 seconds</msg>
<status status="PASS" starttime="20220823 11:41:34.289" endtime="20220823 11:41:37.305"/>
</kw>
<kw name="Go Back" library="SeleniumLibrary">
<doc>Simulates the user clicking the back button on their browser.</doc>
<status status="PASS" starttime="20220823 11:41:37.306" endtime="20220823 11:41:37.453"/>
</kw>
<kw name="Get Location" library="SeleniumLibrary">
<var>${loc1}</var>
<doc>Returns the current browser window URL.</doc>
<msg timestamp="20220823 11:41:37.468" level="INFO">${loc1} = https://www.google.co.in/</msg>
<status status="PASS" starttime="20220823 11:41:37.453" endtime="20220823 11:41:37.469"/>
</kw>
<kw name="Log To Console" library="BuiltIn">
<arg>${loc1}</arg>
<doc>Logs the given message to the console.</doc>
<status status="PASS" starttime="20220823 11:41:37.469" endtime="20220823 11:41:37.469"/>
</kw>
<kw name="Sleep" library="BuiltIn">
<arg>3</arg>
<doc>Pauses the test executed for the given time.</doc>
<msg timestamp="20220823 11:41:40.471" level="INFO">Slept 3 seconds</msg>
<status status="PASS" starttime="20220823 11:41:37.470" endtime="20220823 11:41:40.471"/>
</kw>
<kw name="Close Browser" library="SeleniumLibrary">
<doc>Closes the current browser.</doc>
<status status="PASS" starttime="20220823 11:41:40.472" endtime="20220823 11:41:42.702"/>
</kw>
<status status="PASS" starttime="20220823 11:41:27.648" endtime="20220823 11:41:42.703"/>
</test>
<status status="PASS" starttime="20220823 11:41:26.838" endtime="20220823 11:41:42.704"/>
</suite>
<status status="PASS" starttime="20220823 11:41:26.803" endtime="20220823 11:41:42.706"/>
</suite>
<statistics>
<total>
<stat pass="1" fail="0" skip="0">All Tests</stat>
</total>
<tag>
</tag>
<suite>
<stat pass="1" fail="0" skip="0" id="s1" name="Suites">Suites</stat>
<stat pass="1" fail="0" skip="0" id="s1-s1" name="NavigationKeyword">Suites.NavigationKeyword</stat>
</suite>
</statistics>
<errors>
</errors>
</robot>
