<?xml version="1.0" encoding="UTF-8"?>
<robot generator="Robot 5.0.1 (Python 3.10.6 on win32)" generated="20220823 11:41:21.955" rpa="false" schemaversion="3">
<suite id="s1" name="Suites">
<suite id="s1-s1" name="MouseOperations" source="C:\Users\Saurabh\PycharmProjects\Automation\TestCases\MouseOperations.robot">
<test id="s1-s1-t1" name="MouseActions" line="7">
<kw name="Open Browser" library="SeleniumLibrary">
<arg>https://swisnl.github.io/jQuery-contextMenu/demo.html</arg>
<arg>Firefox</arg>
<doc>Opens a new browser instance to the optional ``url``.</doc>
<msg timestamp="20220823 11:41:22.559" level="INFO">Opening browser 'Firefox' to base url 'https://swisnl.github.io/jQuery-contextMenu/demo.html'.</msg>
<msg timestamp="20220823 11:41:22.559" level="INFO">Firefox driver log is always forced to to: C:\Users\Saurabh\PycharmProjects\Automation\pabot_results\12\geckodriver-1.log</msg>
<status status="PASS" starttime="20220823 11:41:22.559" endtime="20220823 11:41:29.704"/>
</kw>
<kw name="Maximize Browser Window" library="SeleniumLibrary">
<doc>Maximizes current browser window.</doc>
<status status="PASS" starttime="20220823 11:41:29.704" endtime="20220823 11:41:29.995"/>
</kw>
<kw name="Open Context Menu" library="SeleniumLibrary">
<arg>//span[@class='context-menu-one btn btn-neutral']</arg>
<doc>Opens the context menu on the element identified by ``locator``.</doc>
<status status="PASS" starttime="20220823 11:41:29.995" endtime="20220823 11:41:30.476"/>
</kw>
<kw name="Sleep" library="BuiltIn">
<arg>3</arg>
<doc>Pauses the test executed for the given time.</doc>
<msg timestamp="20220823 11:41:33.480" level="INFO">Slept 3 seconds</msg>
<status status="PASS" starttime="20220823 11:41:30.476" endtime="20220823 11:41:33.481"/>
</kw>
<kw name="Go To" library="SeleniumLibrary">
<arg>https://testautomationpractice.blogspot.com/</arg>
<doc>Navigates the current browser window to the provided ``url``.</doc>
<msg timestamp="20220823 11:41:33.482" level="INFO">Opening url 'https://testautomationpractice.blogspot.com/'</msg>
<status status="PASS" starttime="20220823 11:41:33.481" endtime="20220823 11:41:41.617"/>
</kw>
<kw name="Maximize Browser Window" library="SeleniumLibrary">
<doc>Maximizes current browser window.</doc>
<status status="PASS" starttime="20220823 11:41:41.617" endtime="20220823 11:41:41.620"/>
</kw>
<kw name="Double Click Element" library="SeleniumLibrary">
<arg>//button[normalize-space()='Copy Text']</arg>
<doc>Double clicks the element identified by ``locator``.</doc>
<msg timestamp="20220823 11:41:41.621" level="INFO">Double clicking element '//button[normalize-space()='Copy Text']'.</msg>
<status status="PASS" starttime="20220823 11:41:41.620" endtime="20220823 11:41:41.943"/>
</kw>
<kw name="Sleep" library="BuiltIn">
<arg>3</arg>
<doc>Pauses the test executed for the given time.</doc>
<msg timestamp="20220823 11:41:44.949" level="INFO">Slept 3 seconds</msg>
<status status="PASS" starttime="20220823 11:41:41.943" endtime="20220823 11:41:44.951"/>
</kw>
<kw name="Go To" library="SeleniumLibrary">
<arg>http://www.dhtmlgoodies.com/scripts/drag-drop-custom/demo-drag-drop-3.html</arg>
<doc>Navigates the current browser window to the provided ``url``.</doc>
<msg timestamp="20220823 11:41:44.952" level="INFO">Opening url 'http://www.dhtmlgoodies.com/scripts/drag-drop-custom/demo-drag-drop-3.html'</msg>
<status status="PASS" starttime="20220823 11:41:44.951" endtime="20220823 11:41:48.709"/>
</kw>
<kw name="Maximize Browser Window" library="SeleniumLibrary">
<doc>Maximizes current browser window.</doc>
<status status="PASS" starttime="20220823 11:41:48.709" endtime="20220823 11:41:48.714"/>
</kw>
<kw name="Drag And Drop" library="SeleniumLibrary">
<arg>box7</arg>
<arg>box107</arg>
<doc>Drags the element identified by ``locator`` into the ``target`` element.</doc>
<status status="PASS" starttime="20220823 11:41:48.714" endtime="20220823 11:41:49.274"/>
</kw>
<kw name="Sleep" library="BuiltIn">
<arg>5</arg>
<doc>Pauses the test executed for the given time.</doc>
<msg timestamp="20220823 11:41:54.294" level="INFO">Slept 5 seconds</msg>
<status status="PASS" starttime="20220823 11:41:49.274" endtime="20220823 11:41:54.296"/>
</kw>
<status status="PASS" starttime="20220823 11:41:22.559" endtime="20220823 11:41:54.302"/>
</test>
<status status="PASS" starttime="20220823 11:41:22.021" endtime="20220823 11:41:54.308"/>
</suite>
<status status="PASS" starttime="20220823 11:41:21.986" endtime="20220823 11:41:54.319"/>
</suite>
<statistics>
<total>
<stat pass="1" fail="0" skip="0">All Tests</stat>
</total>
<tag>
</tag>
<suite>
<stat pass="1" fail="0" skip="0" id="s1" name="Suites">Suites</stat>
<stat pass="1" fail="0" skip="0" id="s1-s1" name="MouseOperations">Suites.MouseOperations</stat>
</suite>
</statistics>
<errors>
</errors>
</robot>
