<?xml version="1.0" encoding="UTF-8"?>
<robot generator="Robot 5.0.1 (Python 3.10.6 on win32)" generated="20220823 11:43:10.241" rpa="false" schemaversion="3">
<suite id="s1" name="Suites">
<suite id="s1-s1" name="Tagging" source="C:\Users\Saurabh\PycharmProjects\Automation\TestCases\Tagging.robot">
<test id="s1-s1-t1" name="TC1 User RegistrationTest" line="4">
<kw name="Log To Console" library="BuiltIn">
<arg>This is user Reg Test</arg>
<doc>Logs the given message to the console.</doc>
<status status="PASS" starttime="20220823 11:43:10.306" endtime="20220823 11:43:10.306"/>
</kw>
<kw name="Log To Console" library="BuiltIn">
<arg>User Registration Test is Over</arg>
<doc>Logs the given message to the console.</doc>
<status status="PASS" starttime="20220823 11:43:10.306" endtime="20220823 11:43:10.307"/>
</kw>
<tag>Regression</tag>
<status status="PASS" starttime="20220823 11:43:10.305" endtime="20220823 11:43:10.307"/>
</test>
<test id="s1-s1-t2" name="TC2 LoginTest" line="9">
<kw name="Log To Console" library="BuiltIn">
<arg>This is Login Test</arg>
<doc>Logs the given message to the console.</doc>
<status status="PASS" starttime="20220823 11:43:10.310" endtime="20220823 11:43:10.310"/>
</kw>
<kw name="Log To Console" library="BuiltIn">
<arg>Login Test is Over</arg>
<doc>Logs the given message to the console.</doc>
<status status="PASS" starttime="20220823 11:43:10.310" endtime="20220823 11:43:10.311"/>
</kw>
<tag>Sanity</tag>
<status status="PASS" starttime="20220823 11:43:10.309" endtime="20220823 11:43:10.311"/>
</test>
<test id="s1-s1-t3" name="TC3 Change User Setting" line="14">
<kw name="Log To Console" library="BuiltIn">
<arg>This is Changein user Settings</arg>
<doc>Logs the given message to the console.</doc>
<status status="PASS" starttime="20220823 11:43:10.311" endtime="20220823 11:43:10.312"/>
</kw>
<kw name="Log To Console" library="BuiltIn">
<arg>Change User Settings is Over</arg>
<doc>Logs the given message to the console.</doc>
<status status="PASS" starttime="20220823 11:43:10.312" endtime="20220823 11:43:10.312"/>
</kw>
<tag>Regression</tag>
<status status="PASS" starttime="20220823 11:43:10.311" endtime="20220823 11:43:10.312"/>
</test>
<test id="s1-s1-t4" name="TC4 Logout Test" line="19">
<kw name="Log To Console" library="BuiltIn">
<arg>This is Logout Test</arg>
<doc>Logs the given message to the console.</doc>
<status status="PASS" starttime="20220823 11:43:10.313" endtime="20220823 11:43:10.313"/>
</kw>
<kw name="Log To Console" library="BuiltIn">
<arg>Logout Test is Over</arg>
<doc>Logs the given message to the console.</doc>
<status status="PASS" starttime="20220823 11:43:10.313" endtime="20220823 11:43:10.314"/>
</kw>
<tag>Sanity</tag>
<status status="PASS" starttime="20220823 11:43:10.313" endtime="20220823 11:43:10.314"/>
</test>
<status status="PASS" starttime="20220823 11:43:10.302" endtime="20220823 11:43:10.314"/>
</suite>
<status status="PASS" starttime="20220823 11:43:10.264" endtime="20220823 11:43:10.315"/>
</suite>
<statistics>
<total>
<stat pass="4" fail="0" skip="0">All Tests</stat>
</total>
<tag>
<stat pass="2" fail="0" skip="0">Regression</stat>
<stat pass="2" fail="0" skip="0">Sanity</stat>
</tag>
<suite>
<stat pass="4" fail="0" skip="0" id="s1" name="Suites">Suites</stat>
<stat pass="4" fail="0" skip="0" id="s1-s1" name="Tagging">Suites.Tagging</stat>
</suite>
</statistics>
<errors>
</errors>
</robot>
