<?xml version="1.0" encoding="UTF-8"?>
<robot generator="Robot 5.0.1 (Python 3.10.6 on win32)" generated="20220901 10:37:49.915" rpa="false" schemaversion="3">
<suite id="s1" name="Suites">
<suite id="s1-s1" name="NavigationKeyword" source="C:\Users\Saurabh\PycharmProjects\Automation\TestCases\NavigationKeyword.robot">
<test id="s1-s1-t1" name="NavigationalTest" line="7">
<kw name="Open Browser" library="SeleniumLibrary">
<arg>https://www.google.co.in/</arg>
<arg>chrome</arg>
<doc>Opens a new browser instance to the optional ``url``.</doc>
<msg timestamp="20220901 10:37:50.417" level="INFO">Opening browser 'chrome' to base url 'https://www.google.co.in/'.</msg>
<status status="PASS" starttime="20220901 10:37:50.413" endtime="20220901 10:37:54.735"/>
</kw>
<kw name="Get Location" library="SeleniumLibrary">
<var>${loc1}</var>
<doc>Returns the current browser window URL.</doc>
<msg timestamp="20220901 10:37:54.745" level="INFO">${loc1} = https://www.google.co.in/</msg>
<status status="PASS" starttime="20220901 10:37:54.735" endtime="20220901 10:37:54.745"/>
</kw>
<kw name="Log To Console" library="BuiltIn">
<arg>${loc1}</arg>
<doc>Logs the given message to the console.</doc>
<status status="PASS" starttime="20220901 10:37:54.745" endtime="20220901 10:37:54.746"/>
</kw>
<kw name="Go To" library="SeleniumLibrary">
<arg>https://www.bing.com/</arg>
<doc>Navigates the current browser window to the provided ``url``.</doc>
<msg timestamp="20220901 10:37:54.746" level="INFO">Opening url 'https://www.bing.com/'</msg>
<status status="PASS" starttime="20220901 10:37:54.746" endtime="20220901 10:37:55.129"/>
</kw>
<kw name="Get Location" library="SeleniumLibrary">
<var>${loc2}</var>
<doc>Returns the current browser window URL.</doc>
<msg timestamp="20220901 10:37:55.136" level="INFO">${loc2} = https://www.bing.com/</msg>
<status status="PASS" starttime="20220901 10:37:55.129" endtime="20220901 10:37:55.137"/>
</kw>
<kw name="Log To Console" library="BuiltIn">
<arg>${loc2}</arg>
<doc>Logs the given message to the console.</doc>
<status status="PASS" starttime="20220901 10:37:55.137" endtime="20220901 10:37:55.137"/>
</kw>
<kw name="Sleep" library="BuiltIn">
<arg>3</arg>
<doc>Pauses the test executed for the given time.</doc>
<msg timestamp="20220901 10:37:58.144" level="INFO">Slept 3 seconds</msg>
<status status="PASS" starttime="20220901 10:37:55.138" endtime="20220901 10:37:58.144"/>
</kw>
<kw name="Go Back" library="SeleniumLibrary">
<doc>Simulates the user clicking the back button on their browser.</doc>
<status status="PASS" starttime="20220901 10:37:58.145" endtime="20220901 10:37:59.677"/>
</kw>
<kw name="Get Location" library="SeleniumLibrary">
<var>${loc1}</var>
<doc>Returns the current browser window URL.</doc>
<msg timestamp="20220901 10:37:59.681" level="INFO">${loc1} = https://www.google.co.in/</msg>
<status status="PASS" starttime="20220901 10:37:59.677" endtime="20220901 10:37:59.681"/>
</kw>
<kw name="Log To Console" library="BuiltIn">
<arg>${loc1}</arg>
<doc>Logs the given message to the console.</doc>
<status status="PASS" starttime="20220901 10:37:59.681" endtime="20220901 10:37:59.681"/>
</kw>
<kw name="Sleep" library="BuiltIn">
<arg>3</arg>
<doc>Pauses the test executed for the given time.</doc>
<msg timestamp="20220901 10:38:02.687" level="INFO">Slept 3 seconds</msg>
<status status="PASS" starttime="20220901 10:37:59.681" endtime="20220901 10:38:02.688"/>
</kw>
<kw name="Close Browser" library="SeleniumLibrary">
<doc>Closes the current browser.</doc>
<status status="PASS" starttime="20220901 10:38:02.688" endtime="20220901 10:38:10.513"/>
</kw>
<status status="PASS" starttime="20220901 10:37:50.413" endtime="20220901 10:38:10.513"/>
</test>
<status status="PASS" starttime="20220901 10:37:49.971" endtime="20220901 10:38:10.515"/>
</suite>
<status status="PASS" starttime="20220901 10:37:49.929" endtime="20220901 10:38:10.517"/>
</suite>
<statistics>
<total>
<stat pass="1" fail="0" skip="0">All Tests</stat>
</total>
<tag>
</tag>
<suite>
<stat pass="1" fail="0" skip="0" id="s1" name="Suites">Suites</stat>
<stat pass="1" fail="0" skip="0" id="s1-s1" name="NavigationKeyword">Suites.NavigationKeyword</stat>
</suite>
</statistics>
<errors>
</errors>
</robot>
