<?xml version="1.0" encoding="UTF-8"?>
<robot generator="Robot 5.0.1 (Python 3.10.6 on win32)" generated="20220901 10:37:25.221" rpa="false" schemaversion="3">
<suite id="s1" name="Suites">
<suite id="s1-s1" name="Inputbox" source="C:\Users\Saurabh\PycharmProjects\Automation\TestCases\Inputbox.robot">
<test id="s1-s1-t1" name="TestingInputBox" line="12">
<kw name="Open Browser" library="SeleniumLibrary">
<arg>${url}</arg>
<arg>${browser}</arg>
<doc>Opens a new browser instance to the optional ``url``.</doc>
<msg timestamp="20220901 10:37:25.549" level="INFO">Opening browser 'chrome' to base url 'https://demo.nopcommerce.com/'.</msg>
<status status="PASS" starttime="20220901 10:37:25.549" endtime="20220901 10:37:31.065"/>
</kw>
<kw name="Maximize Browser Window" library="SeleniumLibrary">
<doc>Maximizes current browser window.</doc>
<status status="PASS" starttime="20220901 10:37:31.065" endtime="20220901 10:37:31.185"/>
</kw>
<kw name="Title Should Be" library="SeleniumLibrary">
<arg>nopCommerce demo store</arg>
<doc>Verifies that the current page title equals ``title``.</doc>
<msg timestamp="20220901 10:37:31.198" level="INFO">Page title is 'nopCommerce demo store'.</msg>
<status status="PASS" starttime="20220901 10:37:31.185" endtime="20220901 10:37:31.198"/>
</kw>
<kw name="Click Link" library="SeleniumLibrary">
<arg>//a[normalize-space()='Log in']</arg>
<doc>Clicks a link identified by ``locator``.</doc>
<msg timestamp="20220901 10:37:31.198" level="INFO">Clicking link '//a[normalize-space()='Log in']'.</msg>
<status status="PASS" starttime="20220901 10:37:31.198" endtime="20220901 10:37:33.072"/>
</kw>
<kw name="Set Variable" library="BuiltIn">
<var>${"email_txt"}</var>
<arg>id:Email</arg>
<doc>Returns the given values which can then be assigned to a variables.</doc>
<msg timestamp="20220901 10:37:33.075" level="INFO">${"email_txt"} = id:Email</msg>
<status status="PASS" starttime="20220901 10:37:33.072" endtime="20220901 10:37:33.075"/>
</kw>
<kw name="Element Should Be Visible" library="SeleniumLibrary">
<arg>${"email_txt"}</arg>
<doc>Verifies that the element identified by ``locator`` is visible.</doc>
<msg timestamp="20220901 10:37:33.136" level="INFO">Element 'id:Email' is displayed.</msg>
<status status="PASS" starttime="20220901 10:37:33.075" endtime="20220901 10:37:33.136"/>
</kw>
<kw name="Element Should Be Enabled" library="SeleniumLibrary">
<arg>${"email_txt"}</arg>
<doc>Verifies that element identified by ``locator`` is enabled.</doc>
<status status="PASS" starttime="20220901 10:37:33.136" endtime="20220901 10:37:33.201"/>
</kw>
<kw name="Input Text" library="SeleniumLibrary">
<arg>${"email_txt"}</arg>
<arg>johndavid@gmail.com</arg>
<doc>Types the given ``text`` into the text field identified by ``locator``.</doc>
<msg timestamp="20220901 10:37:33.201" level="INFO">Typing text 'johndavid@gmail.com' into text field 'id:Email'.</msg>
<status status="PASS" starttime="20220901 10:37:33.201" endtime="20220901 10:37:33.373"/>
</kw>
<kw name="Sleep" library="BuiltIn">
<arg>5</arg>
<doc>Pauses the test executed for the given time.</doc>
<msg timestamp="20220901 10:37:38.386" level="INFO">Slept 5 seconds</msg>
<status status="PASS" starttime="20220901 10:37:33.373" endtime="20220901 10:37:38.386"/>
</kw>
<kw name="Clear Element Text" library="SeleniumLibrary">
<arg>${"email_txt"}</arg>
<doc>Clears the value of the text-input-element identified by ``locator``.</doc>
<status status="PASS" starttime="20220901 10:37:38.387" endtime="20220901 10:37:38.418"/>
</kw>
<kw name="Sleep" library="BuiltIn">
<arg>3</arg>
<doc>Pauses the test executed for the given time.</doc>
<msg timestamp="20220901 10:37:41.430" level="INFO">Slept 3 seconds</msg>
<status status="PASS" starttime="20220901 10:37:38.418" endtime="20220901 10:37:41.430"/>
</kw>
<kw name="Close Browser" library="SeleniumLibrary">
<doc>Closes the current browser.</doc>
<status status="PASS" starttime="20220901 10:37:41.430" endtime="20220901 10:37:43.664"/>
</kw>
<status status="PASS" starttime="20220901 10:37:25.548" endtime="20220901 10:37:43.665"/>
</test>
<status status="PASS" starttime="20220901 10:37:25.262" endtime="20220901 10:37:43.665"/>
</suite>
<status status="PASS" starttime="20220901 10:37:25.238" endtime="20220901 10:37:43.695"/>
</suite>
<statistics>
<total>
<stat pass="1" fail="0" skip="0">All Tests</stat>
</total>
<tag>
</tag>
<suite>
<stat pass="1" fail="0" skip="0" id="s1" name="Suites">Suites</stat>
<stat pass="1" fail="0" skip="0" id="s1-s1" name="Inputbox">Suites.Inputbox</stat>
</suite>
</statistics>
<errors>
</errors>
</robot>
