<?xml version="1.0" encoding="UTF-8"?>
<robot generator="Robot 5.0.1 (Python 3.10.6 on win32)" generated="20220901 10:37:02.468" rpa="false" schemaversion="3">
<suite id="s1" name="Suites">
<suite id="s1-s1" name="ForLoopDemo" source="C:\Users\Saurabh\PycharmProjects\Automation\TestCases\ForLoopDemo.robot">
<test id="s1-s1-t1" name="Foorloop6withexit" line="33">
<kw name="Create List" library="BuiltIn">
<var>@{items}</var>
<arg>1</arg>
<arg>2</arg>
<arg>3</arg>
<arg>4</arg>
<arg>5</arg>
<doc>Returns a list containing given items.</doc>
<msg timestamp="20220901 10:37:02.552" level="INFO">@{items} = [ 1 | 2 | 3 | 4 | 5 ]</msg>
<status status="PASS" starttime="20220901 10:37:02.552" endtime="20220901 10:37:02.552"/>
</kw>
<for flavor="IN">
<var>${i}</var>
<value>@{items}</value>
<iter>
<var name="${i}">1</var>
<kw name="Log To Console" library="BuiltIn">
<arg>${i}</arg>
<doc>Logs the given message to the console.</doc>
<status status="PASS" starttime="20220901 10:37:02.555" endtime="20220901 10:37:02.556"/>
</kw>
<kw name="Exit For Loop If" library="BuiltIn">
<arg>${i}==3</arg>
<doc>Stops executing the enclosing FOR loop if the ``condition`` is true.</doc>
<status status="PASS" starttime="20220901 10:37:02.557" endtime="20220901 10:37:02.558"/>
</kw>
<status status="PASS" starttime="20220901 10:37:02.554" endtime="20220901 10:37:02.558"/>
</iter>
<iter>
<var name="${i}">2</var>
<kw name="Log To Console" library="BuiltIn">
<arg>${i}</arg>
<doc>Logs the given message to the console.</doc>
<status status="PASS" starttime="20220901 10:37:02.559" endtime="20220901 10:37:02.559"/>
</kw>
<kw name="Exit For Loop If" library="BuiltIn">
<arg>${i}==3</arg>
<doc>Stops executing the enclosing FOR loop if the ``condition`` is true.</doc>
<status status="PASS" starttime="20220901 10:37:02.559" endtime="20220901 10:37:02.560"/>
</kw>
<status status="PASS" starttime="20220901 10:37:02.559" endtime="20220901 10:37:02.560"/>
</iter>
<iter>
<var name="${i}">3</var>
<kw name="Log To Console" library="BuiltIn">
<arg>${i}</arg>
<doc>Logs the given message to the console.</doc>
<status status="PASS" starttime="20220901 10:37:02.562" endtime="20220901 10:37:02.562"/>
</kw>
<kw name="Exit For Loop If" library="BuiltIn">
<arg>${i}==3</arg>
<doc>Stops executing the enclosing FOR loop if the ``condition`` is true.</doc>
<msg timestamp="20220901 10:37:02.563" level="INFO">Exiting for loop altogether.</msg>
<status status="PASS" starttime="20220901 10:37:02.563" endtime="20220901 10:37:02.563"/>
</kw>
<status status="PASS" starttime="20220901 10:37:02.561" endtime="20220901 10:37:02.563"/>
</iter>
<status status="PASS" starttime="20220901 10:37:02.553" endtime="20220901 10:37:02.563"/>
</for>
<status status="PASS" starttime="20220901 10:37:02.551" endtime="20220901 10:37:02.563"/>
</test>
<status status="PASS" starttime="20220901 10:37:02.533" endtime="20220901 10:37:02.563"/>
</suite>
<status status="PASS" starttime="20220901 10:37:02.501" endtime="20220901 10:37:02.567"/>
</suite>
<statistics>
<total>
<stat pass="1" fail="0" skip="0">All Tests</stat>
</total>
<tag>
</tag>
<suite>
<stat pass="1" fail="0" skip="0" id="s1" name="Suites">Suites</stat>
<stat pass="1" fail="0" skip="0" id="s1-s1" name="ForLoopDemo">Suites.ForLoopDemo</stat>
</suite>
</statistics>
<errors>
</errors>
</robot>
