<?xml version="1.0" encoding="UTF-8"?>
<robot generator="Robot 5.0.1 (Python 3.10.6 on win32)" generated="20220823 11:41:17.615" rpa="false" schemaversion="3">
<suite id="s1" name="Suites">
<suite id="s1-s1" name="LoginTest" source="C:\Users\Saurabh\PycharmProjects\Automation\TestCases\LoginTest.robot">
<test id="s1-s1-t1" name="LoginTest" line="13">
<kw name="Open my Browser" library="LoginKeywords">
<arg>${SiteUrl}</arg>
<arg>${Browser}</arg>
<kw name="Open Browser" library="SeleniumLibrary">
<arg>${SiteUrl}</arg>
<arg>${Browser}</arg>
<doc>Opens a new browser instance to the optional ``url``.</doc>
<msg timestamp="20220823 11:41:18.002" level="INFO">Opening browser 'Firefox' to base url 'https://demo.guru99.com/selenium/newtours/index.php'.</msg>
<msg timestamp="20220823 11:41:18.004" level="INFO">Firefox driver log is always forced to to: C:\Users\Saurabh\PycharmProjects\Automation\pabot_results\11\geckodriver-1.log</msg>
<status status="PASS" starttime="20220823 11:41:18.002" endtime="20220823 11:41:25.444"/>
</kw>
<kw name="Maximize Browser Window" library="SeleniumLibrary">
<doc>Maximizes current browser window.</doc>
<status status="PASS" starttime="20220823 11:41:25.444" endtime="20220823 11:41:25.721"/>
</kw>
<status status="PASS" starttime="20220823 11:41:18.001" endtime="20220823 11:41:25.721"/>
</kw>
<kw name="Enter Usersname" library="LoginKeywords">
<arg>${user}</arg>
<kw name="Input Text" library="SeleniumLibrary">
<arg>txt_loginUserName</arg>
<arg>${username}</arg>
<doc>Types the given ``text`` into the text field identified by ``locator``.</doc>
<msg timestamp="20220823 11:41:25.721" level="INFO">Typing text 'saurabh123' into text field 'txt_loginUserName'.</msg>
<msg timestamp="20220823 11:41:25.838" level="INFO" html="true">&lt;/td&gt;&lt;/tr&gt;&lt;tr&gt;&lt;td colspan="3"&gt;&lt;a href="selenium-screenshot-1.png"&gt;&lt;img src="selenium-screenshot-1.png" width="800px"&gt;&lt;/a&gt;</msg>
<msg timestamp="20220823 11:41:25.838" level="FAIL">Element with locator 'txt_loginUserName' not found.</msg>
<status status="FAIL" starttime="20220823 11:41:25.721" endtime="20220823 11:41:25.838"/>
</kw>
<status status="FAIL" starttime="20220823 11:41:25.721" endtime="20220823 11:41:25.838"/>
</kw>
<kw name="Enter Password" library="LoginKeywords">
<arg>${pwd}</arg>
<status status="NOT RUN" starttime="20220823 11:41:25.838" endtime="20220823 11:41:25.838"/>
</kw>
<kw name="click Signin" library="LoginKeywords">
<status status="NOT RUN" starttime="20220823 11:41:25.838" endtime="20220823 11:41:25.838"/>
</kw>
<kw name="Verify Successful Login" library="LoginKeywords">
<status status="NOT RUN" starttime="20220823 11:41:25.842" endtime="20220823 11:41:25.842"/>
</kw>
<kw name="Close My Browsers" library="LoginKeywords">
<status status="NOT RUN" starttime="20220823 11:41:25.842" endtime="20220823 11:41:25.842"/>
</kw>
<status status="FAIL" starttime="20220823 11:41:18.000" endtime="20220823 11:41:25.844">Element with locator 'txt_loginUserName' not found.</status>
</test>
<status status="FAIL" starttime="20220823 11:41:17.661" endtime="20220823 11:41:25.845"/>
</suite>
<status status="FAIL" starttime="20220823 11:41:17.631" endtime="20220823 11:41:25.847"/>
</suite>
<statistics>
<total>
<stat pass="0" fail="1" skip="0">All Tests</stat>
</total>
<tag>
</tag>
<suite>
<stat pass="0" fail="1" skip="0" id="s1" name="Suites">Suites</stat>
<stat pass="0" fail="1" skip="0" id="s1-s1" name="LoginTest">Suites.LoginTest</stat>
</suite>
</statistics>
<errors>
</errors>
</robot>
