<?xml version="1.0" encoding="UTF-8"?>
<robot generator="Robot 5.0.1 (Python 3.10.6 on win32)" generated="20220901 10:37:03.470" rpa="false" schemaversion="3">
<suite id="s1" name="Suites">
<suite id="s1-s1" name="Frames" source="C:\Users\Saurabh\PycharmProjects\Automation\TestCases\frames.robot">
<test id="s1-s1-t1" name="Testing frames" line="6">
<kw name="Open Browser" library="SeleniumLibrary">
<arg>https://www.selenium.dev/selenium/docs/api/java/index.html?overview-summary.html</arg>
<arg>Firefox</arg>
<doc>Opens a new browser instance to the optional ``url``.</doc>
<msg timestamp="20220901 10:37:03.918" level="INFO">Opening browser 'Firefox' to base url 'https://www.selenium.dev/selenium/docs/api/java/index.html?overview-summary.html'.</msg>
<msg timestamp="20220901 10:37:03.922" level="INFO">Firefox driver log is always forced to to: C:\Users\Saurabh\PycharmProjects\Automation\Results\pabot_results\7\geckodriver-1.log</msg>
<status status="PASS" starttime="20220901 10:37:03.916" endtime="20220901 10:37:11.271"/>
</kw>
<kw name="Maximize Browser Window" library="SeleniumLibrary">
<doc>Maximizes current browser window.</doc>
<status status="PASS" starttime="20220901 10:37:11.271" endtime="20220901 10:37:11.279"/>
</kw>
<kw name="Select Frame" library="SeleniumLibrary">
<arg>packageListFrame</arg>
<doc>Sets frame identified by ``locator`` as the current frame.</doc>
<msg timestamp="20220901 10:37:11.280" level="INFO">Selecting frame 'packageListFrame'.</msg>
<status status="PASS" starttime="20220901 10:37:11.279" endtime="20220901 10:37:11.332"/>
</kw>
<kw name="Click Link" library="SeleniumLibrary">
<arg>org.openqa.selenium</arg>
<doc>Clicks a link identified by ``locator``.</doc>
<msg timestamp="20220901 10:37:11.332" level="INFO">Clicking link 'org.openqa.selenium'.</msg>
<status status="PASS" starttime="20220901 10:37:11.332" endtime="20220901 10:37:11.600"/>
</kw>
<kw name="Unselect Frame" library="SeleniumLibrary">
<doc>Sets the main frame as the current frame.</doc>
<status status="PASS" starttime="20220901 10:37:11.601" endtime="20220901 10:37:11.609"/>
</kw>
<kw name="Sleep" library="BuiltIn">
<arg>3</arg>
<doc>Pauses the test executed for the given time.</doc>
<msg timestamp="20220901 10:37:14.613" level="INFO">Slept 3 seconds</msg>
<status status="PASS" starttime="20220901 10:37:11.609" endtime="20220901 10:37:14.613"/>
</kw>
<kw name="Select Frame" library="SeleniumLibrary">
<arg>packageFrame</arg>
<doc>Sets frame identified by ``locator`` as the current frame.</doc>
<msg timestamp="20220901 10:37:14.614" level="INFO">Selecting frame 'packageFrame'.</msg>
<status status="PASS" starttime="20220901 10:37:14.613" endtime="20220901 10:37:14.621"/>
</kw>
<kw name="Click Link" library="SeleniumLibrary">
<arg>WebDriver</arg>
<doc>Clicks a link identified by ``locator``.</doc>
<msg timestamp="20220901 10:37:14.622" level="INFO">Clicking link 'WebDriver'.</msg>
<status status="PASS" starttime="20220901 10:37:14.621" endtime="20220901 10:37:14.858"/>
</kw>
<kw name="Unselect Frame" library="SeleniumLibrary">
<doc>Sets the main frame as the current frame.</doc>
<status status="PASS" starttime="20220901 10:37:14.858" endtime="20220901 10:37:14.861"/>
</kw>
<kw name="Sleep" library="BuiltIn">
<arg>3</arg>
<doc>Pauses the test executed for the given time.</doc>
<msg timestamp="20220901 10:37:17.868" level="INFO">Slept 3 seconds</msg>
<status status="PASS" starttime="20220901 10:37:14.861" endtime="20220901 10:37:17.868"/>
</kw>
<kw name="Select Frame" library="SeleniumLibrary">
<arg>classFrame</arg>
<doc>Sets frame identified by ``locator`` as the current frame.</doc>
<msg timestamp="20220901 10:37:17.870" level="INFO">Selecting frame 'classFrame'.</msg>
<status status="PASS" starttime="20220901 10:37:17.869" endtime="20220901 10:37:17.897"/>
</kw>
<kw name="Click Link" library="SeleniumLibrary">
<arg>Index</arg>
<doc>Clicks a link identified by ``locator``.</doc>
<msg timestamp="20220901 10:37:17.899" level="INFO">Clicking link 'Index'.</msg>
<status status="PASS" starttime="20220901 10:37:17.897" endtime="20220901 10:37:19.951"/>
</kw>
<kw name="Unselect Frame" library="SeleniumLibrary">
<doc>Sets the main frame as the current frame.</doc>
<status status="PASS" starttime="20220901 10:37:19.952" endtime="20220901 10:37:19.972"/>
</kw>
<kw name="Sleep" library="BuiltIn">
<arg>3</arg>
<doc>Pauses the test executed for the given time.</doc>
<msg timestamp="20220901 10:37:22.976" level="INFO">Slept 3 seconds</msg>
<status status="PASS" starttime="20220901 10:37:19.973" endtime="20220901 10:37:22.977"/>
</kw>
<kw name="Close Browser" library="SeleniumLibrary">
<doc>Closes the current browser.</doc>
<status status="PASS" starttime="20220901 10:37:22.978" endtime="20220901 10:37:24.379"/>
</kw>
<status status="PASS" starttime="20220901 10:37:03.915" endtime="20220901 10:37:24.380"/>
</test>
<status status="PASS" starttime="20220901 10:37:03.560" endtime="20220901 10:37:24.381"/>
</suite>
<status status="PASS" starttime="20220901 10:37:03.499" endtime="20220901 10:37:24.383"/>
</suite>
<statistics>
<total>
<stat pass="1" fail="0" skip="0">All Tests</stat>
</total>
<tag>
</tag>
<suite>
<stat pass="1" fail="0" skip="0" id="s1" name="Suites">Suites</stat>
<stat pass="1" fail="0" skip="0" id="s1-s1" name="Frames">Suites.Frames</stat>
</suite>
</statistics>
<errors>
</errors>
</robot>
