<?xml version="1.0" encoding="UTF-8"?>
<robot generator="Robot 5.0.1 (Python 3.10.6 on win32)" generated="20220901 10:36:14.549" rpa="false" schemaversion="3">
<suite id="s1" name="Suites">
<suite id="s1-s1" name="Capturescreen" source="C:\Users\Saurabh\PycharmProjects\Automation\TestCases\Capturescreen.robot">
<test id="s1-s1-t1" name="LoginTC" line="6">
<kw name="Open Browser" library="SeleniumLibrary">
<arg>https://www.facebook.com/</arg>
<arg>Firefox</arg>
<doc>Opens a new browser instance to the optional ``url``.</doc>
<msg timestamp="20220901 10:36:14.972" level="INFO">Opening browser 'Firefox' to base url 'https://www.facebook.com/'.</msg>
<msg timestamp="20220901 10:36:14.974" level="INFO">Firefox driver log is always forced to to: C:\Users\Saurabh\PycharmProjects\Automation\Results\pabot_results\1\geckodriver-1.log</msg>
<status status="PASS" starttime="20220901 10:36:14.971" endtime="20220901 10:36:24.013"/>
</kw>
<kw name="Input Text" library="SeleniumLibrary">
<arg>id:email</arg>
<arg>saurabh.singh106@gmail.com</arg>
<doc>Types the given ``text`` into the text field identified by ``locator``.</doc>
<msg timestamp="20220901 10:36:24.014" level="INFO">Typing text 'saurabh.singh106@gmail.com' into text field 'id:email'.</msg>
<status status="PASS" starttime="20220901 10:36:24.013" endtime="20220901 10:36:24.215"/>
</kw>
<kw name="Input Text" library="SeleniumLibrary">
<arg>id:pass</arg>
<arg>Bholume17</arg>
<doc>Types the given ``text`` into the text field identified by ``locator``.</doc>
<msg timestamp="20220901 10:36:24.216" level="INFO">Typing text 'Bholume17' into text field 'id:pass'.</msg>
<status status="PASS" starttime="20220901 10:36:24.215" endtime="20220901 10:36:24.265"/>
</kw>
<kw name="Capture Element Screenshot" library="SeleniumLibrary">
<arg>//*[@id="content"]/div/div/div/div[1]/div[1]/img</arg>
<arg>C:/Users/Saurabh/PycharmProjects/Automation/Logo.png</arg>
<doc>Captures a screenshot from the element identified by ``locator`` and embeds it into log file.</doc>
<msg timestamp="20220901 10:36:24.328" level="INFO" html="true">&lt;/td&gt;&lt;/tr&gt;&lt;tr&gt;&lt;td colspan="3"&gt;&lt;a href="../../../Logo.png"&gt;&lt;img src="../../../Logo.png" width="400px"&gt;&lt;/a&gt;</msg>
<status status="PASS" starttime="20220901 10:36:24.265" endtime="20220901 10:36:24.328"/>
</kw>
<kw name="Capture Page Screenshot" library="SeleniumLibrary">
<arg>C:/Users/Saurabh/PycharmProjects/Automation/LoginTC.png</arg>
<doc>Takes a screenshot of the current page and embeds it into a log file.</doc>
<msg timestamp="20220901 10:36:24.400" level="INFO" html="true">&lt;/td&gt;&lt;/tr&gt;&lt;tr&gt;&lt;td colspan="3"&gt;&lt;a href="../../../LoginTC.png"&gt;&lt;img src="../../../LoginTC.png" width="800px"&gt;&lt;/a&gt;</msg>
<status status="PASS" starttime="20220901 10:36:24.329" endtime="20220901 10:36:24.400"/>
</kw>
<status status="PASS" starttime="20220901 10:36:14.970" endtime="20220901 10:36:24.400"/>
</test>
<status status="PASS" starttime="20220901 10:36:14.583" endtime="20220901 10:36:24.402"/>
</suite>
<status status="PASS" starttime="20220901 10:36:14.560" endtime="20220901 10:36:24.405"/>
</suite>
<statistics>
<total>
<stat pass="1" fail="0" skip="0">All Tests</stat>
</total>
<tag>
</tag>
<suite>
<stat pass="1" fail="0" skip="0" id="s1" name="Suites">Suites</stat>
<stat pass="1" fail="0" skip="0" id="s1-s1" name="Capturescreen">Suites.Capturescreen</stat>
</suite>
</statistics>
<errors>
</errors>
</robot>
