<?xml version="1.0" encoding="UTF-8"?>
<robot generator="Robot 5.0.1 (Python 3.10.6 on win32)" generated="20220823 11:42:05.642" rpa="false" schemaversion="3">
<suite id="s1" name="Suites">
<suite id="s1-s1" name="SetupandTeardown" source="C:\Users\Saurabh\PycharmProjects\Automation\TestCases\SetupandTeardown.robot">
<kw name="Log To Console" library="BuiltIn" type="SETUP">
<arg>Opening Browser</arg>
<doc>Logs the given message to the console.</doc>
<status status="PASS" starttime="20220823 11:42:05.693" endtime="20220823 11:42:05.694"/>
</kw>
<test id="s1-s1-t1" name="TC1 Prepaid recharge" line="10">
<kw name="Log To Console" library="BuiltIn" type="SETUP">
<arg>Login To Application</arg>
<doc>Logs the given message to the console.</doc>
<status status="PASS" starttime="20220823 11:42:05.695" endtime="20220823 11:42:05.696"/>
</kw>
<kw name="Log To Console" library="BuiltIn">
<arg>This is Prepaid Recharge Testcase</arg>
<doc>Logs the given message to the console.</doc>
<status status="PASS" starttime="20220823 11:42:05.697" endtime="20220823 11:42:05.698"/>
</kw>
<kw name="Log To Console" library="BuiltIn" type="TEARDOWN">
<arg>Logout To Application</arg>
<doc>Logs the given message to the console.</doc>
<status status="PASS" starttime="20220823 11:42:05.698" endtime="20220823 11:42:05.699"/>
</kw>
<status status="PASS" starttime="20220823 11:42:05.694" endtime="20220823 11:42:05.699"/>
</test>
<test id="s1-s1-t2" name="TC2 Postpaid Recharge" line="13">
<kw name="Log To Console" library="BuiltIn" type="SETUP">
<arg>Login To Application</arg>
<doc>Logs the given message to the console.</doc>
<status status="PASS" starttime="20220823 11:42:05.700" endtime="20220823 11:42:05.701"/>
</kw>
<kw name="Log To Console" library="BuiltIn">
<arg>This is Postpaid Recharge Testcase</arg>
<doc>Logs the given message to the console.</doc>
<status status="PASS" starttime="20220823 11:42:05.701" endtime="20220823 11:42:05.701"/>
</kw>
<kw name="Log To Console" library="BuiltIn" type="TEARDOWN">
<arg>Logout To Application</arg>
<doc>Logs the given message to the console.</doc>
<status status="PASS" starttime="20220823 11:42:05.701" endtime="20220823 11:42:05.702"/>
</kw>
<status status="PASS" starttime="20220823 11:42:05.700" endtime="20220823 11:42:05.702"/>
</test>
<test id="s1-s1-t3" name="TC3 Search" line="16">
<kw name="Log To Console" library="BuiltIn" type="SETUP">
<arg>Login To Application</arg>
<doc>Logs the given message to the console.</doc>
<status status="PASS" starttime="20220823 11:42:05.703" endtime="20220823 11:42:05.703"/>
</kw>
<kw name="Log To Console" library="BuiltIn">
<arg>This is Search Testcase</arg>
<doc>Logs the given message to the console.</doc>
<status status="PASS" starttime="20220823 11:42:05.703" endtime="20220823 11:42:05.703"/>
</kw>
<kw name="Log To Console" library="BuiltIn" type="TEARDOWN">
<arg>Logout To Application</arg>
<doc>Logs the given message to the console.</doc>
<status status="PASS" starttime="20220823 11:42:05.704" endtime="20220823 11:42:05.704"/>
</kw>
<status status="PASS" starttime="20220823 11:42:05.702" endtime="20220823 11:42:05.704"/>
</test>
<test id="s1-s1-t4" name="TC4 Advanced search" line="19">
<kw name="Log To Console" library="BuiltIn" type="SETUP">
<arg>Login To Application</arg>
<doc>Logs the given message to the console.</doc>
<status status="PASS" starttime="20220823 11:42:05.705" endtime="20220823 11:42:05.705"/>
</kw>
<kw name="Log To Console" library="BuiltIn">
<arg>This is Adv search Testcase</arg>
<doc>Logs the given message to the console.</doc>
<status status="PASS" starttime="20220823 11:42:05.705" endtime="20220823 11:42:05.705"/>
</kw>
<kw name="Log To Console" library="BuiltIn" type="TEARDOWN">
<arg>Logout To Application</arg>
<doc>Logs the given message to the console.</doc>
<status status="PASS" starttime="20220823 11:42:05.706" endtime="20220823 11:42:05.706"/>
</kw>
<status status="PASS" starttime="20220823 11:42:05.704" endtime="20220823 11:42:05.706"/>
</test>
<kw name="Log To Console" library="BuiltIn" type="TEARDOWN">
<arg>Closing Browser</arg>
<doc>Logs the given message to the console.</doc>
<status status="PASS" starttime="20220823 11:42:05.707" endtime="20220823 11:42:05.707"/>
</kw>
<status status="PASS" starttime="20220823 11:42:05.688" endtime="20220823 11:42:05.707"/>
</suite>
<status status="PASS" starttime="20220823 11:42:05.658" endtime="20220823 11:42:05.708"/>
</suite>
<statistics>
<total>
<stat pass="4" fail="0" skip="0">All Tests</stat>
</total>
<tag>
</tag>
<suite>
<stat pass="4" fail="0" skip="0" id="s1" name="Suites">Suites</stat>
<stat pass="4" fail="0" skip="0" id="s1-s1" name="SetupandTeardown">Suites.SetupandTeardown</stat>
</suite>
</statistics>
<errors>
</errors>
</robot>
