<?xml version="1.0" encoding="UTF-8"?>
<robot generator="Robot 5.0.1 (Python 3.10.6 on win32)" generated="20220901 10:38:27.722" rpa="false" schemaversion="3">
<suite id="s1" name="Suites">
<suite id="s1-s1" name="SetupandTeardown" source="C:\Users\Saurabh\PycharmProjects\Automation\TestCases\SetupandTeardown.robot">
<kw name="Log To Console" library="BuiltIn" type="SETUP">
<arg>Opening Browser</arg>
<doc>Logs the given message to the console.</doc>
<status status="PASS" starttime="20220901 10:38:27.753" endtime="20220901 10:38:27.754"/>
</kw>
<test id="s1-s1-t1" name="TC1 Prepaid recharge" line="10">
<kw name="Log To Console" library="BuiltIn" type="SETUP">
<arg>Login To Application</arg>
<doc>Logs the given message to the console.</doc>
<status status="PASS" starttime="20220901 10:38:27.754" endtime="20220901 10:38:27.754"/>
</kw>
<kw name="Log To Console" library="BuiltIn">
<arg>This is Prepaid Recharge Testcase</arg>
<doc>Logs the given message to the console.</doc>
<status status="PASS" starttime="20220901 10:38:27.754" endtime="20220901 10:38:27.754"/>
</kw>
<kw name="Log To Console" library="BuiltIn" type="TEARDOWN">
<arg>Logout To Application</arg>
<doc>Logs the given message to the console.</doc>
<status status="PASS" starttime="20220901 10:38:27.754" endtime="20220901 10:38:27.754"/>
</kw>
<status status="PASS" starttime="20220901 10:38:27.754" endtime="20220901 10:38:27.754"/>
</test>
<test id="s1-s1-t2" name="TC2 Postpaid Recharge" line="13">
<kw name="Log To Console" library="BuiltIn" type="SETUP">
<arg>Login To Application</arg>
<doc>Logs the given message to the console.</doc>
<status status="PASS" starttime="20220901 10:38:27.780" endtime="20220901 10:38:27.781"/>
</kw>
<kw name="Log To Console" library="BuiltIn">
<arg>This is Postpaid Recharge Testcase</arg>
<doc>Logs the given message to the console.</doc>
<status status="PASS" starttime="20220901 10:38:27.781" endtime="20220901 10:38:27.782"/>
</kw>
<kw name="Log To Console" library="BuiltIn" type="TEARDOWN">
<arg>Logout To Application</arg>
<doc>Logs the given message to the console.</doc>
<status status="PASS" starttime="20220901 10:38:27.782" endtime="20220901 10:38:27.782"/>
</kw>
<status status="PASS" starttime="20220901 10:38:27.779" endtime="20220901 10:38:27.782"/>
</test>
<test id="s1-s1-t3" name="TC3 Search" line="16">
<kw name="Log To Console" library="BuiltIn" type="SETUP">
<arg>Login To Application</arg>
<doc>Logs the given message to the console.</doc>
<status status="PASS" starttime="20220901 10:38:27.782" endtime="20220901 10:38:27.782"/>
</kw>
<kw name="Log To Console" library="BuiltIn">
<arg>This is Search Testcase</arg>
<doc>Logs the given message to the console.</doc>
<status status="PASS" starttime="20220901 10:38:27.782" endtime="20220901 10:38:27.782"/>
</kw>
<kw name="Log To Console" library="BuiltIn" type="TEARDOWN">
<arg>Logout To Application</arg>
<doc>Logs the given message to the console.</doc>
<status status="PASS" starttime="20220901 10:38:27.782" endtime="20220901 10:38:27.782"/>
</kw>
<status status="PASS" starttime="20220901 10:38:27.782" endtime="20220901 10:38:27.782"/>
</test>
<test id="s1-s1-t4" name="TC4 Advanced search" line="19">
<kw name="Log To Console" library="BuiltIn" type="SETUP">
<arg>Login To Application</arg>
<doc>Logs the given message to the console.</doc>
<status status="PASS" starttime="20220901 10:38:27.782" endtime="20220901 10:38:27.791"/>
</kw>
<kw name="Log To Console" library="BuiltIn">
<arg>This is Adv search Testcase</arg>
<doc>Logs the given message to the console.</doc>
<status status="PASS" starttime="20220901 10:38:27.791" endtime="20220901 10:38:27.792"/>
</kw>
<kw name="Log To Console" library="BuiltIn" type="TEARDOWN">
<arg>Logout To Application</arg>
<doc>Logs the given message to the console.</doc>
<status status="PASS" starttime="20220901 10:38:27.793" endtime="20220901 10:38:27.796"/>
</kw>
<status status="PASS" starttime="20220901 10:38:27.782" endtime="20220901 10:38:27.796"/>
</test>
<kw name="Log To Console" library="BuiltIn" type="TEARDOWN">
<arg>Closing Browser</arg>
<doc>Logs the given message to the console.</doc>
<status status="PASS" starttime="20220901 10:38:27.798" endtime="20220901 10:38:27.799"/>
</kw>
<status status="PASS" starttime="20220901 10:38:27.746" endtime="20220901 10:38:27.800"/>
</suite>
<status status="PASS" starttime="20220901 10:38:27.732" endtime="20220901 10:38:27.801"/>
</suite>
<statistics>
<total>
<stat pass="4" fail="0" skip="0">All Tests</stat>
</total>
<tag>
</tag>
<suite>
<stat pass="4" fail="0" skip="0" id="s1" name="Suites">Suites</stat>
<stat pass="4" fail="0" skip="0" id="s1-s1" name="SetupandTeardown">Suites.SetupandTeardown</stat>
</suite>
</statistics>
<errors>
</errors>
</robot>
