<?xml version="1.0" encoding="UTF-8"?>
<robot generator="Robot 5.0.1 (Python 3.10.6 on win32)" generated="20220823 11:43:15.390" rpa="false" schemaversion="3">
<suite id="s1" name="Suites">
<suite id="s1-s1" name="UserKeywords" source="C:\Users\Saurabh\PycharmProjects\Automation\TestCases\UserKeywords.robot">
<test id="s1-s1-t1" name="TC1" line="10">
<kw name="launchbrowser" library="resources">
<var>${PageTitle}</var>
<arg>${url}</arg>
<arg>${browser}</arg>
<kw name="Open Browser" library="SeleniumLibrary">
<arg>${appurl}</arg>
<arg>${appbrowser}</arg>
<doc>Opens a new browser instance to the optional ``url``.</doc>
<msg timestamp="20220823 11:43:16.056" level="INFO">Opening browser 'Firefox' to base url 'https://demo.guru99.com/selenium/newtours/'.</msg>
<msg timestamp="20220823 11:43:16.056" level="INFO">Firefox driver log is always forced to to: C:\Users\Saurabh\PycharmProjects\Automation\pabot_results\25\geckodriver-1.log</msg>
<status status="PASS" starttime="20220823 11:43:16.056" endtime="20220823 11:43:24.796"/>
</kw>
<kw name="Maximize Browser Window" library="SeleniumLibrary">
<doc>Maximizes current browser window.</doc>
<status status="PASS" starttime="20220823 11:43:24.796" endtime="20220823 11:43:25.063"/>
</kw>
<kw name="Get Title" library="SeleniumLibrary">
<var>${title}</var>
<doc>Returns the title of the current page.</doc>
<msg timestamp="20220823 11:43:25.063" level="INFO">${title} = Welcome: Mercury Tours</msg>
<status status="PASS" starttime="20220823 11:43:25.063" endtime="20220823 11:43:25.063"/>
</kw>
<msg timestamp="20220823 11:43:25.075" level="INFO">${PageTitle} = Welcome: Mercury Tours</msg>
<status status="PASS" starttime="20220823 11:43:16.054" endtime="20220823 11:43:25.075"/>
</kw>
<kw name="Log To Console" library="BuiltIn">
<arg>${PageTitle}</arg>
<doc>Logs the given message to the console.</doc>
<status status="PASS" starttime="20220823 11:43:25.075" endtime="20220823 11:43:25.075"/>
</kw>
<kw name="Log" library="BuiltIn">
<arg>${PageTitle}</arg>
<doc>Logs the given message with the given level.</doc>
<msg timestamp="20220823 11:43:25.078" level="INFO">Welcome: Mercury Tours</msg>
<status status="PASS" starttime="20220823 11:43:25.075" endtime="20220823 11:43:25.078"/>
</kw>
<kw name="Input Text" library="SeleniumLibrary">
<arg>userName</arg>
<arg>mercury</arg>
<doc>Types the given ``text`` into the text field identified by ``locator``.</doc>
<msg timestamp="20220823 11:43:25.078" level="INFO">Typing text 'mercury' into text field 'userName'.</msg>
<status status="PASS" starttime="20220823 11:43:25.078" endtime="20220823 11:43:25.199"/>
</kw>
<kw name="Input Text" library="SeleniumLibrary">
<arg>password</arg>
<arg>mercury</arg>
<doc>Types the given ``text`` into the text field identified by ``locator``.</doc>
<msg timestamp="20220823 11:43:25.199" level="INFO">Typing text 'mercury' into text field 'password'.</msg>
<status status="PASS" starttime="20220823 11:43:25.199" endtime="20220823 11:43:25.247"/>
</kw>
<status status="PASS" starttime="20220823 11:43:16.054" endtime="20220823 11:43:25.247"/>
</test>
<status status="PASS" starttime="20220823 11:43:15.442" endtime="20220823 11:43:25.247"/>
</suite>
<status status="PASS" starttime="20220823 11:43:15.411" endtime="20220823 11:43:25.251"/>
</suite>
<statistics>
<total>
<stat pass="1" fail="0" skip="0">All Tests</stat>
</total>
<tag>
</tag>
<suite>
<stat pass="1" fail="0" skip="0" id="s1" name="Suites">Suites</stat>
<stat pass="1" fail="0" skip="0" id="s1-s1" name="UserKeywords">Suites.UserKeywords</stat>
</suite>
</statistics>
<errors>
</errors>
</robot>
