<?xml version="1.0" encoding="UTF-8"?>
<robot generator="Robot 5.0.1 (Python 3.10.6 on win32)" generated="20220901 10:39:13.513" rpa="false" schemaversion="3">
<suite id="s1" name="Suites">
<suite id="s1-s1" name="TimeOutTests" source="C:\Users\Saurabh\PycharmProjects\Automation\TestCases\TimeOutTests.robot">
<test id="s1-s1-t1" name="RegTest" line="7">
<kw name="Open Browser" library="SeleniumLibrary">
<arg>http://demowebshop.tricentis.com/register</arg>
<arg>Firefox</arg>
<doc>Opens a new browser instance to the optional ``url``.</doc>
<msg timestamp="20220901 10:39:13.750" level="INFO">Opening browser 'Firefox' to base url 'http://demowebshop.tricentis.com/register'.</msg>
<msg timestamp="20220901 10:39:13.750" level="INFO">Firefox driver log is always forced to to: C:\Users\Saurabh\PycharmProjects\Automation\Results\pabot_results\24\geckodriver-1.log</msg>
<status status="PASS" starttime="20220901 10:39:13.750" endtime="20220901 10:39:22.095"/>
</kw>
<kw name="Maximize Browser Window" library="SeleniumLibrary">
<doc>Maximizes current browser window.</doc>
<status status="PASS" starttime="20220901 10:39:22.095" endtime="20220901 10:39:22.102"/>
</kw>
<kw name="Get Selenium Timeout" library="SeleniumLibrary">
<var>${time}</var>
<doc>Gets the timeout that is used by various keywords.</doc>
<msg timestamp="20220901 10:39:22.103" level="INFO">${time} = 5 seconds</msg>
<status status="PASS" starttime="20220901 10:39:22.103" endtime="20220901 10:39:22.103"/>
</kw>
<kw name="Log To Console" library="BuiltIn">
<arg>${time}</arg>
<doc>Logs the given message to the console.</doc>
<status status="PASS" starttime="20220901 10:39:22.104" endtime="20220901 10:39:22.104"/>
</kw>
<kw name="Set Selenium Timeout" library="SeleniumLibrary">
<arg>10</arg>
<arg>seconds</arg>
<doc>Sets the timeout that is used by various keywords.</doc>
<msg timestamp="20220901 10:39:22.105" level="FAIL">Keyword 'SeleniumLibrary.Set Selenium Timeout' expected 1 argument, got 2.</msg>
<status status="FAIL" starttime="20220901 10:39:22.105" endtime="20220901 10:39:22.105"/>
</kw>
<kw name="Wait Until Page Contains" library="SeleniumLibrary">
<arg>Registration #5seconds</arg>
<doc>Waits until ``text`` appears on the current page.</doc>
<status status="NOT RUN" starttime="20220901 10:39:22.105" endtime="20220901 10:39:22.105"/>
</kw>
<kw name="Select Radio Button" library="SeleniumLibrary">
<arg>Gender</arg>
<arg>M</arg>
<doc>Sets the radio button group ``group_name`` to ``value``.</doc>
<status status="NOT RUN" starttime="20220901 10:39:22.105" endtime="20220901 10:39:22.105"/>
</kw>
<kw name="Input Text" library="SeleniumLibrary">
<arg>name:FirstName</arg>
<arg>David</arg>
<doc>Types the given ``text`` into the text field identified by ``locator``.</doc>
<status status="NOT RUN" starttime="20220901 10:39:22.107" endtime="20220901 10:39:22.107"/>
</kw>
<kw name="Input Text" library="SeleniumLibrary">
<arg>name:LastName</arg>
<arg>John</arg>
<doc>Types the given ``text`` into the text field identified by ``locator``.</doc>
<status status="NOT RUN" starttime="20220901 10:39:22.107" endtime="20220901 10:39:22.107"/>
</kw>
<kw name="Input Text" library="SeleniumLibrary">
<arg>name:Email</arg>
<arg>anhc@gmail.com</arg>
<doc>Types the given ``text`` into the text field identified by ``locator``.</doc>
<status status="NOT RUN" starttime="20220901 10:39:22.107" endtime="20220901 10:39:22.107"/>
</kw>
<kw name="Input Text" library="SeleniumLibrary">
<arg>name:Password</arg>
<arg>davidjohn</arg>
<doc>Types the given ``text`` into the text field identified by ``locator``.</doc>
<status status="NOT RUN" starttime="20220901 10:39:22.107" endtime="20220901 10:39:22.107"/>
</kw>
<kw name="Input Text" library="SeleniumLibrary">
<arg>name:ConfirmPassword</arg>
<arg>davidjohn</arg>
<doc>Types the given ``text`` into the text field identified by ``locator``.</doc>
<status status="NOT RUN" starttime="20220901 10:39:22.107" endtime="20220901 10:39:22.107"/>
</kw>
<status status="FAIL" starttime="20220901 10:39:13.750" endtime="20220901 10:39:22.110">Keyword 'SeleniumLibrary.Set Selenium Timeout' expected 1 argument, got 2.</status>
</test>
<status status="FAIL" starttime="20220901 10:39:13.531" endtime="20220901 10:39:22.112"/>
</suite>
<status status="FAIL" starttime="20220901 10:39:13.520" endtime="20220901 10:39:22.114"/>
</suite>
<statistics>
<total>
<stat pass="0" fail="1" skip="0">All Tests</stat>
</total>
<tag>
</tag>
<suite>
<stat pass="0" fail="1" skip="0" id="s1" name="Suites">Suites</stat>
<stat pass="0" fail="1" skip="0" id="s1-s1" name="TimeOutTests">Suites.TimeOutTests</stat>
</suite>
</statistics>
<errors>
</errors>
</robot>
