<?xml version="1.0" encoding="UTF-8"?>
<robot generator="Robot 5.0.1 (Python 3.10.6 on win32)" generated="20220901 10:39:22.848" rpa="false" schemaversion="3">
<suite id="s1" name="Suites">
<suite id="s1-s1" name="UserKeywords" source="C:\Users\Saurabh\PycharmProjects\Automation\TestCases\UserKeywords.robot">
<test id="s1-s1-t1" name="TC1" line="10">
<kw name="launchbrowser" library="resources">
<var>${PageTitle}</var>
<arg>${url}</arg>
<arg>${browser}</arg>
<kw name="Open Browser" library="SeleniumLibrary">
<arg>${appurl}</arg>
<arg>${appbrowser}</arg>
<doc>Opens a new browser instance to the optional ``url``.</doc>
<msg timestamp="20220901 10:39:23.054" level="INFO">Opening browser 'Firefox' to base url 'https://demo.guru99.com/selenium/newtours/'.</msg>
<msg timestamp="20220901 10:39:23.083" level="INFO">Firefox driver log is always forced to to: C:\Users\Saurabh\PycharmProjects\Automation\Results\pabot_results\25\geckodriver-1.log</msg>
<status status="PASS" starttime="20220901 10:39:23.054" endtime="20220901 10:39:30.127"/>
</kw>
<kw name="Maximize Browser Window" library="SeleniumLibrary">
<doc>Maximizes current browser window.</doc>
<status status="PASS" starttime="20220901 10:39:30.127" endtime="20220901 10:39:30.132"/>
</kw>
<kw name="Get Title" library="SeleniumLibrary">
<var>${title}</var>
<doc>Returns the title of the current page.</doc>
<msg timestamp="20220901 10:39:30.135" level="INFO">${title} = Welcome: Mercury Tours</msg>
<status status="PASS" starttime="20220901 10:39:30.132" endtime="20220901 10:39:30.135"/>
</kw>
<msg timestamp="20220901 10:39:30.136" level="INFO">${PageTitle} = Welcome: Mercury Tours</msg>
<status status="PASS" starttime="20220901 10:39:23.054" endtime="20220901 10:39:30.136"/>
</kw>
<kw name="Log To Console" library="BuiltIn">
<arg>${PageTitle}</arg>
<doc>Logs the given message to the console.</doc>
<status status="PASS" starttime="20220901 10:39:30.136" endtime="20220901 10:39:30.137"/>
</kw>
<kw name="Log" library="BuiltIn">
<arg>${PageTitle}</arg>
<doc>Logs the given message with the given level.</doc>
<msg timestamp="20220901 10:39:30.137" level="INFO">Welcome: Mercury Tours</msg>
<status status="PASS" starttime="20220901 10:39:30.137" endtime="20220901 10:39:30.138"/>
</kw>
<kw name="Input Text" library="SeleniumLibrary">
<arg>userName</arg>
<arg>mercury</arg>
<doc>Types the given ``text`` into the text field identified by ``locator``.</doc>
<msg timestamp="20220901 10:39:30.139" level="INFO">Typing text 'mercury' into text field 'userName'.</msg>
<status status="PASS" starttime="20220901 10:39:30.138" endtime="20220901 10:39:30.208"/>
</kw>
<kw name="Input Text" library="SeleniumLibrary">
<arg>password</arg>
<arg>mercury</arg>
<doc>Types the given ``text`` into the text field identified by ``locator``.</doc>
<msg timestamp="20220901 10:39:30.209" level="INFO">Typing text 'mercury' into text field 'password'.</msg>
<status status="PASS" starttime="20220901 10:39:30.209" endtime="20220901 10:39:30.229"/>
</kw>
<status status="PASS" starttime="20220901 10:39:23.054" endtime="20220901 10:39:30.230"/>
</test>
<status status="PASS" starttime="20220901 10:39:22.883" endtime="20220901 10:39:30.231"/>
</suite>
<status status="PASS" starttime="20220901 10:39:22.862" endtime="20220901 10:39:30.232"/>
</suite>
<statistics>
<total>
<stat pass="1" fail="0" skip="0">All Tests</stat>
</total>
<tag>
</tag>
<suite>
<stat pass="1" fail="0" skip="0" id="s1" name="Suites">Suites</stat>
<stat pass="1" fail="0" skip="0" id="s1-s1" name="UserKeywords">Suites.UserKeywords</stat>
</suite>
</statistics>
<errors>
</errors>
</robot>
