<?xml version="1.0" encoding="UTF-8"?>
<robot generator="Robot 5.0.1 (Python 3.10.6 on win32)" generated="20220823 11:41:56.262" rpa="false" schemaversion="3">
<suite id="s1" name="Suites">
<suite id="s1-s1" name="ScrollingPage" source="C:\Users\Saurabh\PycharmProjects\Automation\TestCases\ScrollingPage.robot">
<test id="s1-s1-t1" name="ScrollingTest" line="6">
<kw name="Open Browser" library="SeleniumLibrary">
<arg>https://www.countries-ofthe-world.com/flags-of-the-world.html</arg>
<arg>Firefox</arg>
<doc>Opens a new browser instance to the optional ``url``.</doc>
<msg timestamp="20220823 11:41:56.829" level="INFO">Opening browser 'Firefox' to base url 'https://www.countries-ofthe-world.com/flags-of-the-world.html'.</msg>
<msg timestamp="20220823 11:41:56.832" level="INFO">Firefox driver log is always forced to to: C:\Users\Saurabh\PycharmProjects\Automation\pabot_results\16\geckodriver-1.log</msg>
<status status="PASS" starttime="20220823 11:41:56.828" endtime="20220823 11:42:11.672"/>
</kw>
<kw name="Maximize Browser Window" library="SeleniumLibrary">
<doc>Maximizes current browser window.</doc>
<status status="PASS" starttime="20220823 11:42:11.673" endtime="20220823 11:42:11.930"/>
</kw>
<kw name="Execute Javascript" library="SeleniumLibrary">
<arg>window.scrollTo(0,document.body.scrollHeight)</arg>
<doc>Executes the given JavaScript code with possible arguments.</doc>
<msg timestamp="20220823 11:42:11.934" level="INFO">Executing JavaScript:
window.scrollTo(0,document.body.scrollHeight)
Without any arguments.</msg>
<status status="PASS" starttime="20220823 11:42:11.931" endtime="20220823 11:42:11.964"/>
</kw>
<kw name="Sleep" library="BuiltIn">
<arg>5</arg>
<doc>Pauses the test executed for the given time.</doc>
<msg timestamp="20220823 11:42:16.971" level="INFO">Slept 5 seconds</msg>
<status status="PASS" starttime="20220823 11:42:11.964" endtime="20220823 11:42:16.971"/>
</kw>
<kw name="Execute Javascript" library="SeleniumLibrary">
<arg>window.scrollTo(0,-document.body.scrollHeight)</arg>
<doc>Executes the given JavaScript code with possible arguments.</doc>
<msg timestamp="20220823 11:42:16.972" level="INFO">Executing JavaScript:
window.scrollTo(0,-document.body.scrollHeight)
Without any arguments.</msg>
<status status="PASS" starttime="20220823 11:42:16.971" endtime="20220823 11:42:16.978"/>
</kw>
<status status="PASS" starttime="20220823 11:41:56.826" endtime="20220823 11:42:16.978"/>
</test>
<status status="PASS" starttime="20220823 11:41:56.362" endtime="20220823 11:42:16.979"/>
</suite>
<status status="PASS" starttime="20220823 11:41:56.286" endtime="20220823 11:42:16.981"/>
</suite>
<statistics>
<total>
<stat pass="1" fail="0" skip="0">All Tests</stat>
</total>
<tag>
</tag>
<suite>
<stat pass="1" fail="0" skip="0" id="s1" name="Suites">Suites</stat>
<stat pass="1" fail="0" skip="0" id="s1-s1" name="ScrollingPage">Suites.ScrollingPage</stat>
</suite>
</statistics>
<errors>
</errors>
</robot>
