<?xml version="1.0" encoding="UTF-8"?>
<robot generator="Robot 5.0.1 (Python 3.10.6 on win32)" generated="20220823 11:40:34.202" rpa="false" schemaversion="3">
<suite id="s1" name="Suites">
<suite id="s1-s1" name="Dropdowns" source="C:\Users\Saurabh\PycharmProjects\Automation\TestCases\Dropdowns.robot">
<test id="s1-s1-t1" name="Handle Dropdown and Lists" line="11">
<kw name="Open Browser" library="SeleniumLibrary">
<arg>${url}</arg>
<arg>${browser}</arg>
<doc>Opens a new browser instance to the optional ``url``.</doc>
<msg timestamp="20220823 11:40:34.689" level="INFO">Opening browser 'Firefox' to base url 'https://demo.automationtesting.in/Register.html'.</msg>
<msg timestamp="20220823 11:40:34.690" level="INFO">Firefox driver log is always forced to to: C:\Users\Saurabh\PycharmProjects\Automation\pabot_results\5\geckodriver-1.log</msg>
<status status="PASS" starttime="20220823 11:40:34.688" endtime="20220823 11:40:44.004"/>
</kw>
<kw name="Maximize Browser Window" library="SeleniumLibrary">
<doc>Maximizes current browser window.</doc>
<status status="PASS" starttime="20220823 11:40:44.005" endtime="20220823 11:40:44.328"/>
</kw>
<kw name="Select From List By Label" library="SeleniumLibrary">
<arg>Skills</arg>
<arg>CSS</arg>
<doc>Selects options from selection list ``locator`` by ``labels``.</doc>
<msg timestamp="20220823 11:40:44.331" level="INFO">Selecting options from selection list 'Skills' by label CSS.</msg>
<status status="PASS" starttime="20220823 11:40:44.329" endtime="20220823 11:40:44.621"/>
</kw>
<kw name="Sleep" library="BuiltIn">
<arg>3</arg>
<doc>Pauses the test executed for the given time.</doc>
<msg timestamp="20220823 11:40:47.629" level="INFO">Slept 3 seconds</msg>
<status status="PASS" starttime="20220823 11:40:44.621" endtime="20220823 11:40:47.629"/>
</kw>
<kw name="Select From List By Index" library="SeleniumLibrary">
<arg>Skills</arg>
<arg>6</arg>
<doc>Selects options from selection list ``locator`` by ``indexes``.</doc>
<msg timestamp="20220823 11:40:47.630" level="INFO">Selecting options from selection list 'Skills' by index 6.</msg>
<msg timestamp="20220823 11:40:47.930" level="INFO" html="true">&lt;/td&gt;&lt;/tr&gt;&lt;tr&gt;&lt;td colspan="3"&gt;&lt;a href="selenium-screenshot-1.png"&gt;&lt;img src="selenium-screenshot-1.png" width="800px"&gt;&lt;/a&gt;</msg>
<msg timestamp="20220823 11:40:47.931" level="FAIL">ElementClickInterceptedException: Message: Element &lt;select id="Skills" class="form-control ng-valid ng-dirty ng-valid-parse ng-touched" type="text"&gt; is not clickable at point (621,604) because another element &lt;div class="grippy-host"&gt; obscures it
Stacktrace:
WebDriverError@chrome://remote/content/shared/webdriver/Errors.jsm:188:5
ElementClickInterceptedError@chrome://remote/content/shared/webdriver/Errors.jsm:287:5
webdriverClickElement@chrome://remote/content/marionette/interaction.js:166:11
interaction.clickElement@chrome://remote/content/marionette/interaction.js:125:11
clickElement@chrome://remote/content/marionette/actors/MarionetteCommandsChild.jsm:205:29
receiveMessage@chrome://remote/content/marionette/actors/MarionetteCommandsChild.jsm:93:31
</msg>
<status status="FAIL" starttime="20220823 11:40:47.629" endtime="20220823 11:40:47.977"/>
</kw>
<kw name="Close Browser" library="SeleniumLibrary">
<doc>Closes the current browser.</doc>
<status status="NOT RUN" starttime="20220823 11:40:47.977" endtime="20220823 11:40:47.977"/>
</kw>
<status status="FAIL" starttime="20220823 11:40:34.687" endtime="20220823 11:40:47.978">ElementClickInterceptedException: Message: Element &lt;select id="Skills" class="form-control ng-valid ng-dirty ng-valid-parse ng-touched" type="text"&gt; is not clickable at point (621,604) because another element &lt;div class="grippy-host"&gt; obscures it
Stacktrace:
WebDriverError@chrome://remote/content/shared/webdriver/Errors.jsm:188:5
ElementClickInterceptedError@chrome://remote/content/shared/webdriver/Errors.jsm:287:5
webdriverClickElement@chrome://remote/content/marionette/interaction.js:166:11
interaction.clickElement@chrome://remote/content/marionette/interaction.js:125:11
clickElement@chrome://remote/content/marionette/actors/MarionetteCommandsChild.jsm:205:29
receiveMessage@chrome://remote/content/marionette/actors/MarionetteCommandsChild.jsm:93:31
</status>
</test>
<status status="FAIL" starttime="20220823 11:40:34.252" endtime="20220823 11:40:47.979"/>
</suite>
<status status="FAIL" starttime="20220823 11:40:34.213" endtime="20220823 11:40:47.980"/>
</suite>
<statistics>
<total>
<stat pass="0" fail="1" skip="0">All Tests</stat>
</total>
<tag>
</tag>
<suite>
<stat pass="0" fail="1" skip="0" id="s1" name="Suites">Suites</stat>
<stat pass="0" fail="1" skip="0" id="s1-s1" name="Dropdowns">Suites.Dropdowns</stat>
</suite>
</statistics>
<errors>
</errors>
</robot>
