<?xml version="1.0" encoding="UTF-8"?>
<robot generator="Robot 5.0.1 (Python 3.10.6 on win32)" generated="20220901 10:37:41.104" rpa="false" schemaversion="3">
<suite id="s1" name="Suites">
<suite id="s1-s1" name="LoginTest" source="C:\Users\Saurabh\PycharmProjects\Automation\TestCases\LoginTest.robot">
<test id="s1-s1-t1" name="LoginTest" line="13">
<kw name="Open my Browser" library="LoginKeywords">
<arg>${SiteUrl}</arg>
<arg>${Browser}</arg>
<kw name="Open Browser" library="SeleniumLibrary">
<arg>${SiteUrl}</arg>
<arg>${Browser}</arg>
<doc>Opens a new browser instance to the optional ``url``.</doc>
<msg timestamp="20220901 10:37:41.531" level="INFO">Opening browser 'Firefox' to base url 'https://demo.guru99.com/selenium/newtours/index.php'.</msg>
<msg timestamp="20220901 10:37:41.533" level="INFO">Firefox driver log is always forced to to: C:\Users\Saurabh\PycharmProjects\Automation\Results\pabot_results\11\geckodriver-1.log</msg>
<status status="PASS" starttime="20220901 10:37:41.531" endtime="20220901 10:37:48.682"/>
</kw>
<kw name="Maximize Browser Window" library="SeleniumLibrary">
<doc>Maximizes current browser window.</doc>
<status status="PASS" starttime="20220901 10:37:48.683" endtime="20220901 10:37:48.687"/>
</kw>
<status status="PASS" starttime="20220901 10:37:41.529" endtime="20220901 10:37:48.687"/>
</kw>
<kw name="Enter Usersname" library="LoginKeywords">
<arg>${user}</arg>
<kw name="Input Text" library="SeleniumLibrary">
<arg>txt_loginUserName</arg>
<arg>${username}</arg>
<doc>Types the given ``text`` into the text field identified by ``locator``.</doc>
<msg timestamp="20220901 10:37:48.687" level="INFO">Typing text 'saurabh123' into text field 'txt_loginUserName'.</msg>
<msg timestamp="20220901 10:37:48.802" level="INFO" html="true">&lt;/td&gt;&lt;/tr&gt;&lt;tr&gt;&lt;td colspan="3"&gt;&lt;a href="selenium-screenshot-1.png"&gt;&lt;img src="selenium-screenshot-1.png" width="800px"&gt;&lt;/a&gt;</msg>
<msg timestamp="20220901 10:37:48.804" level="FAIL">Element with locator 'txt_loginUserName' not found.</msg>
<status status="FAIL" starttime="20220901 10:37:48.687" endtime="20220901 10:37:48.809"/>
</kw>
<status status="FAIL" starttime="20220901 10:37:48.687" endtime="20220901 10:37:48.811"/>
</kw>
<kw name="Enter Password" library="LoginKeywords">
<arg>${pwd}</arg>
<status status="NOT RUN" starttime="20220901 10:37:48.811" endtime="20220901 10:37:48.811"/>
</kw>
<kw name="click Signin" library="LoginKeywords">
<status status="NOT RUN" starttime="20220901 10:37:48.811" endtime="20220901 10:37:48.813"/>
</kw>
<kw name="Verify Successful Login" library="LoginKeywords">
<status status="NOT RUN" starttime="20220901 10:37:48.813" endtime="20220901 10:37:48.813"/>
</kw>
<kw name="Close My Browsers" library="LoginKeywords">
<status status="NOT RUN" starttime="20220901 10:37:48.814" endtime="20220901 10:37:48.814"/>
</kw>
<status status="FAIL" starttime="20220901 10:37:41.528" endtime="20220901 10:37:48.814">Element with locator 'txt_loginUserName' not found.</status>
</test>
<status status="FAIL" starttime="20220901 10:37:41.147" endtime="20220901 10:37:48.816"/>
</suite>
<status status="FAIL" starttime="20220901 10:37:41.125" endtime="20220901 10:37:48.818"/>
</suite>
<statistics>
<total>
<stat pass="0" fail="1" skip="0">All Tests</stat>
</total>
<tag>
</tag>
<suite>
<stat pass="0" fail="1" skip="0" id="s1" name="Suites">Suites</stat>
<stat pass="0" fail="1" skip="0" id="s1-s1" name="LoginTest">Suites.LoginTest</stat>
</suite>
</statistics>
<errors>
</errors>
</robot>
