<?xml version="1.0" encoding="UTF-8"?>
<robot generator="Robot 5.0.1 (Python 3.10.6 on win32)" generated="20220901 10:38:19.163" rpa="false" schemaversion="3">
<suite id="s1" name="Suites">
<suite id="s1-s1" name="ScrollingPage" source="C:\Users\Saurabh\PycharmProjects\Automation\TestCases\ScrollingPage.robot">
<test id="s1-s1-t1" name="ScrollingTest" line="6">
<kw name="Open Browser" library="SeleniumLibrary">
<arg>https://www.countries-ofthe-world.com/flags-of-the-world.html</arg>
<arg>Firefox</arg>
<doc>Opens a new browser instance to the optional ``url``.</doc>
<msg timestamp="20220901 10:38:19.446" level="INFO">Opening browser 'Firefox' to base url 'https://www.countries-ofthe-world.com/flags-of-the-world.html'.</msg>
<msg timestamp="20220901 10:38:19.447" level="INFO">Firefox driver log is always forced to to: C:\Users\Saurabh\PycharmProjects\Automation\Results\pabot_results\16\geckodriver-1.log</msg>
<status status="PASS" starttime="20220901 10:38:19.445" endtime="20220901 10:38:29.872"/>
</kw>
<kw name="Maximize Browser Window" library="SeleniumLibrary">
<doc>Maximizes current browser window.</doc>
<status status="PASS" starttime="20220901 10:38:29.872" endtime="20220901 10:38:29.875"/>
</kw>
<kw name="Execute Javascript" library="SeleniumLibrary">
<arg>window.scrollTo(0,document.body.scrollHeight)</arg>
<doc>Executes the given JavaScript code with possible arguments.</doc>
<msg timestamp="20220901 10:38:29.878" level="INFO">Executing JavaScript:
window.scrollTo(0,document.body.scrollHeight)
Without any arguments.</msg>
<status status="PASS" starttime="20220901 10:38:29.875" endtime="20220901 10:38:29.956"/>
</kw>
<kw name="Sleep" library="BuiltIn">
<arg>5</arg>
<doc>Pauses the test executed for the given time.</doc>
<msg timestamp="20220901 10:38:34.966" level="INFO">Slept 5 seconds</msg>
<status status="PASS" starttime="20220901 10:38:29.956" endtime="20220901 10:38:34.967"/>
</kw>
<kw name="Execute Javascript" library="SeleniumLibrary">
<arg>window.scrollTo(0,-document.body.scrollHeight)</arg>
<doc>Executes the given JavaScript code with possible arguments.</doc>
<msg timestamp="20220901 10:38:34.974" level="INFO">Executing JavaScript:
window.scrollTo(0,-document.body.scrollHeight)
Without any arguments.</msg>
<status status="PASS" starttime="20220901 10:38:34.967" endtime="20220901 10:38:35.002"/>
</kw>
<status status="PASS" starttime="20220901 10:38:19.444" endtime="20220901 10:38:35.003"/>
</test>
<status status="PASS" starttime="20220901 10:38:19.195" endtime="20220901 10:38:35.006"/>
</suite>
<status status="PASS" starttime="20220901 10:38:19.179" endtime="20220901 10:38:35.015"/>
</suite>
<statistics>
<total>
<stat pass="1" fail="0" skip="0">All Tests</stat>
</total>
<tag>
</tag>
<suite>
<stat pass="1" fail="0" skip="0" id="s1" name="Suites">Suites</stat>
<stat pass="1" fail="0" skip="0" id="s1-s1" name="ScrollingPage">Suites.ScrollingPage</stat>
</suite>
</statistics>
<errors>
</errors>
</robot>
