<?xml version="1.0" encoding="UTF-8"?>
<robot generator="Robot 5.0.1 (Python 3.10.6 on win32)" generated="20220823 11:42:17.844" rpa="false" schemaversion="3">
<suite id="s1" name="Suites">
<suite id="s1-s1" name="SwitchMultipleBrowser" source="C:\Users\Saurabh\PycharmProjects\Automation\TestCases\SwitchMultipleBrowser.robot">
<test id="s1-s1-t1" name="MultipleBrowseTest" line="7">
<kw name="Open Browser" library="SeleniumLibrary">
<arg>https://www.google.co.in/</arg>
<arg>Edge</arg>
<doc>Opens a new browser instance to the optional ``url``.</doc>
<msg timestamp="20220823 11:42:18.240" level="INFO">Opening browser 'Edge' to base url 'https://www.google.co.in/'.</msg>
<status status="PASS" starttime="20220823 11:42:18.239" endtime="20220823 11:42:23.340"/>
</kw>
<kw name="Maximize Browser Window" library="SeleniumLibrary">
<doc>Maximizes current browser window.</doc>
<status status="PASS" starttime="20220823 11:42:23.340" endtime="20220823 11:42:23.563"/>
</kw>
<kw name="Sleep" library="BuiltIn">
<arg>3</arg>
<doc>Pauses the test executed for the given time.</doc>
<msg timestamp="20220823 11:42:26.578" level="INFO">Slept 3 seconds</msg>
<status status="PASS" starttime="20220823 11:42:23.563" endtime="20220823 11:42:26.578"/>
</kw>
<kw name="Open Browser" library="SeleniumLibrary">
<arg>https://www.bing.com/</arg>
<arg>Edge</arg>
<doc>Opens a new browser instance to the optional ``url``.</doc>
<msg timestamp="20220823 11:42:26.579" level="INFO">Opening browser 'Edge' to base url 'https://www.bing.com/'.</msg>
<status status="PASS" starttime="20220823 11:42:26.578" endtime="20220823 11:42:32.078"/>
</kw>
<kw name="Maximize Browser Window" library="SeleniumLibrary">
<doc>Maximizes current browser window.</doc>
<status status="PASS" starttime="20220823 11:42:32.078" endtime="20220823 11:42:32.509"/>
</kw>
<kw name="Switch Browser" library="SeleniumLibrary">
<arg>1</arg>
<doc>Switches between active browsers using ``index_or_alias``.</doc>
<status status="PASS" starttime="20220823 11:42:32.509" endtime="20220823 11:42:32.510"/>
</kw>
<kw name="Get Title" library="SeleniumLibrary">
<var>${Title1}</var>
<doc>Returns the title of the current page.</doc>
<msg timestamp="20220823 11:42:32.904" level="INFO">${Title1} = Google</msg>
<status status="PASS" starttime="20220823 11:42:32.510" endtime="20220823 11:42:32.904"/>
</kw>
<kw name="Log To Console" library="BuiltIn">
<arg>${Title1}</arg>
<doc>Logs the given message to the console.</doc>
<status status="PASS" starttime="20220823 11:42:32.904" endtime="20220823 11:42:32.905"/>
</kw>
<kw name="Switch Browser" library="SeleniumLibrary">
<arg>2</arg>
<doc>Switches between active browsers using ``index_or_alias``.</doc>
<status status="PASS" starttime="20220823 11:42:32.905" endtime="20220823 11:42:32.906"/>
</kw>
<kw name="Get Title" library="SeleniumLibrary">
<var>${Title2}</var>
<doc>Returns the title of the current page.</doc>
<msg timestamp="20220823 11:42:33.364" level="INFO">${Title2} = Bing</msg>
<status status="PASS" starttime="20220823 11:42:32.906" endtime="20220823 11:42:33.364"/>
</kw>
<kw name="Log To Console" library="BuiltIn">
<arg>${Title2}</arg>
<doc>Logs the given message to the console.</doc>
<status status="PASS" starttime="20220823 11:42:33.364" endtime="20220823 11:42:33.365"/>
</kw>
<kw name="Sleep" library="BuiltIn">
<arg>3</arg>
<doc>Pauses the test executed for the given time.</doc>
<msg timestamp="20220823 11:42:36.443" level="INFO">Slept 3 seconds</msg>
<status status="PASS" starttime="20220823 11:42:33.366" endtime="20220823 11:42:36.443"/>
</kw>
<kw name="Close All Browsers" library="SeleniumLibrary">
<doc>Closes all open browsers and resets the browser cache.</doc>
<status status="PASS" starttime="20220823 11:42:36.444" endtime="20220823 11:42:43.199"/>
</kw>
<status status="PASS" starttime="20220823 11:42:18.238" endtime="20220823 11:42:43.199"/>
</test>
<status status="PASS" starttime="20220823 11:42:17.886" endtime="20220823 11:42:43.199"/>
</suite>
<status status="PASS" starttime="20220823 11:42:17.861" endtime="20220823 11:42:43.205"/>
</suite>
<statistics>
<total>
<stat pass="1" fail="0" skip="0">All Tests</stat>
</total>
<tag>
</tag>
<suite>
<stat pass="1" fail="0" skip="0" id="s1" name="Suites">Suites</stat>
<stat pass="1" fail="0" skip="0" id="s1-s1" name="SwitchMultipleBrowser">Suites.SwitchMultipleBrowser</stat>
</suite>
</statistics>
<errors>
</errors>
</robot>
