<?xml version="1.0" encoding="UTF-8"?>
<robot generator="Robot 5.0.1 (Python 3.10.6 on win32)" generated="20220901 10:39:12.572" rpa="false" schemaversion="3">
<suite id="s1" name="Suites">
<suite id="s1-s1" name="Tagging" source="C:\Users\Saurabh\PycharmProjects\Automation\TestCases\Tagging.robot">
<test id="s1-s1-t1" name="TC1 User RegistrationTest" line="4">
<kw name="Log To Console" library="BuiltIn">
<arg>This is user Reg Test</arg>
<doc>Logs the given message to the console.</doc>
<status status="PASS" starttime="20220901 10:39:12.615" endtime="20220901 10:39:12.615"/>
</kw>
<kw name="Log To Console" library="BuiltIn">
<arg>User Registration Test is Over</arg>
<doc>Logs the given message to the console.</doc>
<status status="PASS" starttime="20220901 10:39:12.615" endtime="20220901 10:39:12.615"/>
</kw>
<tag>Regression</tag>
<status status="PASS" starttime="20220901 10:39:12.615" endtime="20220901 10:39:12.615"/>
</test>
<test id="s1-s1-t2" name="TC2 LoginTest" line="9">
<kw name="Log To Console" library="BuiltIn">
<arg>This is Login Test</arg>
<doc>Logs the given message to the console.</doc>
<status status="PASS" starttime="20220901 10:39:12.649" endtime="20220901 10:39:12.649"/>
</kw>
<kw name="Log To Console" library="BuiltIn">
<arg>Login Test is Over</arg>
<doc>Logs the given message to the console.</doc>
<status status="PASS" starttime="20220901 10:39:12.649" endtime="20220901 10:39:12.649"/>
</kw>
<tag>Sanity</tag>
<status status="PASS" starttime="20220901 10:39:12.649" endtime="20220901 10:39:12.649"/>
</test>
<test id="s1-s1-t3" name="TC3 Change User Setting" line="14">
<kw name="Log To Console" library="BuiltIn">
<arg>This is Changein user Settings</arg>
<doc>Logs the given message to the console.</doc>
<status status="PASS" starttime="20220901 10:39:12.657" endtime="20220901 10:39:12.657"/>
</kw>
<kw name="Log To Console" library="BuiltIn">
<arg>Change User Settings is Over</arg>
<doc>Logs the given message to the console.</doc>
<status status="PASS" starttime="20220901 10:39:12.658" endtime="20220901 10:39:12.658"/>
</kw>
<tag>Regression</tag>
<status status="PASS" starttime="20220901 10:39:12.649" endtime="20220901 10:39:12.658"/>
</test>
<test id="s1-s1-t4" name="TC4 Logout Test" line="19">
<kw name="Log To Console" library="BuiltIn">
<arg>This is Logout Test</arg>
<doc>Logs the given message to the console.</doc>
<status status="PASS" starttime="20220901 10:39:12.662" endtime="20220901 10:39:12.663"/>
</kw>
<kw name="Log To Console" library="BuiltIn">
<arg>Logout Test is Over</arg>
<doc>Logs the given message to the console.</doc>
<status status="PASS" starttime="20220901 10:39:12.663" endtime="20220901 10:39:12.664"/>
</kw>
<tag>Sanity</tag>
<status status="PASS" starttime="20220901 10:39:12.658" endtime="20220901 10:39:12.664"/>
</test>
<status status="PASS" starttime="20220901 10:39:12.615" endtime="20220901 10:39:12.665"/>
</suite>
<status status="PASS" starttime="20220901 10:39:12.591" endtime="20220901 10:39:12.665"/>
</suite>
<statistics>
<total>
<stat pass="4" fail="0" skip="0">All Tests</stat>
</total>
<tag>
<stat pass="2" fail="0" skip="0">Regression</stat>
<stat pass="2" fail="0" skip="0">Sanity</stat>
</tag>
<suite>
<stat pass="4" fail="0" skip="0" id="s1" name="Suites">Suites</stat>
<stat pass="4" fail="0" skip="0" id="s1-s1" name="Tagging">Suites.Tagging</stat>
</suite>
</statistics>
<errors>
</errors>
</robot>
