<?xml version="1.0" encoding="UTF-8"?>
<robot generator="Robot 5.0.1 (Python 3.10.6 on win32)" generated="20220823 11:43:11.020" rpa="false" schemaversion="3">
<suite id="s1" name="Suites">
<suite id="s1-s1" name="TimeOutTests" source="C:\Users\Saurabh\PycharmProjects\Automation\TestCases\TimeOutTests.robot">
<test id="s1-s1-t1" name="RegTest" line="7">
<kw name="Open Browser" library="SeleniumLibrary">
<arg>http://demowebshop.tricentis.com/register</arg>
<arg>Firefox</arg>
<doc>Opens a new browser instance to the optional ``url``.</doc>
<msg timestamp="20220823 11:43:11.366" level="INFO">Opening browser 'Firefox' to base url 'http://demowebshop.tricentis.com/register'.</msg>
<msg timestamp="20220823 11:43:11.368" level="INFO">Firefox driver log is always forced to to: C:\Users\Saurabh\PycharmProjects\Automation\pabot_results\24\geckodriver-1.log</msg>
<status status="PASS" starttime="20220823 11:43:11.362" endtime="20220823 11:43:18.737"/>
</kw>
<kw name="Maximize Browser Window" library="SeleniumLibrary">
<doc>Maximizes current browser window.</doc>
<status status="PASS" starttime="20220823 11:43:18.737" endtime="20220823 11:43:19.006"/>
</kw>
<kw name="Get Selenium Timeout" library="SeleniumLibrary">
<var>${time}</var>
<doc>Gets the timeout that is used by various keywords.</doc>
<msg timestamp="20220823 11:43:19.008" level="INFO">${time} = 5 seconds</msg>
<status status="PASS" starttime="20220823 11:43:19.007" endtime="20220823 11:43:19.008"/>
</kw>
<kw name="Log To Console" library="BuiltIn">
<arg>${time}</arg>
<doc>Logs the given message to the console.</doc>
<status status="PASS" starttime="20220823 11:43:19.009" endtime="20220823 11:43:19.010"/>
</kw>
<kw name="Set Selenium Timeout" library="SeleniumLibrary">
<arg>10</arg>
<arg>seconds</arg>
<doc>Sets the timeout that is used by various keywords.</doc>
<msg timestamp="20220823 11:43:19.011" level="FAIL">Keyword 'SeleniumLibrary.Set Selenium Timeout' expected 1 argument, got 2.</msg>
<status status="FAIL" starttime="20220823 11:43:19.010" endtime="20220823 11:43:19.011"/>
</kw>
<kw name="Wait Until Page Contains" library="SeleniumLibrary">
<arg>Registration #5seconds</arg>
<doc>Waits until ``text`` appears on the current page.</doc>
<status status="NOT RUN" starttime="20220823 11:43:19.011" endtime="20220823 11:43:19.011"/>
</kw>
<kw name="Select Radio Button" library="SeleniumLibrary">
<arg>Gender</arg>
<arg>M</arg>
<doc>Sets the radio button group ``group_name`` to ``value``.</doc>
<status status="NOT RUN" starttime="20220823 11:43:19.012" endtime="20220823 11:43:19.012"/>
</kw>
<kw name="Input Text" library="SeleniumLibrary">
<arg>name:FirstName</arg>
<arg>David</arg>
<doc>Types the given ``text`` into the text field identified by ``locator``.</doc>
<status status="NOT RUN" starttime="20220823 11:43:19.012" endtime="20220823 11:43:19.012"/>
</kw>
<kw name="Input Text" library="SeleniumLibrary">
<arg>name:LastName</arg>
<arg>John</arg>
<doc>Types the given ``text`` into the text field identified by ``locator``.</doc>
<status status="NOT RUN" starttime="20220823 11:43:19.013" endtime="20220823 11:43:19.013"/>
</kw>
<kw name="Input Text" library="SeleniumLibrary">
<arg>name:Email</arg>
<arg>anhc@gmail.com</arg>
<doc>Types the given ``text`` into the text field identified by ``locator``.</doc>
<status status="NOT RUN" starttime="20220823 11:43:19.013" endtime="20220823 11:43:19.013"/>
</kw>
<kw name="Input Text" library="SeleniumLibrary">
<arg>name:Password</arg>
<arg>davidjohn</arg>
<doc>Types the given ``text`` into the text field identified by ``locator``.</doc>
<status status="NOT RUN" starttime="20220823 11:43:19.013" endtime="20220823 11:43:19.014"/>
</kw>
<kw name="Input Text" library="SeleniumLibrary">
<arg>name:ConfirmPassword</arg>
<arg>davidjohn</arg>
<doc>Types the given ``text`` into the text field identified by ``locator``.</doc>
<status status="NOT RUN" starttime="20220823 11:43:19.014" endtime="20220823 11:43:19.014"/>
</kw>
<status status="FAIL" starttime="20220823 11:43:11.362" endtime="20220823 11:43:19.015">Keyword 'SeleniumLibrary.Set Selenium Timeout' expected 1 argument, got 2.</status>
</test>
<status status="FAIL" starttime="20220823 11:43:11.047" endtime="20220823 11:43:19.016"/>
</suite>
<status status="FAIL" starttime="20220823 11:43:11.030" endtime="20220823 11:43:19.018"/>
</suite>
<statistics>
<total>
<stat pass="0" fail="1" skip="0">All Tests</stat>
</total>
<tag>
</tag>
<suite>
<stat pass="0" fail="1" skip="0" id="s1" name="Suites">Suites</stat>
<stat pass="0" fail="1" skip="0" id="s1-s1" name="TimeOutTests">Suites.TimeOutTests</stat>
</suite>
</statistics>
<errors>
</errors>
</robot>
