<?xml version="1.0" encoding="UTF-8"?>
<robot generator="Robot 5.0.1 (Python 3.10.6 on win32)" generated="20220901 10:37:44.483" rpa="false" schemaversion="3">
<suite id="s1" name="Suites">
<suite id="s1-s1" name="MouseOperations" source="C:\Users\Saurabh\PycharmProjects\Automation\TestCases\MouseOperations.robot">
<test id="s1-s1-t1" name="MouseActions" line="7">
<kw name="Open Browser" library="SeleniumLibrary">
<arg>https://swisnl.github.io/jQuery-contextMenu/demo.html</arg>
<arg>Firefox</arg>
<doc>Opens a new browser instance to the optional ``url``.</doc>
<msg timestamp="20220901 10:37:44.696" level="INFO">Opening browser 'Firefox' to base url 'https://swisnl.github.io/jQuery-contextMenu/demo.html'.</msg>
<msg timestamp="20220901 10:37:44.700" level="INFO">Firefox driver log is always forced to to: C:\Users\Saurabh\PycharmProjects\Automation\Results\pabot_results\12\geckodriver-1.log</msg>
<status status="PASS" starttime="20220901 10:37:44.696" endtime="20220901 10:37:52.062"/>
</kw>
<kw name="Maximize Browser Window" library="SeleniumLibrary">
<doc>Maximizes current browser window.</doc>
<status status="PASS" starttime="20220901 10:37:52.062" endtime="20220901 10:37:52.071"/>
</kw>
<kw name="Open Context Menu" library="SeleniumLibrary">
<arg>//span[@class='context-menu-one btn btn-neutral']</arg>
<doc>Opens the context menu on the element identified by ``locator``.</doc>
<status status="PASS" starttime="20220901 10:37:52.071" endtime="20220901 10:37:52.440"/>
</kw>
<kw name="Sleep" library="BuiltIn">
<arg>3</arg>
<doc>Pauses the test executed for the given time.</doc>
<msg timestamp="20220901 10:37:55.443" level="INFO">Slept 3 seconds</msg>
<status status="PASS" starttime="20220901 10:37:52.441" endtime="20220901 10:37:55.444"/>
</kw>
<kw name="Go To" library="SeleniumLibrary">
<arg>https://testautomationpractice.blogspot.com/</arg>
<doc>Navigates the current browser window to the provided ``url``.</doc>
<msg timestamp="20220901 10:37:55.445" level="INFO">Opening url 'https://testautomationpractice.blogspot.com/'</msg>
<status status="PASS" starttime="20220901 10:37:55.445" endtime="20220901 10:38:01.617"/>
</kw>
<kw name="Maximize Browser Window" library="SeleniumLibrary">
<doc>Maximizes current browser window.</doc>
<status status="PASS" starttime="20220901 10:38:01.617" endtime="20220901 10:38:01.621"/>
</kw>
<kw name="Double Click Element" library="SeleniumLibrary">
<arg>//button[normalize-space()='Copy Text']</arg>
<doc>Double clicks the element identified by ``locator``.</doc>
<msg timestamp="20220901 10:38:01.622" level="INFO">Double clicking element '//button[normalize-space()='Copy Text']'.</msg>
<status status="PASS" starttime="20220901 10:38:01.622" endtime="20220901 10:38:02.003"/>
</kw>
<kw name="Sleep" library="BuiltIn">
<arg>3</arg>
<doc>Pauses the test executed for the given time.</doc>
<msg timestamp="20220901 10:38:05.009" level="INFO">Slept 3 seconds</msg>
<status status="PASS" starttime="20220901 10:38:02.003" endtime="20220901 10:38:05.011"/>
</kw>
<kw name="Go To" library="SeleniumLibrary">
<arg>http://www.dhtmlgoodies.com/scripts/drag-drop-custom/demo-drag-drop-3.html</arg>
<doc>Navigates the current browser window to the provided ``url``.</doc>
<msg timestamp="20220901 10:38:05.012" level="INFO">Opening url 'http://www.dhtmlgoodies.com/scripts/drag-drop-custom/demo-drag-drop-3.html'</msg>
<status status="PASS" starttime="20220901 10:38:05.012" endtime="20220901 10:38:08.613"/>
</kw>
<kw name="Maximize Browser Window" library="SeleniumLibrary">
<doc>Maximizes current browser window.</doc>
<status status="PASS" starttime="20220901 10:38:08.613" endtime="20220901 10:38:08.620"/>
</kw>
<kw name="Drag And Drop" library="SeleniumLibrary">
<arg>box7</arg>
<arg>box107</arg>
<doc>Drags the element identified by ``locator`` into the ``target`` element.</doc>
<status status="PASS" starttime="20220901 10:38:08.621" endtime="20220901 10:38:09.185"/>
</kw>
<kw name="Sleep" library="BuiltIn">
<arg>5</arg>
<doc>Pauses the test executed for the given time.</doc>
<msg timestamp="20220901 10:38:14.192" level="INFO">Slept 5 seconds</msg>
<status status="PASS" starttime="20220901 10:38:09.185" endtime="20220901 10:38:14.193"/>
</kw>
<status status="PASS" starttime="20220901 10:37:44.696" endtime="20220901 10:38:14.197"/>
</test>
<status status="PASS" starttime="20220901 10:37:44.511" endtime="20220901 10:38:14.201"/>
</suite>
<status status="PASS" starttime="20220901 10:37:44.495" endtime="20220901 10:38:14.223"/>
</suite>
<statistics>
<total>
<stat pass="1" fail="0" skip="0">All Tests</stat>
</total>
<tag>
</tag>
<suite>
<stat pass="1" fail="0" skip="0" id="s1" name="Suites">Suites</stat>
<stat pass="1" fail="0" skip="0" id="s1-s1" name="MouseOperations">Suites.MouseOperations</stat>
</suite>
</statistics>
<errors>
</errors>
</robot>
