<?xml version="1.0" encoding="UTF-8"?>
<robot generator="Robot 5.0.1 (Python 3.10.6 on win32)" generated="20220823 11:42:06.348" rpa="false" schemaversion="3">
<suite id="s1" name="Suites">
<suite id="s1-s1" name="Speedtests" source="C:\Users\Saurabh\PycharmProjects\Automation\TestCases\speedtests.robot">
<test id="s1-s1-t1" name="RegTest" line="7">
<kw name="Get Selenium Speed" library="SeleniumLibrary">
<var>${speed}</var>
<doc>Gets the delay that is waited after each Selenium command.</doc>
<msg timestamp="20220823 11:42:07.152" level="INFO">${speed} = 0 seconds</msg>
<status status="PASS" starttime="20220823 11:42:07.151" endtime="20220823 11:42:07.152"/>
</kw>
<kw name="Log To Console" library="BuiltIn">
<arg>${speed}</arg>
<doc>Logs the given message to the console.</doc>
<status status="PASS" starttime="20220823 11:42:07.153" endtime="20220823 11:42:07.154"/>
</kw>
<kw name="Open Browser" library="SeleniumLibrary">
<arg>http://demowebshop.tricentis.com/register</arg>
<arg>chrome</arg>
<doc>Opens a new browser instance to the optional ``url``.</doc>
<msg timestamp="20220823 11:42:07.156" level="INFO">Opening browser 'chrome' to base url 'http://demowebshop.tricentis.com/register'.</msg>
<status status="PASS" starttime="20220823 11:42:07.154" endtime="20220823 11:42:12.139"/>
</kw>
<kw name="Maximize Browser Window" library="SeleniumLibrary">
<doc>Maximizes current browser window.</doc>
<status status="PASS" starttime="20220823 11:42:12.140" endtime="20220823 11:42:12.320"/>
</kw>
<kw name="Set Selenium Speed" library="SeleniumLibrary">
<arg>3 seconds</arg>
<doc>Sets the delay that is waited after each Selenium command.</doc>
<status status="PASS" starttime="20220823 11:42:12.320" endtime="20220823 11:42:12.321"/>
</kw>
<kw name="Select Radio Button" library="SeleniumLibrary">
<arg>Gender</arg>
<arg>M</arg>
<doc>Sets the radio button group ``group_name`` to ``value``.</doc>
<msg timestamp="20220823 11:42:12.322" level="INFO">Selecting 'M' from radio button 'Gender'.</msg>
<status status="PASS" starttime="20220823 11:42:12.321" endtime="20220823 11:42:21.459"/>
</kw>
<kw name="Input Text" library="SeleniumLibrary">
<arg>name:FirstName</arg>
<arg>David</arg>
<doc>Types the given ``text`` into the text field identified by ``locator``.</doc>
<msg timestamp="20220823 11:42:21.460" level="INFO">Typing text 'David' into text field 'name:FirstName'.</msg>
<status status="PASS" starttime="20220823 11:42:21.459" endtime="20220823 11:42:30.926"/>
</kw>
<kw name="Input Text" library="SeleniumLibrary">
<arg>name:LastName</arg>
<arg>John</arg>
<doc>Types the given ``text`` into the text field identified by ``locator``.</doc>
<msg timestamp="20220823 11:42:30.927" level="INFO">Typing text 'John' into text field 'name:LastName'.</msg>
<status status="PASS" starttime="20220823 11:42:30.926" endtime="20220823 11:42:41.399"/>
</kw>
<kw name="Input Text" library="SeleniumLibrary">
<arg>name:Email</arg>
<arg>anhc@gmail.com</arg>
<doc>Types the given ``text`` into the text field identified by ``locator``.</doc>
<msg timestamp="20220823 11:42:41.400" level="INFO">Typing text 'anhc@gmail.com' into text field 'name:Email'.</msg>
<status status="PASS" starttime="20220823 11:42:41.399" endtime="20220823 11:42:50.546"/>
</kw>
<kw name="Input Text" library="SeleniumLibrary">
<arg>name:Password</arg>
<arg>davidjohn</arg>
<doc>Types the given ``text`` into the text field identified by ``locator``.</doc>
<msg timestamp="20220823 11:42:50.549" level="INFO">Typing text 'davidjohn' into text field 'name:Password'.</msg>
<status status="PASS" starttime="20220823 11:42:50.546" endtime="20220823 11:42:59.815"/>
</kw>
<kw name="Input Text" library="SeleniumLibrary">
<arg>name:ConfirmPassword</arg>
<arg>davidjohn</arg>
<doc>Types the given ``text`` into the text field identified by ``locator``.</doc>
<msg timestamp="20220823 11:42:59.815" level="INFO">Typing text 'davidjohn' into text field 'name:ConfirmPassword'.</msg>
<status status="PASS" starttime="20220823 11:42:59.815" endtime="20220823 11:43:08.933"/>
</kw>
<kw name="Get Selenium Speed" library="SeleniumLibrary">
<var>${speed}</var>
<doc>Gets the delay that is waited after each Selenium command.</doc>
<msg timestamp="20220823 11:43:08.934" level="INFO">${speed} = 3 seconds</msg>
<status status="PASS" starttime="20220823 11:43:08.933" endtime="20220823 11:43:08.934"/>
</kw>
<kw name="Log To Console" library="BuiltIn">
<arg>${speed}</arg>
<doc>Logs the given message to the console.</doc>
<status status="PASS" starttime="20220823 11:43:08.934" endtime="20220823 11:43:08.935"/>
</kw>
<status status="PASS" starttime="20220823 11:42:07.149" endtime="20220823 11:43:08.936"/>
</test>
<status status="PASS" starttime="20220823 11:42:06.395" endtime="20220823 11:43:08.937"/>
</suite>
<status status="PASS" starttime="20220823 11:42:06.362" endtime="20220823 11:43:08.939"/>
</suite>
<statistics>
<total>
<stat pass="1" fail="0" skip="0">All Tests</stat>
</total>
<tag>
</tag>
<suite>
<stat pass="1" fail="0" skip="0" id="s1" name="Suites">Suites</stat>
<stat pass="1" fail="0" skip="0" id="s1-s1" name="Speedtests">Suites.Speedtests</stat>
</suite>
</statistics>
<errors>
</errors>
</robot>
