<?xml version="1.0" encoding="UTF-8"?>
<robot generator="Rebot 5.0.1 (Python 3.10.6 on win32)" generated="20220901 10:39:31.057" rpa="false" schemaversion="3">
<suite id="s1" name="Suites">
<suite id="s1-s1" name="Alert" source="C:\Users\Saurabh\PycharmProjects\Automation\TestCases\Alert.robot">
<test id="s1-s1-t1" name="HandlingAlerts" line="7">
<kw name="Open Browser" library="SeleniumLibrary">
<arg>https://the-internet.herokuapp.com/javascript_alerts</arg>
<arg>Firefox</arg>
<doc>Opens a new browser instance to the optional ``url``.</doc>
<msg timestamp="20220901 10:36:14.987" level="INFO">Opening browser 'Firefox' to base url 'https://the-internet.herokuapp.com/javascript_alerts'.</msg>
<msg timestamp="20220901 10:36:14.989" level="INFO">Firefox driver log is always forced to to: C:\Users\Saurabh\PycharmProjects\Automation\Results\pabot_results\0\geckodriver-1.log</msg>
<status status="PASS" starttime="20220901 10:36:14.986" endtime="20220901 10:36:27.111"/>
</kw>
<kw name="Click Element" library="SeleniumLibrary">
<arg>//*[@id="content"]/div/ul/li[2]/button</arg>
<doc>Click the element identified by ``locator``.</doc>
<msg timestamp="20220901 10:36:27.113" level="INFO">Clicking element '//*[@id="content"]/div/ul/li[2]/button'.</msg>
<status status="PASS" starttime="20220901 10:36:27.111" endtime="20220901 10:36:27.335"/>
</kw>
<kw name="Sleep" library="BuiltIn">
<arg>3</arg>
<doc>Pauses the test executed for the given time.</doc>
<msg timestamp="20220901 10:36:30.355" level="INFO">Slept 3 seconds</msg>
<status status="PASS" starttime="20220901 10:36:27.336" endtime="20220901 10:36:30.357"/>
</kw>
<kw name="Alert Should Be Present" library="SeleniumLibrary">
<arg>I am a JS Confirm</arg>
<doc>Verifies that an alert is present and by default, accepts it.</doc>
<msg timestamp="20220901 10:36:30.358" level="INFO">HANDLE::&lt;class 'NoneType'&gt;::None</msg>
<status status="PASS" starttime="20220901 10:36:30.358" endtime="20220901 10:36:30.393"/>
</kw>
<status status="PASS" starttime="20220901 10:36:14.981" endtime="20220901 10:36:30.393"/>
</test>
<status status="PASS" starttime="20220901 10:36:14.583" endtime="20220901 10:36:30.398"/>
</suite>
<suite id="s1-s2" name="Inputbox" source="C:\Users\Saurabh\PycharmProjects\Automation\TestCases\Inputbox.robot">
<test id="s1-s2-t1" name="TestingInputBox" line="12">
<kw name="Open Browser" library="SeleniumLibrary">
<arg>${url}</arg>
<arg>${browser}</arg>
<doc>Opens a new browser instance to the optional ``url``.</doc>
<msg timestamp="20220901 10:37:25.549" level="INFO">Opening browser 'chrome' to base url 'https://demo.nopcommerce.com/'.</msg>
<status status="PASS" starttime="20220901 10:37:25.549" endtime="20220901 10:37:31.065"/>
</kw>
<kw name="Maximize Browser Window" library="SeleniumLibrary">
<doc>Maximizes current browser window.</doc>
<status status="PASS" starttime="20220901 10:37:31.065" endtime="20220901 10:37:31.185"/>
</kw>
<kw name="Title Should Be" library="SeleniumLibrary">
<arg>nopCommerce demo store</arg>
<doc>Verifies that the current page title equals ``title``.</doc>
<msg timestamp="20220901 10:37:31.198" level="INFO">Page title is 'nopCommerce demo store'.</msg>
<status status="PASS" starttime="20220901 10:37:31.185" endtime="20220901 10:37:31.198"/>
</kw>
<kw name="Click Link" library="SeleniumLibrary">
<arg>//a[normalize-space()='Log in']</arg>
<doc>Clicks a link identified by ``locator``.</doc>
<msg timestamp="20220901 10:37:31.198" level="INFO">Clicking link '//a[normalize-space()='Log in']'.</msg>
<status status="PASS" starttime="20220901 10:37:31.198" endtime="20220901 10:37:33.072"/>
</kw>
<kw name="Set Variable" library="BuiltIn">
<var>${"email_txt"}</var>
<arg>id:Email</arg>
<doc>Returns the given values which can then be assigned to a variables.</doc>
<msg timestamp="20220901 10:37:33.075" level="INFO">${"email_txt"} = id:Email</msg>
<status status="PASS" starttime="20220901 10:37:33.072" endtime="20220901 10:37:33.075"/>
</kw>
<kw name="Element Should Be Visible" library="SeleniumLibrary">
<arg>${"email_txt"}</arg>
<doc>Verifies that the element identified by ``locator`` is visible.</doc>
<msg timestamp="20220901 10:37:33.136" level="INFO">Element 'id:Email' is displayed.</msg>
<status status="PASS" starttime="20220901 10:37:33.075" endtime="20220901 10:37:33.136"/>
</kw>
<kw name="Element Should Be Enabled" library="SeleniumLibrary">
<arg>${"email_txt"}</arg>
<doc>Verifies that element identified by ``locator`` is enabled.</doc>
<status status="PASS" starttime="20220901 10:37:33.136" endtime="20220901 10:37:33.201"/>
</kw>
<kw name="Input Text" library="SeleniumLibrary">
<arg>${"email_txt"}</arg>
<arg>johndavid@gmail.com</arg>
<doc>Types the given ``text`` into the text field identified by ``locator``.</doc>
<msg timestamp="20220901 10:37:33.201" level="INFO">Typing text 'johndavid@gmail.com' into text field 'id:Email'.</msg>
<status status="PASS" starttime="20220901 10:37:33.201" endtime="20220901 10:37:33.373"/>
</kw>
<kw name="Sleep" library="BuiltIn">
<arg>5</arg>
<doc>Pauses the test executed for the given time.</doc>
<msg timestamp="20220901 10:37:38.386" level="INFO">Slept 5 seconds</msg>
<status status="PASS" starttime="20220901 10:37:33.373" endtime="20220901 10:37:38.386"/>
</kw>
<kw name="Clear Element Text" library="SeleniumLibrary">
<arg>${"email_txt"}</arg>
<doc>Clears the value of the text-input-element identified by ``locator``.</doc>
<status status="PASS" starttime="20220901 10:37:38.387" endtime="20220901 10:37:38.418"/>
</kw>
<kw name="Sleep" library="BuiltIn">
<arg>3</arg>
<doc>Pauses the test executed for the given time.</doc>
<msg timestamp="20220901 10:37:41.430" level="INFO">Slept 3 seconds</msg>
<status status="PASS" starttime="20220901 10:37:38.418" endtime="20220901 10:37:41.430"/>
</kw>
<kw name="Close Browser" library="SeleniumLibrary">
<doc>Closes the current browser.</doc>
<status status="PASS" starttime="20220901 10:37:41.430" endtime="20220901 10:37:43.664"/>
</kw>
<status status="PASS" starttime="20220901 10:37:25.548" endtime="20220901 10:37:43.665"/>
</test>
<status status="PASS" starttime="20220901 10:37:25.262" endtime="20220901 10:37:43.665"/>
</suite>
<suite id="s1-s3" name="LoginTest" source="C:\Users\Saurabh\PycharmProjects\Automation\TestCases\LoginTest.robot">
<test id="s1-s3-t1" name="LoginTest" line="13">
<kw name="Open my Browser" library="LoginKeywords">
<arg>${SiteUrl}</arg>
<arg>${Browser}</arg>
<kw name="Open Browser" library="SeleniumLibrary">
<arg>${SiteUrl}</arg>
<arg>${Browser}</arg>
<doc>Opens a new browser instance to the optional ``url``.</doc>
<msg timestamp="20220901 10:37:41.531" level="INFO">Opening browser 'Firefox' to base url 'https://demo.guru99.com/selenium/newtours/index.php'.</msg>
<msg timestamp="20220901 10:37:41.533" level="INFO">Firefox driver log is always forced to to: C:\Users\Saurabh\PycharmProjects\Automation\Results\pabot_results\11\geckodriver-1.log</msg>
<status status="PASS" starttime="20220901 10:37:41.531" endtime="20220901 10:37:48.682"/>
</kw>
<kw name="Maximize Browser Window" library="SeleniumLibrary">
<doc>Maximizes current browser window.</doc>
<status status="PASS" starttime="20220901 10:37:48.683" endtime="20220901 10:37:48.687"/>
</kw>
<status status="PASS" starttime="20220901 10:37:41.529" endtime="20220901 10:37:48.687"/>
</kw>
<kw name="Enter Usersname" library="LoginKeywords">
<arg>${user}</arg>
<kw name="Input Text" library="SeleniumLibrary">
<arg>txt_loginUserName</arg>
<arg>${username}</arg>
<doc>Types the given ``text`` into the text field identified by ``locator``.</doc>
<msg timestamp="20220901 10:37:48.687" level="INFO">Typing text 'saurabh123' into text field 'txt_loginUserName'.</msg>
<msg timestamp="20220901 10:37:48.802" level="INFO" html="true">&lt;/td&gt;&lt;/tr&gt;&lt;tr&gt;&lt;td colspan="3"&gt;&lt;a href="11-selenium-screenshot-1.png"&gt;&lt;img src="11-selenium-screenshot-1.png" width="800px"&gt;&lt;/a&gt;</msg>
<msg timestamp="20220901 10:37:48.804" level="FAIL">Element with locator 'txt_loginUserName' not found.</msg>
<status status="FAIL" starttime="20220901 10:37:48.687" endtime="20220901 10:37:48.809"/>
</kw>
<status status="FAIL" starttime="20220901 10:37:48.687" endtime="20220901 10:37:48.811"/>
</kw>
<kw name="Enter Password" library="LoginKeywords">
<arg>${pwd}</arg>
<status status="NOT RUN" starttime="20220901 10:37:48.811" endtime="20220901 10:37:48.811"/>
</kw>
<kw name="click Signin" library="LoginKeywords">
<status status="NOT RUN" starttime="20220901 10:37:48.811" endtime="20220901 10:37:48.813"/>
</kw>
<kw name="Verify Successful Login" library="LoginKeywords">
<status status="NOT RUN" starttime="20220901 10:37:48.813" endtime="20220901 10:37:48.813"/>
</kw>
<kw name="Close My Browsers" library="LoginKeywords">
<status status="NOT RUN" starttime="20220901 10:37:48.814" endtime="20220901 10:37:48.814"/>
</kw>
<status status="FAIL" starttime="20220901 10:37:41.528" endtime="20220901 10:37:48.814">Element with locator 'txt_loginUserName' not found.</status>
</test>
<status status="FAIL" starttime="20220901 10:37:41.147" endtime="20220901 10:37:48.816"/>
</suite>
<suite id="s1-s4" name="MouseOperations" source="C:\Users\Saurabh\PycharmProjects\Automation\TestCases\MouseOperations.robot">
<test id="s1-s4-t1" name="MouseActions" line="7">
<kw name="Open Browser" library="SeleniumLibrary">
<arg>https://swisnl.github.io/jQuery-contextMenu/demo.html</arg>
<arg>Firefox</arg>
<doc>Opens a new browser instance to the optional ``url``.</doc>
<msg timestamp="20220901 10:37:44.696" level="INFO">Opening browser 'Firefox' to base url 'https://swisnl.github.io/jQuery-contextMenu/demo.html'.</msg>
<msg timestamp="20220901 10:37:44.700" level="INFO">Firefox driver log is always forced to to: C:\Users\Saurabh\PycharmProjects\Automation\Results\pabot_results\12\geckodriver-1.log</msg>
<status status="PASS" starttime="20220901 10:37:44.696" endtime="20220901 10:37:52.062"/>
</kw>
<kw name="Maximize Browser Window" library="SeleniumLibrary">
<doc>Maximizes current browser window.</doc>
<status status="PASS" starttime="20220901 10:37:52.062" endtime="20220901 10:37:52.071"/>
</kw>
<kw name="Open Context Menu" library="SeleniumLibrary">
<arg>//span[@class='context-menu-one btn btn-neutral']</arg>
<doc>Opens the context menu on the element identified by ``locator``.</doc>
<status status="PASS" starttime="20220901 10:37:52.071" endtime="20220901 10:37:52.440"/>
</kw>
<kw name="Sleep" library="BuiltIn">
<arg>3</arg>
<doc>Pauses the test executed for the given time.</doc>
<msg timestamp="20220901 10:37:55.443" level="INFO">Slept 3 seconds</msg>
<status status="PASS" starttime="20220901 10:37:52.441" endtime="20220901 10:37:55.444"/>
</kw>
<kw name="Go To" library="SeleniumLibrary">
<arg>https://testautomationpractice.blogspot.com/</arg>
<doc>Navigates the current browser window to the provided ``url``.</doc>
<msg timestamp="20220901 10:37:55.445" level="INFO">Opening url 'https://testautomationpractice.blogspot.com/'</msg>
<status status="PASS" starttime="20220901 10:37:55.445" endtime="20220901 10:38:01.617"/>
</kw>
<kw name="Maximize Browser Window" library="SeleniumLibrary">
<doc>Maximizes current browser window.</doc>
<status status="PASS" starttime="20220901 10:38:01.617" endtime="20220901 10:38:01.621"/>
</kw>
<kw name="Double Click Element" library="SeleniumLibrary">
<arg>//button[normalize-space()='Copy Text']</arg>
<doc>Double clicks the element identified by ``locator``.</doc>
<msg timestamp="20220901 10:38:01.622" level="INFO">Double clicking element '//button[normalize-space()='Copy Text']'.</msg>
<status status="PASS" starttime="20220901 10:38:01.622" endtime="20220901 10:38:02.003"/>
</kw>
<kw name="Sleep" library="BuiltIn">
<arg>3</arg>
<doc>Pauses the test executed for the given time.</doc>
<msg timestamp="20220901 10:38:05.009" level="INFO">Slept 3 seconds</msg>
<status status="PASS" starttime="20220901 10:38:02.003" endtime="20220901 10:38:05.011"/>
</kw>
<kw name="Go To" library="SeleniumLibrary">
<arg>http://www.dhtmlgoodies.com/scripts/drag-drop-custom/demo-drag-drop-3.html</arg>
<doc>Navigates the current browser window to the provided ``url``.</doc>
<msg timestamp="20220901 10:38:05.012" level="INFO">Opening url 'http://www.dhtmlgoodies.com/scripts/drag-drop-custom/demo-drag-drop-3.html'</msg>
<status status="PASS" starttime="20220901 10:38:05.012" endtime="20220901 10:38:08.613"/>
</kw>
<kw name="Maximize Browser Window" library="SeleniumLibrary">
<doc>Maximizes current browser window.</doc>
<status status="PASS" starttime="20220901 10:38:08.613" endtime="20220901 10:38:08.620"/>
</kw>
<kw name="Drag And Drop" library="SeleniumLibrary">
<arg>box7</arg>
<arg>box107</arg>
<doc>Drags the element identified by ``locator`` into the ``target`` element.</doc>
<status status="PASS" starttime="20220901 10:38:08.621" endtime="20220901 10:38:09.185"/>
</kw>
<kw name="Sleep" library="BuiltIn">
<arg>5</arg>
<doc>Pauses the test executed for the given time.</doc>
<msg timestamp="20220901 10:38:14.192" level="INFO">Slept 5 seconds</msg>
<status status="PASS" starttime="20220901 10:38:09.185" endtime="20220901 10:38:14.193"/>
</kw>
<status status="PASS" starttime="20220901 10:37:44.696" endtime="20220901 10:38:14.197"/>
</test>
<status status="PASS" starttime="20220901 10:37:44.511" endtime="20220901 10:38:14.201"/>
</suite>
<suite id="s1-s5" name="NavigationKeyword" source="C:\Users\Saurabh\PycharmProjects\Automation\TestCases\NavigationKeyword.robot">
<test id="s1-s5-t1" name="NavigationalTest" line="7">
<kw name="Open Browser" library="SeleniumLibrary">
<arg>https://www.google.co.in/</arg>
<arg>chrome</arg>
<doc>Opens a new browser instance to the optional ``url``.</doc>
<msg timestamp="20220901 10:37:50.417" level="INFO">Opening browser 'chrome' to base url 'https://www.google.co.in/'.</msg>
<status status="PASS" starttime="20220901 10:37:50.413" endtime="20220901 10:37:54.735"/>
</kw>
<kw name="Get Location" library="SeleniumLibrary">
<var>${loc1}</var>
<doc>Returns the current browser window URL.</doc>
<msg timestamp="20220901 10:37:54.745" level="INFO">${loc1} = https://www.google.co.in/</msg>
<status status="PASS" starttime="20220901 10:37:54.735" endtime="20220901 10:37:54.745"/>
</kw>
<kw name="Log To Console" library="BuiltIn">
<arg>${loc1}</arg>
<doc>Logs the given message to the console.</doc>
<status status="PASS" starttime="20220901 10:37:54.745" endtime="20220901 10:37:54.746"/>
</kw>
<kw name="Go To" library="SeleniumLibrary">
<arg>https://www.bing.com/</arg>
<doc>Navigates the current browser window to the provided ``url``.</doc>
<msg timestamp="20220901 10:37:54.746" level="INFO">Opening url 'https://www.bing.com/'</msg>
<status status="PASS" starttime="20220901 10:37:54.746" endtime="20220901 10:37:55.129"/>
</kw>
<kw name="Get Location" library="SeleniumLibrary">
<var>${loc2}</var>
<doc>Returns the current browser window URL.</doc>
<msg timestamp="20220901 10:37:55.136" level="INFO">${loc2} = https://www.bing.com/</msg>
<status status="PASS" starttime="20220901 10:37:55.129" endtime="20220901 10:37:55.137"/>
</kw>
<kw name="Log To Console" library="BuiltIn">
<arg>${loc2}</arg>
<doc>Logs the given message to the console.</doc>
<status status="PASS" starttime="20220901 10:37:55.137" endtime="20220901 10:37:55.137"/>
</kw>
<kw name="Sleep" library="BuiltIn">
<arg>3</arg>
<doc>Pauses the test executed for the given time.</doc>
<msg timestamp="20220901 10:37:58.144" level="INFO">Slept 3 seconds</msg>
<status status="PASS" starttime="20220901 10:37:55.138" endtime="20220901 10:37:58.144"/>
</kw>
<kw name="Go Back" library="SeleniumLibrary">
<doc>Simulates the user clicking the back button on their browser.</doc>
<status status="PASS" starttime="20220901 10:37:58.145" endtime="20220901 10:37:59.677"/>
</kw>
<kw name="Get Location" library="SeleniumLibrary">
<var>${loc1}</var>
<doc>Returns the current browser window URL.</doc>
<msg timestamp="20220901 10:37:59.681" level="INFO">${loc1} = https://www.google.co.in/</msg>
<status status="PASS" starttime="20220901 10:37:59.677" endtime="20220901 10:37:59.681"/>
</kw>
<kw name="Log To Console" library="BuiltIn">
<arg>${loc1}</arg>
<doc>Logs the given message to the console.</doc>
<status status="PASS" starttime="20220901 10:37:59.681" endtime="20220901 10:37:59.681"/>
</kw>
<kw name="Sleep" library="BuiltIn">
<arg>3</arg>
<doc>Pauses the test executed for the given time.</doc>
<msg timestamp="20220901 10:38:02.687" level="INFO">Slept 3 seconds</msg>
<status status="PASS" starttime="20220901 10:37:59.681" endtime="20220901 10:38:02.688"/>
</kw>
<kw name="Close Browser" library="SeleniumLibrary">
<doc>Closes the current browser.</doc>
<status status="PASS" starttime="20220901 10:38:02.688" endtime="20220901 10:38:10.513"/>
</kw>
<status status="PASS" starttime="20220901 10:37:50.413" endtime="20220901 10:38:10.513"/>
</test>
<status status="PASS" starttime="20220901 10:37:49.971" endtime="20220901 10:38:10.515"/>
</suite>
<suite id="s1-s6" name="Radiobuttons" source="C:\Users\Saurabh\PycharmProjects\Automation\TestCases\Radiobuttons.robot">
<test id="s1-s6-t1" name="Testing Radio Buttons and Checkbox" line="12">
<kw name="Open Browser" library="SeleniumLibrary">
<arg>${url}</arg>
<arg>${browser}</arg>
<doc>Opens a new browser instance to the optional ``url``.</doc>
<msg timestamp="20220901 10:38:11.778" level="INFO">Opening browser 'Firefox' to base url 'http://www.practiseselenium.com/practise-form.html'.</msg>
<msg timestamp="20220901 10:38:11.781" level="INFO">Firefox driver log is always forced to to: C:\Users\Saurabh\PycharmProjects\Automation\Results\pabot_results\14\geckodriver-1.log</msg>
<msg timestamp="20220901 10:38:18.438" level="INFO" html="true">&lt;/td&gt;&lt;/tr&gt;&lt;tr&gt;&lt;td colspan="3"&gt;&lt;a href="14-selenium-screenshot-1.png"&gt;&lt;img src="14-selenium-screenshot-1.png" width="800px"&gt;&lt;/a&gt;</msg>
<msg timestamp="20220901 10:38:18.438" level="FAIL">WebDriverException: Message: Reached error page: about:neterror?e=dnsNotFound&amp;u=http%3A//www.practiseselenium.com/practise-form.html&amp;c=UTF-8&amp;d=We%20can%E2%80%99t%20connect%20to%20the%20server%20at%20www.practiseselenium.com.
Stacktrace:
RemoteError@chrome://remote/content/shared/RemoteError.jsm:12:1
WebDriverError@chrome://remote/content/shared/webdriver/Errors.jsm:192:5
UnknownError@chrome://remote/content/shared/webdriver/Errors.jsm:519:5
checkReadyState@chrome://remote/content/marionette/navigate.js:66:24
onNavigation@chrome://remote/content/marionette/navigate.js:334:39
emit@resource://gre/modules/EventEmitter.jsm:160:20
receiveMessage@chrome://remote/content/marionette/actors/MarionetteEventsParent.jsm:44:25
</msg>
<status status="FAIL" starttime="20220901 10:38:11.777" endtime="20220901 10:38:18.481"/>
</kw>
<kw name="Maximize Browser Window" library="SeleniumLibrary">
<doc>Maximizes current browser window.</doc>
<status status="NOT RUN" starttime="20220901 10:38:18.482" endtime="20220901 10:38:18.482"/>
</kw>
<kw name="Select Radio Button" library="SeleniumLibrary">
<arg>sex</arg>
<arg>female</arg>
<doc>Sets the radio button group ``group_name`` to ``value``.</doc>
<status status="NOT RUN" starttime="20220901 10:38:18.482" endtime="20220901 10:38:18.482"/>
</kw>
<kw name="Select Radio Button" library="SeleniumLibrary">
<arg>exp</arg>
<arg>5</arg>
<doc>Sets the radio button group ``group_name`` to ``value``.</doc>
<status status="NOT RUN" starttime="20220901 10:38:18.483" endtime="20220901 10:38:18.483"/>
</kw>
<kw name="Select Checkbox" library="SeleniumLibrary">
<arg>BlackTea</arg>
<doc>Selects the checkbox identified by ``locator``.</doc>
<status status="NOT RUN" starttime="20220901 10:38:18.483" endtime="20220901 10:38:18.483"/>
</kw>
<kw name="Select Checkbox" library="SeleniumLibrary">
<arg>RedTea</arg>
<doc>Selects the checkbox identified by ``locator``.</doc>
<status status="NOT RUN" starttime="20220901 10:38:18.483" endtime="20220901 10:38:18.484"/>
</kw>
<kw name="Unselect Checkbox" library="SeleniumLibrary">
<arg>BlackTea</arg>
<doc>Removes the selection of checkbox identified by ``locator``.</doc>
<status status="NOT RUN" starttime="20220901 10:38:18.484" endtime="20220901 10:38:18.484"/>
</kw>
<status status="FAIL" starttime="20220901 10:38:11.777" endtime="20220901 10:38:18.485">WebDriverException: Message: Reached error page: about:neterror?e=dnsNotFound&amp;u=http%3A//www.practiseselenium.com/practise-form.html&amp;c=UTF-8&amp;d=We%20can%E2%80%99t%20connect%20to%20the%20server%20at%20www.practiseselenium.com.
Stacktrace:
RemoteError@chrome://remote/content/shared/RemoteError.jsm:12:1
WebDriverError@chrome://remote/content/shared/webdriver/Errors.jsm:192:5
UnknownError@chrome://remote/content/shared/webdriver/Errors.jsm:519:5
checkReadyState@chrome://remote/content/marionette/navigate.js:66:24
onNavigation@chrome://remote/content/marionette/navigate.js:334:39
emit@resource://gre/modules/EventEmitter.jsm:160:20
receiveMessage@chrome://remote/content/marionette/actors/MarionetteEventsParent.jsm:44:25
</status>
</test>
<status status="FAIL" starttime="20220901 10:38:11.438" endtime="20220901 10:38:18.486"/>
</suite>
<suite id="s1-s7" name="RegistrationTest" source="C:\Users\Saurabh\PycharmProjects\Automation\TestCases\RegistrationTest.robot">
<test id="s1-s7-t1" name="RegistrationTest" line="10">
<kw name="Open my Browser" library="RegistrationKeyword">
<arg>${siteurl}</arg>
<arg>${browser}</arg>
<kw name="Open Browser" library="SeleniumLibrary">
<arg>${SiteUrl}</arg>
<arg>${Browser}</arg>
<doc>Opens a new browser instance to the optional ``url``.</doc>
<msg timestamp="20220901 10:38:15.602" level="INFO">Opening browser 'chrome' to base url 'https://demo.guru99.com/selenium/newtours/index.php'.</msg>
<status status="PASS" starttime="20220901 10:38:15.601" endtime="20220901 10:38:19.957"/>
</kw>
<kw name="Maximize Browser Window" library="SeleniumLibrary">
<doc>Maximizes current browser window.</doc>
<status status="PASS" starttime="20220901 10:38:19.957" endtime="20220901 10:38:20.091"/>
</kw>
<status status="PASS" starttime="20220901 10:38:15.600" endtime="20220901 10:38:20.094"/>
</kw>
<kw name="Click Register link" library="RegistrationKeyword">
<kw name="Click Link" library="SeleniumLibrary">
<arg>${link_Reg}</arg>
<doc>Clicks a link identified by ``locator``.</doc>
<msg timestamp="20220901 10:38:20.097" level="INFO">Clicking link 'link:REGISTER'.</msg>
<status status="PASS" starttime="20220901 10:38:20.096" endtime="20220901 10:38:20.824"/>
</kw>
<status status="PASS" starttime="20220901 10:38:20.095" endtime="20220901 10:38:20.825"/>
</kw>
<kw name="Enter firstname" library="RegistrationKeyword">
<arg>dravid</arg>
<kw name="Input Text" library="SeleniumLibrary">
<arg>${txt_firstname}</arg>
<arg>${first_name}</arg>
<doc>Types the given ``text`` into the text field identified by ``locator``.</doc>
<msg timestamp="20220901 10:38:20.828" level="INFO">Typing text 'dravid' into text field 'name:firstName'.</msg>
<status status="PASS" starttime="20220901 10:38:20.826" endtime="20220901 10:38:21.009"/>
</kw>
<status status="PASS" starttime="20220901 10:38:20.825" endtime="20220901 10:38:21.010"/>
</kw>
<kw name="Enter lastname" library="RegistrationKeyword">
<arg>John</arg>
<kw name="Input Text" library="SeleniumLibrary">
<arg>${txt_lastname}</arg>
<arg>${lastname}</arg>
<doc>Types the given ``text`` into the text field identified by ``locator``.</doc>
<msg timestamp="20220901 10:38:21.012" level="INFO">Typing text 'John' into text field 'name:lastName'.</msg>
<status status="PASS" starttime="20220901 10:38:21.012" endtime="20220901 10:38:21.139"/>
</kw>
<status status="PASS" starttime="20220901 10:38:21.011" endtime="20220901 10:38:21.140"/>
</kw>
<kw name="Enter phone" library="RegistrationKeyword">
<arg>1234567890</arg>
<kw name="Input Text" library="SeleniumLibrary">
<arg>${txt_phone}</arg>
<arg>${phone}</arg>
<doc>Types the given ``text`` into the text field identified by ``locator``.</doc>
<msg timestamp="20220901 10:38:21.140" level="INFO">Typing text '1234567890' into text field 'name:phone'.</msg>
<status status="PASS" starttime="20220901 10:38:21.140" endtime="20220901 10:38:21.321"/>
</kw>
<status status="PASS" starttime="20220901 10:38:21.140" endtime="20220901 10:38:21.321"/>
</kw>
<kw name="Enter email" library="RegistrationKeyword">
<arg>davidJohn@gmail.com</arg>
<kw name="Input Text" library="SeleniumLibrary">
<arg>${txt_email}</arg>
<arg>${email}</arg>
<doc>Types the given ``text`` into the text field identified by ``locator``.</doc>
<msg timestamp="20220901 10:38:21.321" level="INFO">Typing text 'davidJohn@gmail.com' into text field 'name:userName'.</msg>
<status status="PASS" starttime="20220901 10:38:21.321" endtime="20220901 10:38:21.516"/>
</kw>
<status status="PASS" starttime="20220901 10:38:21.321" endtime="20220901 10:38:21.517"/>
</kw>
<kw name="Enter address1" library="RegistrationKeyword">
<arg>Toronto</arg>
<kw name="Input Text" library="SeleniumLibrary">
<arg>${txt_add1}</arg>
<arg>${add1}</arg>
<doc>Types the given ``text`` into the text field identified by ``locator``.</doc>
<msg timestamp="20220901 10:38:21.517" level="INFO">Typing text 'Toronto' into text field 'name:address1'.</msg>
<status status="PASS" starttime="20220901 10:38:21.517" endtime="20220901 10:38:21.661"/>
</kw>
<status status="PASS" starttime="20220901 10:38:21.517" endtime="20220901 10:38:21.661"/>
</kw>
<kw name="Enter city" library="RegistrationKeyword">
<arg>Toronto</arg>
<kw name="Input Text" library="SeleniumLibrary">
<arg>${txt_city}</arg>
<arg>${city}</arg>
<doc>Types the given ``text`` into the text field identified by ``locator``.</doc>
<msg timestamp="20220901 10:38:21.662" level="INFO">Typing text 'Toronto' into text field 'name:city'.</msg>
<status status="PASS" starttime="20220901 10:38:21.662" endtime="20220901 10:38:21.788"/>
</kw>
<status status="PASS" starttime="20220901 10:38:21.661" endtime="20220901 10:38:21.788"/>
</kw>
<kw name="Enter state" library="RegistrationKeyword">
<arg>Brampton</arg>
<kw name="Input Text" library="SeleniumLibrary">
<arg>${txt_state}</arg>
<arg>${state}</arg>
<doc>Types the given ``text`` into the text field identified by ``locator``.</doc>
<msg timestamp="20220901 10:38:21.789" level="INFO">Typing text 'Brampton' into text field 'name:state'.</msg>
<status status="PASS" starttime="20220901 10:38:21.789" endtime="20220901 10:38:21.915"/>
</kw>
<status status="PASS" starttime="20220901 10:38:21.788" endtime="20220901 10:38:21.915"/>
</kw>
<kw name="Enter postalcode" library="RegistrationKeyword">
<arg>L3S 1E7</arg>
<kw name="Input Text" library="SeleniumLibrary">
<arg>${txt_postcode}</arg>
<arg>${postalcode}</arg>
<doc>Types the given ``text`` into the text field identified by ``locator``.</doc>
<msg timestamp="20220901 10:38:21.916" level="INFO">Typing text 'L3S 1E7' into text field 'name:postalCode'.</msg>
<status status="PASS" starttime="20220901 10:38:21.916" endtime="20220901 10:38:22.053"/>
</kw>
<status status="PASS" starttime="20220901 10:38:21.916" endtime="20220901 10:38:22.053"/>
</kw>
<kw name="Select country" library="RegistrationKeyword">
<arg>CANADA</arg>
<kw name="Select From List By Label" library="SeleniumLibrary">
<arg>${drp_country}</arg>
<arg>${country}</arg>
<doc>Selects options from selection list ``locator`` by ``labels``.</doc>
<msg timestamp="20220901 10:38:22.054" level="INFO">Selecting options from selection list 'name:country' by label CANADA.</msg>
<status status="PASS" starttime="20220901 10:38:22.054" endtime="20220901 10:38:22.157"/>
</kw>
<status status="PASS" starttime="20220901 10:38:22.053" endtime="20220901 10:38:22.158"/>
</kw>
<kw name="Enter username" library="RegistrationKeyword">
<arg>johnxyzad</arg>
<kw name="Input Text" library="SeleniumLibrary">
<arg>${txt_userName}</arg>
<arg>${username}</arg>
<doc>Types the given ``text`` into the text field identified by ``locator``.</doc>
<msg timestamp="20220901 10:38:22.158" level="INFO">Typing text 'johnxyzad' into text field 'name:email'.</msg>
<status status="PASS" starttime="20220901 10:38:22.158" endtime="20220901 10:38:22.308"/>
</kw>
<status status="PASS" starttime="20220901 10:38:22.158" endtime="20220901 10:38:22.308"/>
</kw>
<kw name="Enter password" library="RegistrationKeyword">
<arg>johnxyz</arg>
<kw name="Input Text" library="SeleniumLibrary">
<arg>${txt_password}</arg>
<arg>${password}</arg>
<doc>Types the given ``text`` into the text field identified by ``locator``.</doc>
<msg timestamp="20220901 10:38:22.308" level="INFO">Typing text 'johnxyz' into text field 'name:password'.</msg>
<status status="PASS" starttime="20220901 10:38:22.308" endtime="20220901 10:38:22.443"/>
</kw>
<status status="PASS" starttime="20220901 10:38:22.308" endtime="20220901 10:38:22.444"/>
</kw>
<kw name="Enter confirmpassword" library="RegistrationKeyword">
<arg>johnxyz</arg>
<kw name="Input Text" library="SeleniumLibrary">
<arg>${txt_confirmpassword}</arg>
<arg>${confirmpassword}</arg>
<doc>Types the given ``text`` into the text field identified by ``locator``.</doc>
<msg timestamp="20220901 10:38:22.445" level="INFO">Typing text 'johnxyz' into text field 'name:confirmPassword'.</msg>
<status status="PASS" starttime="20220901 10:38:22.444" endtime="20220901 10:38:22.582"/>
</kw>
<status status="PASS" starttime="20220901 10:38:22.444" endtime="20220901 10:38:22.583"/>
</kw>
<kw name="Click submit" library="RegistrationKeyword">
<kw name="Click Button" library="SeleniumLibrary">
<arg>${btn_submit}</arg>
<doc>Clicks the button identified by ``locator``.</doc>
<msg timestamp="20220901 10:38:22.583" level="INFO">Clicking button 'xpath://input[@name='submit']'.</msg>
<status status="PASS" starttime="20220901 10:38:22.583" endtime="20220901 10:38:24.316"/>
</kw>
<status status="PASS" starttime="20220901 10:38:22.583" endtime="20220901 10:38:24.316"/>
</kw>
<kw name="Verify successful registration" library="RegistrationKeyword">
<kw name="Page Should Contain" library="SeleniumLibrary">
<arg>Thank you for registering</arg>
<doc>Verifies that current page contains ``text``.</doc>
<msg timestamp="20220901 10:38:24.349" level="INFO">Current page contains text 'Thank you for registering'.</msg>
<status status="PASS" starttime="20220901 10:38:24.316" endtime="20220901 10:38:24.349"/>
</kw>
<status status="PASS" starttime="20220901 10:38:24.316" endtime="20220901 10:38:24.349"/>
</kw>
<kw name="Close My Browsers" library="RegistrationKeyword">
<kw name="Close All Browsers" library="SeleniumLibrary">
<doc>Closes all open browsers and resets the browser cache.</doc>
<status status="PASS" starttime="20220901 10:38:24.349" endtime="20220901 10:38:26.955"/>
</kw>
<status status="PASS" starttime="20220901 10:38:24.349" endtime="20220901 10:38:26.956"/>
</kw>
<status status="PASS" starttime="20220901 10:38:15.599" endtime="20220901 10:38:26.957"/>
</test>
<status status="PASS" starttime="20220901 10:38:15.300" endtime="20220901 10:38:26.959"/>
</suite>
<suite id="s1-s8" name="ScrollingPage" source="C:\Users\Saurabh\PycharmProjects\Automation\TestCases\ScrollingPage.robot">
<test id="s1-s8-t1" name="ScrollingTest" line="6">
<kw name="Open Browser" library="SeleniumLibrary">
<arg>https://www.countries-ofthe-world.com/flags-of-the-world.html</arg>
<arg>Firefox</arg>
<doc>Opens a new browser instance to the optional ``url``.</doc>
<msg timestamp="20220901 10:38:19.446" level="INFO">Opening browser 'Firefox' to base url 'https://www.countries-ofthe-world.com/flags-of-the-world.html'.</msg>
<msg timestamp="20220901 10:38:19.447" level="INFO">Firefox driver log is always forced to to: C:\Users\Saurabh\PycharmProjects\Automation\Results\pabot_results\16\geckodriver-1.log</msg>
<status status="PASS" starttime="20220901 10:38:19.445" endtime="20220901 10:38:29.872"/>
</kw>
<kw name="Maximize Browser Window" library="SeleniumLibrary">
<doc>Maximizes current browser window.</doc>
<status status="PASS" starttime="20220901 10:38:29.872" endtime="20220901 10:38:29.875"/>
</kw>
<kw name="Execute Javascript" library="SeleniumLibrary">
<arg>window.scrollTo(0,document.body.scrollHeight)</arg>
<doc>Executes the given JavaScript code with possible arguments.</doc>
<msg timestamp="20220901 10:38:29.878" level="INFO">Executing JavaScript:
window.scrollTo(0,document.body.scrollHeight)
Without any arguments.</msg>
<status status="PASS" starttime="20220901 10:38:29.875" endtime="20220901 10:38:29.956"/>
</kw>
<kw name="Sleep" library="BuiltIn">
<arg>5</arg>
<doc>Pauses the test executed for the given time.</doc>
<msg timestamp="20220901 10:38:34.966" level="INFO">Slept 5 seconds</msg>
<status status="PASS" starttime="20220901 10:38:29.956" endtime="20220901 10:38:34.967"/>
</kw>
<kw name="Execute Javascript" library="SeleniumLibrary">
<arg>window.scrollTo(0,-document.body.scrollHeight)</arg>
<doc>Executes the given JavaScript code with possible arguments.</doc>
<msg timestamp="20220901 10:38:34.974" level="INFO">Executing JavaScript:
window.scrollTo(0,-document.body.scrollHeight)
Without any arguments.</msg>
<status status="PASS" starttime="20220901 10:38:34.967" endtime="20220901 10:38:35.002"/>
</kw>
<status status="PASS" starttime="20220901 10:38:19.444" endtime="20220901 10:38:35.003"/>
</test>
<status status="PASS" starttime="20220901 10:38:19.195" endtime="20220901 10:38:35.006"/>
</suite>
<suite id="s1-s9" name="SetupandTeardown" source="C:\Users\Saurabh\PycharmProjects\Automation\TestCases\SetupandTeardown.robot">
<kw name="Log To Console" library="BuiltIn" type="SETUP">
<arg>Opening Browser</arg>
<doc>Logs the given message to the console.</doc>
<status status="PASS" starttime="20220901 10:38:27.753" endtime="20220901 10:38:27.754"/>
</kw>
<test id="s1-s9-t1" name="TC1 Prepaid recharge" line="10">
<kw name="Log To Console" library="BuiltIn" type="SETUP">
<arg>Login To Application</arg>
<doc>Logs the given message to the console.</doc>
<status status="PASS" starttime="20220901 10:38:27.754" endtime="20220901 10:38:27.754"/>
</kw>
<kw name="Log To Console" library="BuiltIn">
<arg>This is Prepaid Recharge Testcase</arg>
<doc>Logs the given message to the console.</doc>
<status status="PASS" starttime="20220901 10:38:27.754" endtime="20220901 10:38:27.754"/>
</kw>
<kw name="Log To Console" library="BuiltIn" type="TEARDOWN">
<arg>Logout To Application</arg>
<doc>Logs the given message to the console.</doc>
<status status="PASS" starttime="20220901 10:38:27.754" endtime="20220901 10:38:27.754"/>
</kw>
<status status="PASS" starttime="20220901 10:38:27.754" endtime="20220901 10:38:27.754"/>
</test>
<test id="s1-s9-t2" name="TC2 Postpaid Recharge" line="13">
<kw name="Log To Console" library="BuiltIn" type="SETUP">
<arg>Login To Application</arg>
<doc>Logs the given message to the console.</doc>
<status status="PASS" starttime="20220901 10:38:27.780" endtime="20220901 10:38:27.781"/>
</kw>
<kw name="Log To Console" library="BuiltIn">
<arg>This is Postpaid Recharge Testcase</arg>
<doc>Logs the given message to the console.</doc>
<status status="PASS" starttime="20220901 10:38:27.781" endtime="20220901 10:38:27.782"/>
</kw>
<kw name="Log To Console" library="BuiltIn" type="TEARDOWN">
<arg>Logout To Application</arg>
<doc>Logs the given message to the console.</doc>
<status status="PASS" starttime="20220901 10:38:27.782" endtime="20220901 10:38:27.782"/>
</kw>
<status status="PASS" starttime="20220901 10:38:27.779" endtime="20220901 10:38:27.782"/>
</test>
<test id="s1-s9-t3" name="TC3 Search" line="16">
<kw name="Log To Console" library="BuiltIn" type="SETUP">
<arg>Login To Application</arg>
<doc>Logs the given message to the console.</doc>
<status status="PASS" starttime="20220901 10:38:27.782" endtime="20220901 10:38:27.782"/>
</kw>
<kw name="Log To Console" library="BuiltIn">
<arg>This is Search Testcase</arg>
<doc>Logs the given message to the console.</doc>
<status status="PASS" starttime="20220901 10:38:27.782" endtime="20220901 10:38:27.782"/>
</kw>
<kw name="Log To Console" library="BuiltIn" type="TEARDOWN">
<arg>Logout To Application</arg>
<doc>Logs the given message to the console.</doc>
<status status="PASS" starttime="20220901 10:38:27.782" endtime="20220901 10:38:27.782"/>
</kw>
<status status="PASS" starttime="20220901 10:38:27.782" endtime="20220901 10:38:27.782"/>
</test>
<test id="s1-s9-t4" name="TC4 Advanced search" line="19">
<kw name="Log To Console" library="BuiltIn" type="SETUP">
<arg>Login To Application</arg>
<doc>Logs the given message to the console.</doc>
<status status="PASS" starttime="20220901 10:38:27.782" endtime="20220901 10:38:27.791"/>
</kw>
<kw name="Log To Console" library="BuiltIn">
<arg>This is Adv search Testcase</arg>
<doc>Logs the given message to the console.</doc>
<status status="PASS" starttime="20220901 10:38:27.791" endtime="20220901 10:38:27.792"/>
</kw>
<kw name="Log To Console" library="BuiltIn" type="TEARDOWN">
<arg>Logout To Application</arg>
<doc>Logs the given message to the console.</doc>
<status status="PASS" starttime="20220901 10:38:27.793" endtime="20220901 10:38:27.796"/>
</kw>
<status status="PASS" starttime="20220901 10:38:27.782" endtime="20220901 10:38:27.796"/>
</test>
<kw name="Log To Console" library="BuiltIn" type="TEARDOWN">
<arg>Closing Browser</arg>
<doc>Logs the given message to the console.</doc>
<status status="PASS" starttime="20220901 10:38:27.798" endtime="20220901 10:38:27.799"/>
</kw>
<status status="PASS" starttime="20220901 10:38:27.746" endtime="20220901 10:38:27.800"/>
</suite>
<suite id="s1-s10" name="Speedtests" source="C:\Users\Saurabh\PycharmProjects\Automation\TestCases\speedtests.robot">
<test id="s1-s10-t1" name="RegTest" line="7">
<kw name="Get Selenium Speed" library="SeleniumLibrary">
<var>${speed}</var>
<doc>Gets the delay that is waited after each Selenium command.</doc>
<msg timestamp="20220901 10:38:28.736" level="INFO">${speed} = 0 seconds</msg>
<status status="PASS" starttime="20220901 10:38:28.736" endtime="20220901 10:38:28.736"/>
</kw>
<kw name="Log To Console" library="BuiltIn">
<arg>${speed}</arg>
<doc>Logs the given message to the console.</doc>
<status status="PASS" starttime="20220901 10:38:28.737" endtime="20220901 10:38:28.737"/>
</kw>
<kw name="Open Browser" library="SeleniumLibrary">
<arg>http://demowebshop.tricentis.com/register</arg>
<arg>chrome</arg>
<doc>Opens a new browser instance to the optional ``url``.</doc>
<msg timestamp="20220901 10:38:28.738" level="INFO">Opening browser 'chrome' to base url 'http://demowebshop.tricentis.com/register'.</msg>
<status status="PASS" starttime="20220901 10:38:28.737" endtime="20220901 10:38:34.133"/>
</kw>
<kw name="Maximize Browser Window" library="SeleniumLibrary">
<doc>Maximizes current browser window.</doc>
<status status="PASS" starttime="20220901 10:38:34.135" endtime="20220901 10:38:34.287"/>
</kw>
<kw name="Set Selenium Speed" library="SeleniumLibrary">
<arg>3 seconds</arg>
<doc>Sets the delay that is waited after each Selenium command.</doc>
<status status="PASS" starttime="20220901 10:38:34.288" endtime="20220901 10:38:34.290"/>
</kw>
<kw name="Select Radio Button" library="SeleniumLibrary">
<arg>Gender</arg>
<arg>M</arg>
<doc>Sets the radio button group ``group_name`` to ``value``.</doc>
<msg timestamp="20220901 10:38:34.291" level="INFO">Selecting 'M' from radio button 'Gender'.</msg>
<status status="PASS" starttime="20220901 10:38:34.290" endtime="20220901 10:38:43.428"/>
</kw>
<kw name="Input Text" library="SeleniumLibrary">
<arg>name:FirstName</arg>
<arg>David</arg>
<doc>Types the given ``text`` into the text field identified by ``locator``.</doc>
<msg timestamp="20220901 10:38:43.430" level="INFO">Typing text 'David' into text field 'name:FirstName'.</msg>
<status status="PASS" starttime="20220901 10:38:43.429" endtime="20220901 10:38:52.597"/>
</kw>
<kw name="Input Text" library="SeleniumLibrary">
<arg>name:LastName</arg>
<arg>John</arg>
<doc>Types the given ``text`` into the text field identified by ``locator``.</doc>
<msg timestamp="20220901 10:38:52.599" level="INFO">Typing text 'John' into text field 'name:LastName'.</msg>
<status status="PASS" starttime="20220901 10:38:52.598" endtime="20220901 10:39:01.927"/>
</kw>
<kw name="Input Text" library="SeleniumLibrary">
<arg>name:Email</arg>
<arg>anhc@gmail.com</arg>
<doc>Types the given ``text`` into the text field identified by ``locator``.</doc>
<msg timestamp="20220901 10:39:01.928" level="INFO">Typing text 'anhc@gmail.com' into text field 'name:Email'.</msg>
<status status="PASS" starttime="20220901 10:39:01.927" endtime="20220901 10:39:11.199"/>
</kw>
<kw name="Input Text" library="SeleniumLibrary">
<arg>name:Password</arg>
<arg>davidjohn</arg>
<doc>Types the given ``text`` into the text field identified by ``locator``.</doc>
<msg timestamp="20220901 10:39:11.200" level="INFO">Typing text 'davidjohn' into text field 'name:Password'.</msg>
<status status="PASS" starttime="20220901 10:39:11.199" endtime="20220901 10:39:20.381"/>
</kw>
<kw name="Input Text" library="SeleniumLibrary">
<arg>name:ConfirmPassword</arg>
<arg>davidjohn</arg>
<doc>Types the given ``text`` into the text field identified by ``locator``.</doc>
<msg timestamp="20220901 10:39:20.382" level="INFO">Typing text 'davidjohn' into text field 'name:ConfirmPassword'.</msg>
<status status="PASS" starttime="20220901 10:39:20.381" endtime="20220901 10:39:29.542"/>
</kw>
<kw name="Get Selenium Speed" library="SeleniumLibrary">
<var>${speed}</var>
<doc>Gets the delay that is waited after each Selenium command.</doc>
<msg timestamp="20220901 10:39:29.543" level="INFO">${speed} = 3 seconds</msg>
<status status="PASS" starttime="20220901 10:39:29.542" endtime="20220901 10:39:29.543"/>
</kw>
<kw name="Log To Console" library="BuiltIn">
<arg>${speed}</arg>
<doc>Logs the given message to the console.</doc>
<status status="PASS" starttime="20220901 10:39:29.543" endtime="20220901 10:39:29.545"/>
</kw>
<status status="PASS" starttime="20220901 10:38:28.735" endtime="20220901 10:39:29.545"/>
</test>
<status status="PASS" starttime="20220901 10:38:28.500" endtime="20220901 10:39:29.546"/>
</suite>
<suite id="s1-s11" name="SwitchMultipleBrowser" source="C:\Users\Saurabh\PycharmProjects\Automation\TestCases\SwitchMultipleBrowser.robot">
<test id="s1-s11-t1" name="MultipleBrowseTest" line="7">
<kw name="Open Browser" library="SeleniumLibrary">
<arg>https://www.google.co.in/</arg>
<arg>Edge</arg>
<doc>Opens a new browser instance to the optional ``url``.</doc>
<msg timestamp="20220901 10:38:36.107" level="INFO">Opening browser 'Edge' to base url 'https://www.google.co.in/'.</msg>
<msg timestamp="20220901 10:38:39.727" level="INFO">Cannot capture screenshot because no browser is open.</msg>
<msg timestamp="20220901 10:38:39.728" level="FAIL">WebDriverException: Message: unknown error: Microsoft Edge failed to start: crashed.
  (unknown error: DevToolsActivePort file doesn't exist)
  (The process started from msedge location C:\Program Files (x86)\Microsoft\Edge\Application\msedge.exe is no longer running, so msedgedriver is assuming that msedge has crashed.)
Stacktrace:
Backtrace:
	Microsoft::Applications::Events::EventProperties::unpack [0x00007FF7163B6312+24642]
	Microsoft::Applications::Events::GUID_t::GUID_t [0x00007FF716309A62+334098]
	Ordinal0 [0x00007FF715EA7915+620821]
	Ordinal0 [0x00007FF715ECFC83+785539]
	Ordinal0 [0x00007FF715ECA9EE+764398]
	Ordinal0 [0x00007FF715F045FF+1000959]
	Ordinal0 [0x00007FF715EFECB3+978099]
	Ordinal0 [0x00007FF715ED5F00+810752]
	Ordinal0 [0x00007FF715ED7508+816392]
	Microsoft::Applications::Events::EventProperty::EventProperty [0x00007FF71616D578+135480]
	Microsoft::Applications::Events::EventProperty::EventProperty [0x00007FF716154C77+34871]
	Microsoft::Applications::Events::EventProperty::EventProperty [0x00007FF716157CFC+47292]
	Microsoft::Applications::Events::EventProperty::to_string [0x00007FF715FB11B6+23222]
	Microsoft::Applications::Events::GUID_t::GUID_t [0x00007FF716310F6B+364059]
	Microsoft::Applications::Events::GUID_t::GUID_t [0x00007FF7163159A4+383060]
	Microsoft::Applications::Events::GUID_t::GUID_t [0x00007FF716315AFD+383405]
	Microsoft::Applications::Events::time_ticks_t::time_ticks_t [0x00007FF71632040E+39918]
	BaseThreadInitThunk [0x00007FFC2DA554E0+16]
	RtlUserThreadStart [0x00007FFC2DD8485B+43]
</msg>
<status status="FAIL" starttime="20220901 10:38:36.107" endtime="20220901 10:38:39.734"/>
</kw>
<kw name="Maximize Browser Window" library="SeleniumLibrary">
<doc>Maximizes current browser window.</doc>
<status status="NOT RUN" starttime="20220901 10:38:39.735" endtime="20220901 10:38:39.739"/>
</kw>
<kw name="Sleep" library="BuiltIn">
<arg>3</arg>
<doc>Pauses the test executed for the given time.</doc>
<status status="NOT RUN" starttime="20220901 10:38:39.739" endtime="20220901 10:38:39.739"/>
</kw>
<kw name="Open Browser" library="SeleniumLibrary">
<arg>https://www.bing.com/</arg>
<arg>Edge</arg>
<doc>Opens a new browser instance to the optional ``url``.</doc>
<status status="NOT RUN" starttime="20220901 10:38:39.739" endtime="20220901 10:38:39.739"/>
</kw>
<kw name="Maximize Browser Window" library="SeleniumLibrary">
<doc>Maximizes current browser window.</doc>
<status status="NOT RUN" starttime="20220901 10:38:39.746" endtime="20220901 10:38:39.746"/>
</kw>
<kw name="Switch Browser" library="SeleniumLibrary">
<arg>1</arg>
<doc>Switches between active browsers using ``index_or_alias``.</doc>
<status status="NOT RUN" starttime="20220901 10:38:39.746" endtime="20220901 10:38:39.746"/>
</kw>
<kw name="Get Title" library="SeleniumLibrary">
<var>${Title1}</var>
<doc>Returns the title of the current page.</doc>
<status status="NOT RUN" starttime="20220901 10:38:39.746" endtime="20220901 10:38:39.747"/>
</kw>
<kw name="Log To Console" library="BuiltIn">
<arg>${Title1}</arg>
<doc>Logs the given message to the console.</doc>
<status status="NOT RUN" starttime="20220901 10:38:39.747" endtime="20220901 10:38:39.747"/>
</kw>
<kw name="Switch Browser" library="SeleniumLibrary">
<arg>2</arg>
<doc>Switches between active browsers using ``index_or_alias``.</doc>
<status status="NOT RUN" starttime="20220901 10:38:39.747" endtime="20220901 10:38:39.748"/>
</kw>
<kw name="Get Title" library="SeleniumLibrary">
<var>${Title2}</var>
<doc>Returns the title of the current page.</doc>
<status status="NOT RUN" starttime="20220901 10:38:39.748" endtime="20220901 10:38:39.748"/>
</kw>
<kw name="Log To Console" library="BuiltIn">
<arg>${Title2}</arg>
<doc>Logs the given message to the console.</doc>
<status status="NOT RUN" starttime="20220901 10:38:39.748" endtime="20220901 10:38:39.748"/>
</kw>
<kw name="Sleep" library="BuiltIn">
<arg>3</arg>
<doc>Pauses the test executed for the given time.</doc>
<status status="NOT RUN" starttime="20220901 10:38:39.748" endtime="20220901 10:38:39.749"/>
</kw>
<kw name="Close All Browsers" library="SeleniumLibrary">
<doc>Closes all open browsers and resets the browser cache.</doc>
<status status="NOT RUN" starttime="20220901 10:38:39.749" endtime="20220901 10:38:39.749"/>
</kw>
<status status="FAIL" starttime="20220901 10:38:36.106" endtime="20220901 10:38:39.749">WebDriverException: Message: unknown error: Microsoft Edge failed to start: crashed.
  (unknown error: DevToolsActivePort file doesn't exist)
  (The process started from msedge location C:\Program Files (x86)\Microsoft\Edge\Application\msedge.exe is no longer running, so msedgedriver is assuming that msedge has crashed.)
Stacktrace:
Backtrace:
	Microsoft::Applications::Events::EventProperties::unpack [0x00007FF7163B6312+24642]
	Microsoft::Applications::Events::GUID_t::GUID_t [0x00007FF716309A62+334098]
	Ordinal0 [0x00007FF715EA7915+620821]
	Ordinal0 [0x00007FF715ECFC83+785539]
	Ordinal0 [0x00007FF715ECA9EE+764398]
	Ordinal0 [0x00007FF715F045FF+1000959]
	Ordinal0 [0x00007FF715EFECB3+978099]
	Ordinal0 [0x00007FF715ED5F00+810752]
	Ordinal0 [0x00007FF715ED7508+816392]
	Microsoft::Applications::Events::EventProperty::EventProperty [0x00007FF71616D578+135480]
	Microsoft::Applications::Events::EventProperty::EventProperty [0x00007FF716154C77+34871]
	Microsoft::Applications::Events::EventProperty::EventProperty [0x00007FF716157CFC+47292]
	Microsoft::Applications::Events::EventProperty::to_string [0x00007FF715FB11B6+23222]
	Microsoft::Applications::Events::GUID_t::GUID_t [0x00007FF716310F6B+364059]
	Microsoft::Applications::Events::GUID_t::GUID_t [0x00007FF7163159A4+383060]
	Microsoft::Applications::Events::GUID_t::GUID_t [0x00007FF716315AFD+383405]
	Microsoft::Applications::Events::time_ticks_t::time_ticks_t [0x00007FF71632040E+39918]
	BaseThreadInitThunk [0x00007FFC2DA554E0+16]
	RtlUserThreadStart [0x00007FFC2DD8485B+43]
</status>
</test>
<status status="FAIL" starttime="20220901 10:38:35.931" endtime="20220901 10:38:39.749"/>
</suite>
<suite id="s1-s12" name="Capturescreen" source="C:\Users\Saurabh\PycharmProjects\Automation\TestCases\Capturescreen.robot">
<test id="s1-s12-t1" name="LoginTC" line="6">
<kw name="Open Browser" library="SeleniumLibrary">
<arg>https://www.facebook.com/</arg>
<arg>Firefox</arg>
<doc>Opens a new browser instance to the optional ``url``.</doc>
<msg timestamp="20220901 10:36:14.972" level="INFO">Opening browser 'Firefox' to base url 'https://www.facebook.com/'.</msg>
<msg timestamp="20220901 10:36:14.974" level="INFO">Firefox driver log is always forced to to: C:\Users\Saurabh\PycharmProjects\Automation\Results\pabot_results\1\geckodriver-1.log</msg>
<status status="PASS" starttime="20220901 10:36:14.971" endtime="20220901 10:36:24.013"/>
</kw>
<kw name="Input Text" library="SeleniumLibrary">
<arg>id:email</arg>
<arg>saurabh.singh106@gmail.com</arg>
<doc>Types the given ``text`` into the text field identified by ``locator``.</doc>
<msg timestamp="20220901 10:36:24.014" level="INFO">Typing text 'saurabh.singh106@gmail.com' into text field 'id:email'.</msg>
<status status="PASS" starttime="20220901 10:36:24.013" endtime="20220901 10:36:24.215"/>
</kw>
<kw name="Input Text" library="SeleniumLibrary">
<arg>id:pass</arg>
<arg>Bholume17</arg>
<doc>Types the given ``text`` into the text field identified by ``locator``.</doc>
<msg timestamp="20220901 10:36:24.216" level="INFO">Typing text 'Bholume17' into text field 'id:pass'.</msg>
<status status="PASS" starttime="20220901 10:36:24.215" endtime="20220901 10:36:24.265"/>
</kw>
<kw name="Capture Element Screenshot" library="SeleniumLibrary">
<arg>//*[@id="content"]/div/div/div/div[1]/div[1]/img</arg>
<arg>C:/Users/Saurabh/PycharmProjects/Automation/Logo.png</arg>
<doc>Captures a screenshot from the element identified by ``locator`` and embeds it into log file.</doc>
<msg timestamp="20220901 10:36:24.328" level="INFO" html="true">&lt;/td&gt;&lt;/tr&gt;&lt;tr&gt;&lt;td colspan="3"&gt;&lt;a href="../Logo.png"&gt;&lt;img src="../Logo.png" width="400px"&gt;&lt;/a&gt;</msg>
<status status="PASS" starttime="20220901 10:36:24.265" endtime="20220901 10:36:24.328"/>
</kw>
<kw name="Capture Page Screenshot" library="SeleniumLibrary">
<arg>C:/Users/Saurabh/PycharmProjects/Automation/LoginTC.png</arg>
<doc>Takes a screenshot of the current page and embeds it into a log file.</doc>
<msg timestamp="20220901 10:36:24.400" level="INFO" html="true">&lt;/td&gt;&lt;/tr&gt;&lt;tr&gt;&lt;td colspan="3"&gt;&lt;a href="../LoginTC.png"&gt;&lt;img src="../LoginTC.png" width="800px"&gt;&lt;/a&gt;</msg>
<status status="PASS" starttime="20220901 10:36:24.329" endtime="20220901 10:36:24.400"/>
</kw>
<status status="PASS" starttime="20220901 10:36:14.970" endtime="20220901 10:36:24.400"/>
</test>
<status status="PASS" starttime="20220901 10:36:14.583" endtime="20220901 10:36:24.402"/>
</suite>
<suite id="s1-s13" name="TC1" source="C:\Users\Saurabh\PycharmProjects\Automation\TestCases\TC1.robot">
<test id="s1-s13-t1" name="LoginTest" line="12">
<kw name="Open Browser" library="SeleniumLibrary">
<arg>${url}</arg>
<arg>${browser}</arg>
<doc>Opens a new browser instance to the optional ``url``.</doc>
<msg timestamp="20220901 10:38:40.647" level="INFO">Opening browser 'chrome' to base url 'https://demo.nopcommerce.com/'.</msg>
<status status="PASS" starttime="20220901 10:38:40.647" endtime="20220901 10:38:43.770"/>
</kw>
<kw name="loginToApplication">
<kw name="Click Link" library="SeleniumLibrary">
<arg>//a[normalize-space()='Log in']</arg>
<doc>Clicks a link identified by ``locator``.</doc>
<msg timestamp="20220901 10:38:43.772" level="INFO">Clicking link '//a[normalize-space()='Log in']'.</msg>
<status status="PASS" starttime="20220901 10:38:43.771" endtime="20220901 10:38:45.358"/>
</kw>
<kw name="Input Text" library="SeleniumLibrary">
<arg>id:Email</arg>
<arg>pavanoltraining@gmail.com</arg>
<doc>Types the given ``text`` into the text field identified by ``locator``.</doc>
<msg timestamp="20220901 10:38:45.358" level="INFO">Typing text 'pavanoltraining@gmail.com' into text field 'id:Email'.</msg>
<status status="PASS" starttime="20220901 10:38:45.358" endtime="20220901 10:38:45.611"/>
</kw>
<kw name="Input Text" library="SeleniumLibrary">
<arg>id:Password</arg>
<arg>test123</arg>
<doc>Types the given ``text`` into the text field identified by ``locator``.</doc>
<msg timestamp="20220901 10:38:45.615" level="INFO">Typing text 'test123' into text field 'id:Password'.</msg>
<status status="PASS" starttime="20220901 10:38:45.611" endtime="20220901 10:38:45.837"/>
</kw>
<kw name="Click Element" library="SeleniumLibrary">
<arg>//button[normalize-space()='Log in']</arg>
<doc>Click the element identified by ``locator``.</doc>
<msg timestamp="20220901 10:38:45.838" level="INFO">Clicking element '//button[normalize-space()='Log in']'.</msg>
<status status="PASS" starttime="20220901 10:38:45.837" endtime="20220901 10:38:46.541"/>
</kw>
<status status="PASS" starttime="20220901 10:38:43.771" endtime="20220901 10:38:46.541"/>
</kw>
<kw name="Close Browser" library="SeleniumLibrary">
<doc>Closes the current browser.</doc>
<status status="PASS" starttime="20220901 10:38:46.541" endtime="20220901 10:38:48.732"/>
</kw>
<status status="PASS" starttime="20220901 10:38:40.647" endtime="20220901 10:38:48.732"/>
</test>
<status status="PASS" starttime="20220901 10:38:40.474" endtime="20220901 10:38:48.734"/>
</suite>
<suite id="s1-s14" name="Tabbedwindows" source="C:\Users\Saurabh\PycharmProjects\Automation\TestCases\Tabbedwindows.robot">
<test id="s1-s14-t1" name="TabbedWindowTest" line="7">
<kw name="Open Browser" library="SeleniumLibrary">
<arg>https://demo.automationtesting.in/Windows.html</arg>
<arg>Edge</arg>
<doc>Opens a new browser instance to the optional ``url``.</doc>
<msg timestamp="20220901 10:38:49.881" level="INFO">Opening browser 'Edge' to base url 'https://demo.automationtesting.in/Windows.html'.</msg>
<msg timestamp="20220901 10:38:54.004" level="INFO">Cannot capture screenshot because no browser is open.</msg>
<msg timestamp="20220901 10:38:54.004" level="FAIL">WebDriverException: Message: unknown error: Microsoft Edge failed to start: crashed.
  (unknown error: DevToolsActivePort file doesn't exist)
  (The process started from msedge location C:\Program Files (x86)\Microsoft\Edge\Application\msedge.exe is no longer running, so msedgedriver is assuming that msedge has crashed.)
Stacktrace:
Backtrace:
	Microsoft::Applications::Events::EventProperties::unpack [0x00007FF728E36312+24642]
	Microsoft::Applications::Events::GUID_t::GUID_t [0x00007FF728D89A62+334098]
	Ordinal0 [0x00007FF728927915+620821]
	Ordinal0 [0x00007FF72894FC83+785539]
	Ordinal0 [0x00007FF72894A9EE+764398]
	Ordinal0 [0x00007FF7289845FF+1000959]
	Ordinal0 [0x00007FF72897ECB3+978099]
	Ordinal0 [0x00007FF728955F00+810752]
	Ordinal0 [0x00007FF728957508+816392]
	Microsoft::Applications::Events::EventProperty::EventProperty [0x00007FF728BED578+135480]
	Microsoft::Applications::Events::EventProperty::EventProperty [0x00007FF728BD4C77+34871]
	Microsoft::Applications::Events::EventProperty::EventProperty [0x00007FF728BD7CFC+47292]
	Microsoft::Applications::Events::EventProperty::to_string [0x00007FF728A311B6+23222]
	Microsoft::Applications::Events::GUID_t::GUID_t [0x00007FF728D90F6B+364059]
	Microsoft::Applications::Events::GUID_t::GUID_t [0x00007FF728D959A4+383060]
	Microsoft::Applications::Events::GUID_t::GUID_t [0x00007FF728D95AFD+383405]
	Microsoft::Applications::Events::time_ticks_t::time_ticks_t [0x00007FF728DA040E+39918]
	BaseThreadInitThunk [0x00007FFC2DA554E0+16]
	RtlUserThreadStart [0x00007FFC2DD8485B+43]
</msg>
<status status="FAIL" starttime="20220901 10:38:49.881" endtime="20220901 10:38:54.028"/>
</kw>
<kw name="Click Element" library="SeleniumLibrary">
<arg>//*[@id="Tabbed"]/a/button</arg>
<doc>Click the element identified by ``locator``.</doc>
<status status="NOT RUN" starttime="20220901 10:38:54.028" endtime="20220901 10:38:54.028"/>
</kw>
<kw name="Switch Window" library="SeleniumLibrary">
<arg>title=Sakinalium | Home</arg>
<doc>Switches to browser window matching ``locator``.</doc>
<status status="NOT RUN" starttime="20220901 10:38:54.028" endtime="20220901 10:38:54.028"/>
</kw>
<kw name="Click Element" library="SeleniumLibrary">
<arg>//*[@id="main_navbar"]/ul/li[4]/a/span</arg>
<doc>Click the element identified by ``locator``.</doc>
<status status="NOT RUN" starttime="20220901 10:38:54.028" endtime="20220901 10:38:54.028"/>
</kw>
<kw name="Sleep" library="BuiltIn">
<arg>3</arg>
<doc>Pauses the test executed for the given time.</doc>
<status status="NOT RUN" starttime="20220901 10:38:54.028" endtime="20220901 10:38:54.028"/>
</kw>
<kw name="Close All Browsers" library="SeleniumLibrary">
<doc>Closes all open browsers and resets the browser cache.</doc>
<status status="NOT RUN" starttime="20220901 10:38:54.028" endtime="20220901 10:38:54.028"/>
</kw>
<status status="FAIL" starttime="20220901 10:38:49.881" endtime="20220901 10:38:54.028">WebDriverException: Message: unknown error: Microsoft Edge failed to start: crashed.
  (unknown error: DevToolsActivePort file doesn't exist)
  (The process started from msedge location C:\Program Files (x86)\Microsoft\Edge\Application\msedge.exe is no longer running, so msedgedriver is assuming that msedge has crashed.)
Stacktrace:
Backtrace:
	Microsoft::Applications::Events::EventProperties::unpack [0x00007FF728E36312+24642]
	Microsoft::Applications::Events::GUID_t::GUID_t [0x00007FF728D89A62+334098]
	Ordinal0 [0x00007FF728927915+620821]
	Ordinal0 [0x00007FF72894FC83+785539]
	Ordinal0 [0x00007FF72894A9EE+764398]
	Ordinal0 [0x00007FF7289845FF+1000959]
	Ordinal0 [0x00007FF72897ECB3+978099]
	Ordinal0 [0x00007FF728955F00+810752]
	Ordinal0 [0x00007FF728957508+816392]
	Microsoft::Applications::Events::EventProperty::EventProperty [0x00007FF728BED578+135480]
	Microsoft::Applications::Events::EventProperty::EventProperty [0x00007FF728BD4C77+34871]
	Microsoft::Applications::Events::EventProperty::EventProperty [0x00007FF728BD7CFC+47292]
	Microsoft::Applications::Events::EventProperty::to_string [0x00007FF728A311B6+23222]
	Microsoft::Applications::Events::GUID_t::GUID_t [0x00007FF728D90F6B+364059]
	Microsoft::Applications::Events::GUID_t::GUID_t [0x00007FF728D959A4+383060]
	Microsoft::Applications::Events::GUID_t::GUID_t [0x00007FF728D95AFD+383405]
	Microsoft::Applications::Events::time_ticks_t::time_ticks_t [0x00007FF728DA040E+39918]
	BaseThreadInitThunk [0x00007FFC2DA554E0+16]
	RtlUserThreadStart [0x00007FFC2DD8485B+43]
</status>
</test>
<status status="FAIL" starttime="20220901 10:38:49.668" endtime="20220901 10:38:54.036"/>
</suite>
<suite id="s1-s15" name="TableDemo" source="C:\Users\Saurabh\PycharmProjects\Automation\TestCases\TableDemo.robot">
<test id="s1-s15-t1" name="TableValidations" line="6">
<kw name="Open Browser" library="SeleniumLibrary">
<arg>https://testautomationpractice.blogspot.com/</arg>
<arg>Firefox</arg>
<doc>Opens a new browser instance to the optional ``url``.</doc>
<msg timestamp="20220901 10:38:55.881" level="INFO">Opening browser 'Firefox' to base url 'https://testautomationpractice.blogspot.com/'.</msg>
<msg timestamp="20220901 10:38:55.889" level="INFO">Firefox driver log is always forced to to: C:\Users\Saurabh\PycharmProjects\Automation\Results\pabot_results\22\geckodriver-1.log</msg>
<status status="PASS" starttime="20220901 10:38:55.881" endtime="20220901 10:39:09.460"/>
</kw>
<kw name="Maximize Browser Window" library="SeleniumLibrary">
<doc>Maximizes current browser window.</doc>
<status status="PASS" starttime="20220901 10:39:09.461" endtime="20220901 10:39:09.467"/>
</kw>
<kw name="Get Element Count" library="SeleniumLibrary">
<var>${rows}</var>
<arg>//table[@name='BookTable']/tbody/tr</arg>
<doc>Returns the number of elements matching ``locator``.</doc>
<msg timestamp="20220901 10:39:09.522" level="INFO">${rows} = 7</msg>
<status status="PASS" starttime="20220901 10:39:09.467" endtime="20220901 10:39:09.522"/>
</kw>
<kw name="Get Element Count" library="SeleniumLibrary">
<var>${columns}</var>
<arg>//table[@name='BookTable']/tbody/tr[1]/th</arg>
<doc>Returns the number of elements matching ``locator``.</doc>
<msg timestamp="20220901 10:39:09.532" level="INFO">${columns} = 4</msg>
<status status="PASS" starttime="20220901 10:39:09.522" endtime="20220901 10:39:09.532"/>
</kw>
<kw name="Log To Console" library="BuiltIn">
<arg>${rows}</arg>
<doc>Logs the given message to the console.</doc>
<status status="PASS" starttime="20220901 10:39:09.532" endtime="20220901 10:39:09.533"/>
</kw>
<kw name="Log To Console" library="BuiltIn">
<arg>${columns}</arg>
<doc>Logs the given message to the console.</doc>
<status status="PASS" starttime="20220901 10:39:09.533" endtime="20220901 10:39:09.534"/>
</kw>
<kw name="Get Text" library="SeleniumLibrary">
<var>${data}</var>
<arg>//table[@name='BookTable']/tbody/tr[5]/td[1]</arg>
<doc>Returns the text value of the element identified by ``locator``.</doc>
<msg timestamp="20220901 10:39:09.569" level="INFO">${data} = Master In Selenium</msg>
<status status="PASS" starttime="20220901 10:39:09.534" endtime="20220901 10:39:09.569"/>
</kw>
<kw name="Log To Console" library="BuiltIn">
<arg>${data}</arg>
<doc>Logs the given message to the console.</doc>
<status status="PASS" starttime="20220901 10:39:09.569" endtime="20220901 10:39:09.570"/>
</kw>
<kw name="Table Column Should Contain" library="SeleniumLibrary">
<arg>//table[@name='BookTable']</arg>
<arg>2</arg>
<arg>Author</arg>
<doc>Verifies table column contains text ``expected``.</doc>
<status status="PASS" starttime="20220901 10:39:09.570" endtime="20220901 10:39:09.615"/>
</kw>
<kw name="Table Row Should Contain" library="SeleniumLibrary">
<arg>//table[@name='BookTable']</arg>
<arg>4</arg>
<arg>Learn JS</arg>
<doc>Verifies that table row contains text ``expected``.</doc>
<status status="PASS" starttime="20220901 10:39:09.615" endtime="20220901 10:39:09.687"/>
</kw>
<kw name="Table Cell Should Contain" library="SeleniumLibrary">
<arg>//table[@name='BookTable']</arg>
<arg>5</arg>
<arg>2</arg>
<arg>Mukesh</arg>
<doc>Verifies table cell contains text ``expected``.</doc>
<msg timestamp="20220901 10:39:09.734" level="INFO">Table cell contains 'Mukesh'.</msg>
<status status="PASS" starttime="20220901 10:39:09.687" endtime="20220901 10:39:09.734"/>
</kw>
<kw name="Table Header Should Contain" library="SeleniumLibrary">
<arg>//table[@name='BookTable']</arg>
<arg>BookName</arg>
<doc>Verifies table header contains text ``expected``.</doc>
<status status="PASS" starttime="20220901 10:39:09.735" endtime="20220901 10:39:09.775"/>
</kw>
<kw name="Close Browser" library="SeleniumLibrary">
<doc>Closes the current browser.</doc>
<status status="PASS" starttime="20220901 10:39:09.775" endtime="20220901 10:39:11.860"/>
</kw>
<status status="PASS" starttime="20220901 10:38:55.881" endtime="20220901 10:39:11.861"/>
</test>
<status status="PASS" starttime="20220901 10:38:55.574" endtime="20220901 10:39:11.862"/>
</suite>
<suite id="s1-s16" name="Tagging" source="C:\Users\Saurabh\PycharmProjects\Automation\TestCases\Tagging.robot">
<test id="s1-s16-t1" name="TC1 User RegistrationTest" line="4">
<kw name="Log To Console" library="BuiltIn">
<arg>This is user Reg Test</arg>
<doc>Logs the given message to the console.</doc>
<status status="PASS" starttime="20220901 10:39:12.615" endtime="20220901 10:39:12.615"/>
</kw>
<kw name="Log To Console" library="BuiltIn">
<arg>User Registration Test is Over</arg>
<doc>Logs the given message to the console.</doc>
<status status="PASS" starttime="20220901 10:39:12.615" endtime="20220901 10:39:12.615"/>
</kw>
<tag>Regression</tag>
<status status="PASS" starttime="20220901 10:39:12.615" endtime="20220901 10:39:12.615"/>
</test>
<test id="s1-s16-t2" name="TC2 LoginTest" line="9">
<kw name="Log To Console" library="BuiltIn">
<arg>This is Login Test</arg>
<doc>Logs the given message to the console.</doc>
<status status="PASS" starttime="20220901 10:39:12.649" endtime="20220901 10:39:12.649"/>
</kw>
<kw name="Log To Console" library="BuiltIn">
<arg>Login Test is Over</arg>
<doc>Logs the given message to the console.</doc>
<status status="PASS" starttime="20220901 10:39:12.649" endtime="20220901 10:39:12.649"/>
</kw>
<tag>Sanity</tag>
<status status="PASS" starttime="20220901 10:39:12.649" endtime="20220901 10:39:12.649"/>
</test>
<test id="s1-s16-t3" name="TC3 Change User Setting" line="14">
<kw name="Log To Console" library="BuiltIn">
<arg>This is Changein user Settings</arg>
<doc>Logs the given message to the console.</doc>
<status status="PASS" starttime="20220901 10:39:12.657" endtime="20220901 10:39:12.657"/>
</kw>
<kw name="Log To Console" library="BuiltIn">
<arg>Change User Settings is Over</arg>
<doc>Logs the given message to the console.</doc>
<status status="PASS" starttime="20220901 10:39:12.658" endtime="20220901 10:39:12.658"/>
</kw>
<tag>Regression</tag>
<status status="PASS" starttime="20220901 10:39:12.649" endtime="20220901 10:39:12.658"/>
</test>
<test id="s1-s16-t4" name="TC4 Logout Test" line="19">
<kw name="Log To Console" library="BuiltIn">
<arg>This is Logout Test</arg>
<doc>Logs the given message to the console.</doc>
<status status="PASS" starttime="20220901 10:39:12.662" endtime="20220901 10:39:12.663"/>
</kw>
<kw name="Log To Console" library="BuiltIn">
<arg>Logout Test is Over</arg>
<doc>Logs the given message to the console.</doc>
<status status="PASS" starttime="20220901 10:39:12.663" endtime="20220901 10:39:12.664"/>
</kw>
<tag>Sanity</tag>
<status status="PASS" starttime="20220901 10:39:12.658" endtime="20220901 10:39:12.664"/>
</test>
<status status="PASS" starttime="20220901 10:39:12.615" endtime="20220901 10:39:12.665"/>
</suite>
<suite id="s1-s17" name="TimeOutTests" source="C:\Users\Saurabh\PycharmProjects\Automation\TestCases\TimeOutTests.robot">
<test id="s1-s17-t1" name="RegTest" line="7">
<kw name="Open Browser" library="SeleniumLibrary">
<arg>http://demowebshop.tricentis.com/register</arg>
<arg>Firefox</arg>
<doc>Opens a new browser instance to the optional ``url``.</doc>
<msg timestamp="20220901 10:39:13.750" level="INFO">Opening browser 'Firefox' to base url 'http://demowebshop.tricentis.com/register'.</msg>
<msg timestamp="20220901 10:39:13.750" level="INFO">Firefox driver log is always forced to to: C:\Users\Saurabh\PycharmProjects\Automation\Results\pabot_results\24\geckodriver-1.log</msg>
<status status="PASS" starttime="20220901 10:39:13.750" endtime="20220901 10:39:22.095"/>
</kw>
<kw name="Maximize Browser Window" library="SeleniumLibrary">
<doc>Maximizes current browser window.</doc>
<status status="PASS" starttime="20220901 10:39:22.095" endtime="20220901 10:39:22.102"/>
</kw>
<kw name="Get Selenium Timeout" library="SeleniumLibrary">
<var>${time}</var>
<doc>Gets the timeout that is used by various keywords.</doc>
<msg timestamp="20220901 10:39:22.103" level="INFO">${time} = 5 seconds</msg>
<status status="PASS" starttime="20220901 10:39:22.103" endtime="20220901 10:39:22.103"/>
</kw>
<kw name="Log To Console" library="BuiltIn">
<arg>${time}</arg>
<doc>Logs the given message to the console.</doc>
<status status="PASS" starttime="20220901 10:39:22.104" endtime="20220901 10:39:22.104"/>
</kw>
<kw name="Set Selenium Timeout" library="SeleniumLibrary">
<arg>10</arg>
<arg>seconds</arg>
<doc>Sets the timeout that is used by various keywords.</doc>
<msg timestamp="20220901 10:39:22.105" level="FAIL">Keyword 'SeleniumLibrary.Set Selenium Timeout' expected 1 argument, got 2.</msg>
<status status="FAIL" starttime="20220901 10:39:22.105" endtime="20220901 10:39:22.105"/>
</kw>
<kw name="Wait Until Page Contains" library="SeleniumLibrary">
<arg>Registration #5seconds</arg>
<doc>Waits until ``text`` appears on the current page.</doc>
<status status="NOT RUN" starttime="20220901 10:39:22.105" endtime="20220901 10:39:22.105"/>
</kw>
<kw name="Select Radio Button" library="SeleniumLibrary">
<arg>Gender</arg>
<arg>M</arg>
<doc>Sets the radio button group ``group_name`` to ``value``.</doc>
<status status="NOT RUN" starttime="20220901 10:39:22.105" endtime="20220901 10:39:22.105"/>
</kw>
<kw name="Input Text" library="SeleniumLibrary">
<arg>name:FirstName</arg>
<arg>David</arg>
<doc>Types the given ``text`` into the text field identified by ``locator``.</doc>
<status status="NOT RUN" starttime="20220901 10:39:22.107" endtime="20220901 10:39:22.107"/>
</kw>
<kw name="Input Text" library="SeleniumLibrary">
<arg>name:LastName</arg>
<arg>John</arg>
<doc>Types the given ``text`` into the text field identified by ``locator``.</doc>
<status status="NOT RUN" starttime="20220901 10:39:22.107" endtime="20220901 10:39:22.107"/>
</kw>
<kw name="Input Text" library="SeleniumLibrary">
<arg>name:Email</arg>
<arg>anhc@gmail.com</arg>
<doc>Types the given ``text`` into the text field identified by ``locator``.</doc>
<status status="NOT RUN" starttime="20220901 10:39:22.107" endtime="20220901 10:39:22.107"/>
</kw>
<kw name="Input Text" library="SeleniumLibrary">
<arg>name:Password</arg>
<arg>davidjohn</arg>
<doc>Types the given ``text`` into the text field identified by ``locator``.</doc>
<status status="NOT RUN" starttime="20220901 10:39:22.107" endtime="20220901 10:39:22.107"/>
</kw>
<kw name="Input Text" library="SeleniumLibrary">
<arg>name:ConfirmPassword</arg>
<arg>davidjohn</arg>
<doc>Types the given ``text`` into the text field identified by ``locator``.</doc>
<status status="NOT RUN" starttime="20220901 10:39:22.107" endtime="20220901 10:39:22.107"/>
</kw>
<status status="FAIL" starttime="20220901 10:39:13.750" endtime="20220901 10:39:22.110">Keyword 'SeleniumLibrary.Set Selenium Timeout' expected 1 argument, got 2.</status>
</test>
<status status="FAIL" starttime="20220901 10:39:13.531" endtime="20220901 10:39:22.112"/>
</suite>
<suite id="s1-s18" name="UserKeywords" source="C:\Users\Saurabh\PycharmProjects\Automation\TestCases\UserKeywords.robot">
<test id="s1-s18-t1" name="TC1" line="10">
<kw name="launchbrowser" library="resources">
<var>${PageTitle}</var>
<arg>${url}</arg>
<arg>${browser}</arg>
<kw name="Open Browser" library="SeleniumLibrary">
<arg>${appurl}</arg>
<arg>${appbrowser}</arg>
<doc>Opens a new browser instance to the optional ``url``.</doc>
<msg timestamp="20220901 10:39:23.054" level="INFO">Opening browser 'Firefox' to base url 'https://demo.guru99.com/selenium/newtours/'.</msg>
<msg timestamp="20220901 10:39:23.083" level="INFO">Firefox driver log is always forced to to: C:\Users\Saurabh\PycharmProjects\Automation\Results\pabot_results\25\geckodriver-1.log</msg>
<status status="PASS" starttime="20220901 10:39:23.054" endtime="20220901 10:39:30.127"/>
</kw>
<kw name="Maximize Browser Window" library="SeleniumLibrary">
<doc>Maximizes current browser window.</doc>
<status status="PASS" starttime="20220901 10:39:30.127" endtime="20220901 10:39:30.132"/>
</kw>
<kw name="Get Title" library="SeleniumLibrary">
<var>${title}</var>
<doc>Returns the title of the current page.</doc>
<msg timestamp="20220901 10:39:30.135" level="INFO">${title} = Welcome: Mercury Tours</msg>
<status status="PASS" starttime="20220901 10:39:30.132" endtime="20220901 10:39:30.135"/>
</kw>
<msg timestamp="20220901 10:39:30.136" level="INFO">${PageTitle} = Welcome: Mercury Tours</msg>
<status status="PASS" starttime="20220901 10:39:23.054" endtime="20220901 10:39:30.136"/>
</kw>
<kw name="Log To Console" library="BuiltIn">
<arg>${PageTitle}</arg>
<doc>Logs the given message to the console.</doc>
<status status="PASS" starttime="20220901 10:39:30.136" endtime="20220901 10:39:30.137"/>
</kw>
<kw name="Log" library="BuiltIn">
<arg>${PageTitle}</arg>
<doc>Logs the given message with the given level.</doc>
<msg timestamp="20220901 10:39:30.137" level="INFO">Welcome: Mercury Tours</msg>
<status status="PASS" starttime="20220901 10:39:30.137" endtime="20220901 10:39:30.138"/>
</kw>
<kw name="Input Text" library="SeleniumLibrary">
<arg>userName</arg>
<arg>mercury</arg>
<doc>Types the given ``text`` into the text field identified by ``locator``.</doc>
<msg timestamp="20220901 10:39:30.139" level="INFO">Typing text 'mercury' into text field 'userName'.</msg>
<status status="PASS" starttime="20220901 10:39:30.138" endtime="20220901 10:39:30.208"/>
</kw>
<kw name="Input Text" library="SeleniumLibrary">
<arg>password</arg>
<arg>mercury</arg>
<doc>Types the given ``text`` into the text field identified by ``locator``.</doc>
<msg timestamp="20220901 10:39:30.209" level="INFO">Typing text 'mercury' into text field 'password'.</msg>
<status status="PASS" starttime="20220901 10:39:30.209" endtime="20220901 10:39:30.229"/>
</kw>
<status status="PASS" starttime="20220901 10:39:23.054" endtime="20220901 10:39:30.230"/>
</test>
<status status="PASS" starttime="20220901 10:39:22.883" endtime="20220901 10:39:30.231"/>
</suite>
<suite id="s1-s19" name="DBTesting" source="C:\Users\Saurabh\PycharmProjects\Automation\TestCases\DBTesting.robot">
<kw name="Connect To Database" type="SETUP">
<arg>pymysql</arg>
<arg>${DBName}</arg>
<arg>${DBUser}</arg>
<arg>${DBPass}</arg>
<arg>${DBHost}</arg>
<arg>${DBPort}</arg>
<msg timestamp="20220901 10:39:30.553" level="FAIL">No keyword with name 'Connect To Database' found.</msg>
<status status="FAIL" starttime="20220901 10:39:30.552" endtime="20220901 10:39:30.553"/>
</kw>
<test id="s1-s19-t1" name="Check David Record Present in Person table" line="31">
<status status="FAIL" starttime="20220901 10:39:30.554" endtime="20220901 10:39:30.559">Parent suite setup failed:
No keyword with name 'Connect To Database' found.

Also parent suite teardown failed:
No keyword with name 'Disconnect From Database' found.</status>
</test>
<test id="s1-s19-t2" name="Check Jio Record Not Present in Person Table" line="34">
<status status="FAIL" starttime="20220901 10:39:30.559" endtime="20220901 10:39:30.559">Parent suite setup failed:
No keyword with name 'Connect To Database' found.

Also parent suite teardown failed:
No keyword with name 'Disconnect From Database' found.</status>
</test>
<test id="s1-s19-t3" name="Check Person Table Exist in mysql Database" line="37">
<status status="FAIL" starttime="20220901 10:39:30.561" endtime="20220901 10:39:30.562">Parent suite setup failed:
No keyword with name 'Connect To Database' found.

Also parent suite teardown failed:
No keyword with name 'Disconnect From Database' found.</status>
</test>
<test id="s1-s19-t4" name="Verify Row Count is Zero" line="40">
<status status="FAIL" starttime="20220901 10:39:30.562" endtime="20220901 10:39:30.564">Parent suite setup failed:
No keyword with name 'Connect To Database' found.

Also parent suite teardown failed:
No keyword with name 'Disconnect From Database' found.</status>
</test>
<test id="s1-s19-t5" name="Verify Row Count is Equal to Some Value" line="43">
<status status="FAIL" starttime="20220901 10:39:30.564" endtime="20220901 10:39:30.565">Parent suite setup failed:
No keyword with name 'Connect To Database' found.

Also parent suite teardown failed:
No keyword with name 'Disconnect From Database' found.</status>
</test>
<test id="s1-s19-t6" name="Verify Row Count is Greater than Some Value" line="46">
<status status="FAIL" starttime="20220901 10:39:30.566" endtime="20220901 10:39:30.567">Parent suite setup failed:
No keyword with name 'Connect To Database' found.

Also parent suite teardown failed:
No keyword with name 'Disconnect From Database' found.</status>
</test>
<test id="s1-s19-t7" name="Verify Row Count is Less than Some Value" line="49">
<status status="FAIL" starttime="20220901 10:39:30.568" endtime="20220901 10:39:30.569">Parent suite setup failed:
No keyword with name 'Connect To Database' found.

Also parent suite teardown failed:
No keyword with name 'Disconnect From Database' found.</status>
</test>
<test id="s1-s19-t8" name="Update Record in Person Table" line="52">
<status status="FAIL" starttime="20220901 10:39:30.569" endtime="20220901 10:39:30.571">Parent suite setup failed:
No keyword with name 'Connect To Database' found.

Also parent suite teardown failed:
No keyword with name 'Disconnect From Database' found.</status>
</test>
<test id="s1-s19-t9" name="Retrieve Records from Person Table" line="57">
<status status="FAIL" starttime="20220901 10:39:30.571" endtime="20220901 10:39:30.572">Parent suite setup failed:
No keyword with name 'Connect To Database' found.

Also parent suite teardown failed:
No keyword with name 'Disconnect From Database' found.</status>
</test>
<test id="s1-s19-t10" name="Delete Records from Person Table" line="61">
<status status="FAIL" starttime="20220901 10:39:30.573" endtime="20220901 10:39:30.575">Parent suite setup failed:
No keyword with name 'Connect To Database' found.

Also parent suite teardown failed:
No keyword with name 'Disconnect From Database' found.</status>
</test>
<kw name="Disconnect From Database" type="TEARDOWN">
<msg timestamp="20220901 10:39:30.583" level="FAIL">No keyword with name 'Disconnect From Database' found.</msg>
<status status="FAIL" starttime="20220901 10:39:30.583" endtime="20220901 10:39:30.583">No keyword with name 'Disconnect From Database' found.</status>
</kw>
<status status="FAIL" starttime="20220901 10:39:30.517" endtime="20220901 10:39:30.583">Suite setup failed:
No keyword with name 'Connect To Database' found.

Also suite teardown failed:
No keyword with name 'Disconnect From Database' found.</status>
</suite>
<suite id="s1-s20" name="CloseAll" source="C:\Users\Saurabh\PycharmProjects\Automation\TestCases\CloseAll.robot">
<test id="s1-s20-t1" name="MyTestCase" line="6">
<kw name="Open Browser" library="SeleniumLibrary">
<arg>http://demowebshop.tricentis.com/register</arg>
<arg>Firefox</arg>
<doc>Opens a new browser instance to the optional ``url``.</doc>
<msg timestamp="20220901 10:36:25.909" level="INFO">Opening browser 'Firefox' to base url 'http://demowebshop.tricentis.com/register'.</msg>
<msg timestamp="20220901 10:36:25.912" level="INFO">Firefox driver log is always forced to to: C:\Users\Saurabh\PycharmProjects\Automation\Results\pabot_results\2\geckodriver-1.log</msg>
<status status="PASS" starttime="20220901 10:36:25.909" endtime="20220901 10:36:35.366"/>
</kw>
<kw name="Maximize Browser Window" library="SeleniumLibrary">
<doc>Maximizes current browser window.</doc>
<status status="PASS" starttime="20220901 10:36:35.366" endtime="20220901 10:36:35.369"/>
</kw>
<kw name="Open Browser" library="SeleniumLibrary">
<arg>http://automationpractice.com/index.php</arg>
<arg>Firefox</arg>
<doc>Opens a new browser instance to the optional ``url``.</doc>
<msg timestamp="20220901 10:36:35.370" level="INFO">Opening browser 'Firefox' to base url 'http://automationpractice.com/index.php'.</msg>
<msg timestamp="20220901 10:36:35.371" level="INFO">Firefox driver log is always forced to to: C:\Users\Saurabh\PycharmProjects\Automation\Results\pabot_results\2\geckodriver-2.log</msg>
<status status="PASS" starttime="20220901 10:36:35.369" endtime="20220901 10:36:58.964"/>
</kw>
<kw name="Maximize Browser Window" library="SeleniumLibrary">
<doc>Maximizes current browser window.</doc>
<status status="PASS" starttime="20220901 10:36:58.964" endtime="20220901 10:36:58.976"/>
</kw>
[...]
</kw>
<status status="PASS" starttime="20220901 10:37:19.751" endtime="20220901 10:37:19.830"/>
</iter>
<iter>
<var name="${i}">2</var>
<kw name="Get Text" library="SeleniumLibrary">
<var>${Linktext}</var>
<arg>(//a)[${i}]</arg>
<doc>Returns the text value of the element identified by ``locator``.</doc>
<msg timestamp="20220901 10:37:19.845" level="INFO">${Linktext} = Flights</msg>
<status status="PASS" starttime="20220901 10:37:19.831" endtime="20220901 10:37:19.845"/>
</kw>
<kw name="Log To Console" library="BuiltIn">
<arg>${Linktext}</arg>
<doc>Logs the given message to the console.</doc>
<status status="PASS" starttime="20220901 10:37:19.846" endtime="20220901 10:37:19.846"/>
</kw>
<status status="PASS" starttime="20220901 10:37:19.830" endtime="20220901 10:37:19.846"/>
</iter>
<iter>
<var name="${i}">3</var>
<kw name="Get Text" library="SeleniumLibrary">
<var>${Linktext}</var>
<arg>(//a)[${i}]</arg>
<doc>Returns the text value of the element identified by ``locator``.</doc>
<msg timestamp="20220901 10:37:19.860" level="INFO">${Linktext} = Hotels</msg>
<status status="PASS" starttime="20220901 10:37:19.847" endtime="20220901 10:37:19.860"/>
</kw>
<kw name="Log To Console" library="BuiltIn">
<arg>${Linktext}</arg>
<doc>Logs the given message to the console.</doc>
<status status="PASS" starttime="20220901 10:37:19.860" endtime="20220901 10:37:19.861"/>
</kw>
<status status="PASS" starttime="20220901 10:37:19.847" endtime="20220901 10:37:19.861"/>
</iter>
<iter>
<var name="${i}">4</var>
<kw name="Get Text" library="SeleniumLibrary">
<var>${Linktext}</var>
<arg>(//a)[${i}]</arg>
<doc>Returns the text value of the element identified by ``locator``.</doc>
<msg timestamp="20220901 10:37:19.877" level="INFO">${Linktext} = Car Rentals</msg>
<status status="PASS" starttime="20220901 10:37:19.862" endtime="20220901 10:37:19.877"/>
</kw>
<kw name="Log To Console" library="BuiltIn">
<arg>${Linktext}</arg>
<doc>Logs the given message to the console.</doc>
<status status="PASS" starttime="20220901 10:37:19.877" endtime="20220901 10:37:19.877"/>
</kw>
<status status="PASS" starttime="20220901 10:37:19.861" endtime="20220901 10:37:19.877"/>
</iter>
<iter>
<var name="${i}">5</var>
<kw name="Get Text" library="SeleniumLibrary">
<var>${Linktext}</var>
<arg>(//a)[${i}]</arg>
<doc>Returns the text value of the element identified by ``locator``.</doc>
<msg timestamp="20220901 10:37:19.890" level="INFO">${Linktext} = Cruises</msg>
<status status="PASS" starttime="20220901 10:37:19.878" endtime="20220901 10:37:19.891"/>
</kw>
<kw name="Log To Console" library="BuiltIn">
<arg>${Linktext}</arg>
<doc>Logs the given message to the console.</doc>
<status status="PASS" starttime="20220901 10:37:19.891" endtime="20220901 10:37:19.892"/>
</kw>
<status status="PASS" starttime="20220901 10:37:19.878" endtime="20220901 10:37:19.893"/>
</iter>
<iter>
<var name="${i}">6</var>
<kw name="Get Text" library="SeleniumLibrary">
<var>${Linktext}</var>
<arg>(//a)[${i}]</arg>
<doc>Returns the text value of the element identified by ``locator``.</doc>
<msg timestamp="20220901 10:37:19.907" level="INFO">${Linktext} = Destinations</msg>
<status status="PASS" starttime="20220901 10:37:19.893" endtime="20220901 10:37:19.907"/>
</kw>
<kw name="Log To Console" library="BuiltIn">
<arg>${Linktext}</arg>
<doc>Logs the given message to the console.</doc>
<status status="PASS" starttime="20220901 10:37:19.907" endtime="20220901 10:37:19.908"/>
</kw>
<status status="PASS" starttime="20220901 10:37:19.893" endtime="20220901 10:37:19.908"/>
</iter>
<iter>
<var name="${i}">7</var>
<kw name="Get Text" library="SeleniumLibrary">
<var>${Linktext}</var>
<arg>(//a)[${i}]</arg>
<doc>Returns the text value of the element identified by ``locator``.</doc>
<msg timestamp="20220901 10:37:19.920" level="INFO">${Linktext} = Vacations</msg>
<status status="PASS" starttime="20220901 10:37:19.909" endtime="20220901 10:37:19.920"/>
</kw>
<kw name="Log To Console" library="BuiltIn">
<arg>${Linktext}</arg>
<doc>Logs the given message to the console.</doc>
<status status="PASS" starttime="20220901 10:37:19.920" endtime="20220901 10:37:19.921"/>
</kw>
<status status="PASS" starttime="20220901 10:37:19.908" endtime="20220901 10:37:19.921"/>
</iter>
<iter>
<var name="${i}">8</var>
<kw name="Get Text" library="SeleniumLibrary">
<var>${Linktext}</var>
<arg>(//a)[${i}]</arg>
<doc>Returns the text value of the element identified by ``locator``.</doc>
<msg timestamp="20220901 10:37:19.933" level="INFO">${Linktext} = SIGN-ON</msg>
<status status="PASS" starttime="20220901 10:37:19.922" endtime="20220901 10:37:19.933"/>
</kw>
<kw name="Log To Console" library="BuiltIn">
<arg>${Linktext}</arg>
<doc>Logs the given message to the console.</doc>
<status status="PASS" starttime="20220901 10:37:19.934" endtime="20220901 10:37:19.934"/>
</kw>
<status status="PASS" starttime="20220901 10:37:19.921" endtime="20220901 10:37:19.934"/>
</iter>
<iter>
<var name="${i}">9</var>
<kw name="Get Text" library="SeleniumLibrary">
<var>${Linktext}</var>
<arg>(//a)[${i}]</arg>
<doc>Returns the text value of the element identified by ``locator``.</doc>
<msg timestamp="20220901 10:37:19.948" level="INFO">${Linktext} = REGISTER</msg>
<status status="PASS" starttime="20220901 10:37:19.936" endtime="20220901 10:37:19.948"/>
</kw>
<kw name="Log To Console" library="BuiltIn">
<arg>${Linktext}</arg>
<doc>Logs the given message to the console.</doc>
<status status="PASS" starttime="20220901 10:37:19.948" endtime="20220901 10:37:19.949"/>
</kw>
<status status="PASS" starttime="20220901 10:37:19.936" endtime="20220901 10:37:19.949"/>
</iter>
<iter>
<var name="${i}">10</var>
<kw name="Get Text" library="SeleniumLibrary">
<var>${Linktext}</var>
<arg>(//a)[${i}]</arg>
<doc>Returns the text value of the element identified by ``locator``.</doc>
<msg timestamp="20220901 10:37:19.964" level="INFO">${Linktext} = SUPPORT</msg>
<status status="PASS" starttime="20220901 10:37:19.950" endtime="20220901 10:37:19.964"/>
</kw>
<kw name="Log To Console" library="BuiltIn">
<arg>${Linktext}</arg>
<doc>Logs the given message to the console.</doc>
<status status="PASS" starttime="20220901 10:37:19.964" endtime="20220901 10:37:19.964"/>
</kw>
<status status="PASS" starttime="20220901 10:37:19.950" endtime="20220901 10:37:19.964"/>
</iter>
<iter>
<var name="${i}">11</var>
<kw name="Get Text" library="SeleniumLibrary">
<var>${Linktext}</var>
<arg>(//a)[${i}]</arg>
<doc>Returns the text value of the element identified by ``locator``.</doc>
<msg timestamp="20220901 10:37:19.979" level="INFO">${Linktext} = CONTACT</msg>
<status status="PASS" starttime="20220901 10:37:19.965" endtime="20220901 10:37:19.979"/>
</kw>
<kw name="Log To Console" library="BuiltIn">
<arg>${Linktext}</arg>
<doc>Logs the given message to the console.</doc>
<status status="PASS" starttime="20220901 10:37:19.979" endtime="20220901 10:37:19.980"/>
</kw>
<status status="PASS" starttime="20220901 10:37:19.965" endtime="20220901 10:37:19.980"/>
</iter>
<iter>
<var name="${i}">12</var>
<kw name="Get Text" library="SeleniumLibrary">
<var>${Linktext}</var>
<arg>(//a)[${i}]</arg>
<doc>Returns the text value of the element identified by ``locator``.</doc>
<msg timestamp="20220901 10:37:19.997" level="INFO">${Linktext} = your destination</msg>
<status status="PASS" starttime="20220901 10:37:19.981" endtime="20220901 10:37:19.997"/>
</kw>
<kw name="Log To Console" library="BuiltIn">
<arg>${Linktext}</arg>
<doc>Logs the given message to the console.</doc>
<status status="PASS" starttime="20220901 10:37:19.997" endtime="20220901 10:37:19.998"/>
</kw>
<status status="PASS" starttime="20220901 10:37:19.980" endtime="20220901 10:37:19.998"/>
</iter>
<iter>
<var name="${i}">13</var>
<kw name="Get Text" library="SeleniumLibrary">
<var>${Linktext}</var>
<arg>(//a)[${i}]</arg>
<doc>Returns the text value of the element identified by ``locator``.</doc>
<msg timestamp="20220901 10:37:20.026" level="INFO">${Linktext} = featured vacation destinations</msg>
<status status="PASS" starttime="20220901 10:37:19.999" endtime="20220901 10:37:20.026"/>
</kw>
<kw name="Log To Console" library="BuiltIn">
<arg>${Linktext}</arg>
<doc>Logs the given message to the console.</doc>
<status status="PASS" starttime="20220901 10:37:20.026" endtime="20220901 10:37:20.027"/>
</kw>
<status status="PASS" starttime="20220901 10:37:19.998" endtime="20220901 10:37:20.027"/>
</iter>
<iter>
<var name="${i}">14</var>
<kw name="Get Text" library="SeleniumLibrary">
<var>${Linktext}</var>
<arg>(//a)[${i}]</arg>
<doc>Returns the text value of the element identified by ``locator``.</doc>
<msg timestamp="20220901 10:37:20.048" level="INFO">${Linktext} = Register here</msg>
<status status="PASS" starttime="20220901 10:37:20.028" endtime="20220901 10:37:20.048"/>
</kw>
<kw name="Log To Console" library="BuiltIn">
<arg>${Linktext}</arg>
<doc>Logs the given message to the console.</doc>
<status status="PASS" starttime="20220901 10:37:20.048" endtime="20220901 10:37:20.048"/>
</kw>
<status status="PASS" starttime="20220901 10:37:20.028" endtime="20220901 10:37:20.048"/>
</iter>
<iter>
<var name="${i}">15</var>
<kw name="Get Text" library="SeleniumLibrary">
<var>${Linktext}</var>
<arg>(//a)[${i}]</arg>
<doc>Returns the text value of the element identified by ``locator``.</doc>
<msg timestamp="20220901 10:37:20.074" level="INFO">${Linktext} = Business Travel @ About.com</msg>
<status status="PASS" starttime="20220901 10:37:20.049" endtime="20220901 10:37:20.074"/>
</kw>
<kw name="Log To Console" library="BuiltIn">
<arg>${Linktext}</arg>
<doc>Logs the given message to the console.</doc>
<status status="PASS" starttime="20220901 10:37:20.075" endtime="20220901 10:37:20.075"/>
</kw>
<status status="PASS" starttime="20220901 10:37:20.048" endtime="20220901 10:37:20.075"/>
</iter>
<iter>
<var name="${i}">16</var>
<kw name="Get Text" library="SeleniumLibrary">
<var>${Linktext}</var>
<arg>(//a)[${i}]</arg>
<doc>Returns the text value of the element identified by ``locator``.</doc>
<msg timestamp="20220901 10:37:20.088" level="INFO">${Linktext} = Salon Travel</msg>
<status status="PASS" starttime="20220901 10:37:20.076" endtime="20220901 10:37:20.088"/>
</kw>
<kw name="Log To Console" library="BuiltIn">
<arg>${Linktext}</arg>
<doc>Logs the given message to the console.</doc>
<status status="PASS" starttime="20220901 10:37:20.088" endtime="20220901 10:37:20.089"/>
</kw>
<status status="PASS" starttime="20220901 10:37:20.076" endtime="20220901 10:37:20.089"/>
</iter>
<status status="PASS" starttime="20220901 10:37:19.751" endtime="20220901 10:37:20.089"/>
</for>
<status status="PASS" starttime="20220901 10:37:10.877" endtime="20220901 10:37:20.090"/>
</test>
<status status="PASS" starttime="20220901 10:37:10.623" endtime="20220901 10:37:20.092"/>
</suite>
<suite id="s1-s27" name="ImplicitWaitTest" source="C:\Users\Saurabh\PycharmProjects\Automation\TestCases\ImplicitWaitTest.robot">
<test id="s1-s27-t1" name="RegTest" line="7">
<kw name="Open Browser" library="SeleniumLibrary">
<arg>http://demowebshop.tricentis.com/register</arg>
<arg>Firefox</arg>
<doc>Opens a new browser instance to the optional ``url``.</doc>
<msg timestamp="20220901 10:37:21.102" level="INFO">Opening browser 'Firefox' to base url 'http://demowebshop.tricentis.com/register'.</msg>
<msg timestamp="20220901 10:37:21.104" level="INFO">Firefox driver log is always forced to to: C:\Users\Saurabh\PycharmProjects\Automation\Results\pabot_results\9\geckodriver-1.log</msg>
<status status="PASS" starttime="20220901 10:37:21.102" endtime="20220901 10:37:29.673"/>
</kw>
<kw name="Maximize Browser Window" library="SeleniumLibrary">
<doc>Maximizes current browser window.</doc>
<status status="PASS" starttime="20220901 10:37:29.678" endtime="20220901 10:37:29.697"/>
</kw>
<kw name="Get Selenium Implicit Wait" library="SeleniumLibrary">
<var>${ImplicitTime}</var>
<doc>Gets the implicit wait value used by Selenium.</doc>
<msg timestamp="20220901 10:37:29.699" level="INFO">${ImplicitTime} = 0 seconds</msg>
<status status="PASS" starttime="20220901 10:37:29.698" endtime="20220901 10:37:29.699"/>
</kw>
<kw name="Log To Console" library="BuiltIn">
<arg>${ImplicitTime}</arg>
<doc>Logs the given message to the console.</doc>
<status status="PASS" starttime="20220901 10:37:29.699" endtime="20220901 10:37:29.699"/>
</kw>
<kw name="Set Selenium Implicit Wait" library="SeleniumLibrary">
<arg>10</arg>
<doc>Sets the implicit wait value used by Selenium.</doc>
<status status="PASS" starttime="20220901 10:37:29.699" endtime="20220901 10:37:29.719"/>
</kw>
<kw name="Get Selenium Implicit Wait" library="SeleniumLibrary">
<var>${ImplicitTime}</var>
<doc>Gets the implicit wait value used by Selenium.</doc>
<msg timestamp="20220901 10:37:29.721" level="INFO">${ImplicitTime} = 10 seconds</msg>
<status status="PASS" starttime="20220901 10:37:29.719" endtime="20220901 10:37:29.722"/>
</kw>
<kw name="Log To Console" library="BuiltIn">
<arg>${ImplicitTime}</arg>
<doc>Logs the given message to the console.</doc>
<status status="PASS" starttime="20220901 10:37:29.722" endtime="20220901 10:37:29.722"/>
</kw>
<kw name="Select Radio Button" library="SeleniumLibrary">
<arg>Gender</arg>
<arg>M</arg>
<doc>Sets the radio button group ``group_name`` to ``value``.</doc>
<msg timestamp="20220901 10:37:29.727" level="INFO">Selecting 'M' from radio button 'Gender'.</msg>
<status status="PASS" starttime="20220901 10:37:29.727" endtime="20220901 10:37:30.050"/>
</kw>
<kw name="Input Text" library="SeleniumLibrary">
<arg>name:FirstName1</arg>
<arg>David</arg>
<doc>Types the given ``text`` into the text field identified by ``locator``.</doc>
<msg timestamp="20220901 10:37:30.051" level="INFO">Typing text 'David' into text field 'name:FirstName1'.</msg>
<msg timestamp="20220901 10:37:40.231" level="INFO" html="true">&lt;/td&gt;&lt;/tr&gt;&lt;tr&gt;&lt;td colspan="3"&gt;&lt;a href="9-selenium-screenshot-1.png"&gt;&lt;img src="9-selenium-screenshot-1.png" width="800px"&gt;&lt;/a&gt;</msg>
<msg timestamp="20220901 10:37:40.232" level="FAIL">Element with locator 'name:FirstName1' not found.</msg>
<status status="FAIL" starttime="20220901 10:37:30.051" endtime="20220901 10:37:40.238"/>
</kw>
<kw name="Input Text" library="SeleniumLibrary">
<arg>name:LastName</arg>
<arg>John</arg>
<doc>Types the given ``text`` into the text field identified by ``locator``.</doc>
<status status="NOT RUN" starttime="20220901 10:37:40.238" endtime="20220901 10:37:40.239"/>
</kw>
<kw name="Input Text" library="SeleniumLibrary">
<arg>name:Email</arg>
<arg>anhc@gmail.com</arg>
<doc>Types the given ``text`` into the text field identified by ``locator``.</doc>
<status status="NOT RUN" starttime="20220901 10:37:40.239" endtime="20220901 10:37:40.239"/>
</kw>
<kw name="Input Text" library="SeleniumLibrary">
<arg>name:Password</arg>
<arg>davidjohn</arg>
<doc>Types the given ``text`` into the text field identified by ``locator``.</doc>
<status status="NOT RUN" starttime="20220901 10:37:40.239" endtime="20220901 10:37:40.240"/>
</kw>
<kw name="Input Text" library="SeleniumLibrary">
<arg>name:ConfirmPassword</arg>
<arg>davidjohn</arg>
<doc>Types the given ``text`` into the text field identified by ``locator``.</doc>
<status status="NOT RUN" starttime="20220901 10:37:40.241" endtime="20220901 10:37:40.242"/>
</kw>
<status status="FAIL" starttime="20220901 10:37:21.102" endtime="20220901 10:37:40.243">Element with locator 'name:FirstName1' not found.</status>
</test>
<status status="FAIL" starttime="20220901 10:37:20.924" endtime="20220901 10:37:40.244"/>
</suite>
<doc>[https://pabot.org/?ref=log|Pabot] result from 27 executions.</doc>
<status status="FAIL" starttime="20220901 10:36:14.560" endtime="20220901 10:39:30.585"/>
</suite>
<statistics>
<total>
<stat pass="25" fail="21" skip="0">All Tests</stat>
</total>
<tag>
<stat pass="2" fail="0" skip="0">Regression</stat>
<stat pass="2" fail="0" skip="0">Sanity</stat>
</tag>
<suite>
<stat pass="25" fail="21" skip="0" id="s1" name="Suites">Suites</stat>
<stat pass="1" fail="0" skip="0" id="s1-s1" name="Alert">Suites.Alert</stat>
<stat pass="1" fail="0" skip="0" id="s1-s2" name="Inputbox">Suites.Inputbox</stat>
<stat pass="0" fail="1" skip="0" id="s1-s3" name="LoginTest">Suites.LoginTest</stat>
<stat pass="1" fail="0" skip="0" id="s1-s4" name="MouseOperations">Suites.MouseOperations</stat>
<stat pass="1" fail="0" skip="0" id="s1-s5" name="NavigationKeyword">Suites.NavigationKeyword</stat>
<stat pass="0" fail="1" skip="0" id="s1-s6" name="Radiobuttons">Suites.Radiobuttons</stat>
<stat pass="1" fail="0" skip="0" id="s1-s7" name="RegistrationTest">Suites.RegistrationTest</stat>
<stat pass="1" fail="0" skip="0" id="s1-s8" name="ScrollingPage">Suites.ScrollingPage</stat>
<stat pass="4" fail="0" skip="0" id="s1-s9" name="SetupandTeardown">Suites.SetupandTeardown</stat>
<stat pass="1" fail="0" skip="0" id="s1-s10" name="Speedtests">Suites.Speedtests</stat>
<stat pass="0" fail="1" skip="0" id="s1-s11" name="SwitchMultipleBrowser">Suites.SwitchMultipleBrowser</stat>
<stat pass="1" fail="0" skip="0" id="s1-s12" name="Capturescreen">Suites.Capturescreen</stat>
<stat pass="1" fail="0" skip="0" id="s1-s13" name="TC1">Suites.TC1</stat>
<stat pass="0" fail="1" skip="0" id="s1-s14" name="Tabbedwindows">Suites.Tabbedwindows</stat>
<stat pass="1" fail="0" skip="0" id="s1-s15" name="TableDemo">Suites.TableDemo</stat>
<stat pass="4" fail="0" skip="0" id="s1-s16" name="Tagging">Suites.Tagging</stat>
<stat pass="0" fail="1" skip="0" id="s1-s17" name="TimeOutTests">Suites.TimeOutTests</stat>
<stat pass="1" fail="0" skip="0" id="s1-s18" name="UserKeywords">Suites.UserKeywords</stat>
<stat pass="0" fail="10" skip="0" id="s1-s19" name="DBTesting">Suites.DBTesting</stat>
<stat pass="1" fail="0" skip="0" id="s1-s20" name="CloseAll">Suites.CloseAll</stat>
<stat pass="2" fail="3" skip="0" id="s1-s21" name="DDT1">Suites.DDT1</stat>
<stat pass="0" fail="1" skip="0" id="s1-s22" name="DDT2 Excel">Suites.DDT2 Excel</stat>
<stat pass="0" fail="1" skip="0" id="s1-s23" name="Dropdowns">Suites.Dropdowns</stat>
<stat pass="1" fail="0" skip="0" id="s1-s24" name="ForLoopDemo">Suites.ForLoopDemo</stat>
<stat pass="1" fail="0" skip="0" id="s1-s25" name="Frames">Suites.Frames</stat>
<stat pass="1" fail="0" skip="0" id="s1-s26" name="GetallLinks">Suites.GetallLinks</stat>
<stat pass="0" fail="1" skip="0" id="s1-s27" name="ImplicitWaitTest">Suites.ImplicitWaitTest</stat>
</suite>
</statistics>
<errors>
<msg timestamp="20220901 10:39:30.517" level="ERROR">Error in file 'C:\Users\Saurabh\PycharmProjects\Automation\TestCases\DBTesting.robot' on line 2: Importing library 'DatabaseLibrary' failed: ModuleNotFoundError: No module named 'DatabaseLibrary'
Traceback (most recent call last):
  None
PYTHONPATH:
  C:\Users\Saurabh\AppData\Local\Programs\Python\Python310\Scripts\robot.exe
  C:\Users\Saurabh\AppData\Local\Programs\Python\Python310\python310.zip
  C:\Users\Saurabh\AppData\Local\Programs\Python\Python310\DLLs
  C:\Users\Saurabh\AppData\Local\Programs\Python\Python310\lib
  C:\Users\Saurabh\AppData\Local\Programs\Python\Python310
  C:\Users\Saurabh\AppData\Local\Programs\Python\Python310\lib\site-packages</msg>
<msg timestamp="20220901 10:36:47.190" level="ERROR">Error in file 'C:\Users\Saurabh\PycharmProjects\Automation\TestCases\DDT2_Excel.robot' on line 5: Importing library 'DataDriver' failed: ModuleNotFoundError: No module named 'DataDriver'
Traceback (most recent call last):
  None
PYTHONPATH:
  C:\Users\Saurabh\AppData\Local\Programs\Python\Python310\Scripts\robot.exe
  C:\Users\Saurabh\AppData\Local\Programs\Python\Python310\python310.zip
  C:\Users\Saurabh\AppData\Local\Programs\Python\Python310\DLLs
  C:\Users\Saurabh\AppData\Local\Programs\Python\Python310\lib
  C:\Users\Saurabh\AppData\Local\Programs\Python\Python310
  C:\Users\Saurabh\AppData\Local\Programs\Python\Python310\lib\site-packages</msg>
</errors>
</robot>
