<?xml version="1.0" encoding="UTF-8"?>
<robot generator="Robot 5.0.1 (Python 3.10.6 on win32)" generated="20220823 11:42:44.022" rpa="false" schemaversion="3">
<suite id="s1" name="Suites">
<suite id="s1-s1" name="TC1" source="C:\Users\Saurabh\PycharmProjects\Automation\TestCases\TC1.robot">
<test id="s1-s1-t1" name="LoginTest" line="12">
<kw name="Open Browser" library="SeleniumLibrary">
<arg>${url}</arg>
<arg>${browser}</arg>
<doc>Opens a new browser instance to the optional ``url``.</doc>
<msg timestamp="20220823 11:42:44.317" level="INFO">Opening browser 'chrome' to base url 'https://demo.nopcommerce.com/'.</msg>
<status status="PASS" starttime="20220823 11:42:44.317" endtime="20220823 11:42:46.685"/>
</kw>
<kw name="loginToApplication">
<kw name="Click Link" library="SeleniumLibrary">
<arg>//a[normalize-space()='Log in']</arg>
<doc>Clicks a link identified by ``locator``.</doc>
<msg timestamp="20220823 11:42:46.686" level="INFO">Clicking link '//a[normalize-space()='Log in']'.</msg>
<status status="PASS" starttime="20220823 11:42:46.686" endtime="20220823 11:42:47.308"/>
</kw>
<kw name="Input Text" library="SeleniumLibrary">
<arg>id:Email</arg>
<arg>pavanoltraining@gmail.com</arg>
<doc>Types the given ``text`` into the text field identified by ``locator``.</doc>
<msg timestamp="20220823 11:42:47.309" level="INFO">Typing text 'pavanoltraining@gmail.com' into text field 'id:Email'.</msg>
<status status="PASS" starttime="20220823 11:42:47.308" endtime="20220823 11:42:47.431"/>
</kw>
<kw name="Input Text" library="SeleniumLibrary">
<arg>id:Password</arg>
<arg>test123</arg>
<doc>Types the given ``text`` into the text field identified by ``locator``.</doc>
<msg timestamp="20220823 11:42:47.432" level="INFO">Typing text 'test123' into text field 'id:Password'.</msg>
<status status="PASS" starttime="20220823 11:42:47.431" endtime="20220823 11:42:47.541"/>
</kw>
<kw name="Click Element" library="SeleniumLibrary">
<arg>//button[normalize-space()='Log in']</arg>
<doc>Click the element identified by ``locator``.</doc>
<msg timestamp="20220823 11:42:47.541" level="INFO">Clicking element '//button[normalize-space()='Log in']'.</msg>
<status status="PASS" starttime="20220823 11:42:47.541" endtime="20220823 11:42:48.104"/>
</kw>
<status status="PASS" starttime="20220823 11:42:46.685" endtime="20220823 11:42:48.104"/>
</kw>
<kw name="Close Browser" library="SeleniumLibrary">
<doc>Closes the current browser.</doc>
<status status="PASS" starttime="20220823 11:42:48.105" endtime="20220823 11:42:50.326"/>
</kw>
<status status="PASS" starttime="20220823 11:42:44.316" endtime="20220823 11:42:50.326"/>
</test>
<status status="PASS" starttime="20220823 11:42:44.054" endtime="20220823 11:42:50.326"/>
</suite>
<status status="PASS" starttime="20220823 11:42:44.035" endtime="20220823 11:42:50.326"/>
</suite>
<statistics>
<total>
<stat pass="1" fail="0" skip="0">All Tests</stat>
</total>
<tag>
</tag>
<suite>
<stat pass="1" fail="0" skip="0" id="s1" name="Suites">Suites</stat>
<stat pass="1" fail="0" skip="0" id="s1-s1" name="TC1">Suites.TC1</stat>
</suite>
</statistics>
<errors>
</errors>
</robot>
